[2025-06-25 08:58:19] [INFO ] org.springframework.test.context.support.DefaultTestContextBootstrapper - Loaded default TestExecutionListener class names from location [META-INF/spring.factories]: [org.springframework.test.context.web.ServletTestExecutionListener, org.springframework.test.context.support.DirtiesContextBeforeModesTestExecutionListener, org.springframework.test.context.event.ApplicationEventsTestExecutionListener, org.springframework.test.context.support.DependencyInjectionTestExecutionListener, org.springframework.test.context.support.DirtiesContextTestExecutionListener, org.springframework.test.context.transaction.TransactionalTestExecutionListener, org.springframework.test.context.jdbc.SqlScriptsTestExecutionListener, org.springframework.test.context.event.EventPublishingTestExecutionListener]
[2025-06-25 08:58:19] [INFO ] org.springframework.test.context.support.DefaultTestContextBootstrapper - Using TestExecutionListeners: [org.springframework.test.context.web.ServletTestExecutionListener@27adc16e, org.springframework.test.context.support.DirtiesContextBeforeModesTestExecutionListener@b83a9be, org.springframework.test.context.event.ApplicationEventsTestExecutionListener@2609b277, org.springframework.test.context.support.DependencyInjectionTestExecutionListener@1fd14d74, org.springframework.test.context.support.DirtiesContextTestExecutionListener@563e4951, org.springframework.test.context.transaction.TransactionalTestExecutionListener@4066c471, org.springframework.test.context.jdbc.SqlScriptsTestExecutionListener@2b175c00, org.springframework.test.context.event.EventPublishingTestExecutionListener@3eb81efb]
[2025-06-25 08:58:20] [ERROR] org.springframework.test.context.TestContextManager - Caught exception while allowing TestExecutionListener [org.springframework.test.context.support.DependencyInjectionTestExecutionListener@1fd14d74] to prepare test instance [com.pcwk.ehr.member.MemberTest@6014a9ba]
org.springframework.beans.factory.UnsatisfiedDependencyException: Error creating bean with name 'com.pcwk.ehr.member.MemberTest': Unsatisfied dependency expressed through field 'dao'; nested exception is org.springframework.beans.factory.NoUniqueBeanDefinitionException: No qualifying bean of type 'com.pcwk.ehr.member.dao.MemberDao' available: expected single matching bean but found 2: memberDaoImpl,memberDao
	at org.springframework.beans.factory.annotation.AutowiredAnnotationBeanPostProcessor$AutowiredFieldElement.resolveFieldValue(AutowiredAnnotationBeanPostProcessor.java:713) ~[spring-beans-5.3.37.jar:5.3.37]
	at org.springframework.beans.factory.annotation.AutowiredAnnotationBeanPostProcessor$AutowiredFieldElement.inject(AutowiredAnnotationBeanPostProcessor.java:693) ~[spring-beans-5.3.37.jar:5.3.37]
	at org.springframework.beans.factory.annotation.InjectionMetadata.inject(InjectionMetadata.java:119) ~[spring-beans-5.3.37.jar:5.3.37]
	at org.springframework.beans.factory.annotation.AutowiredAnnotationBeanPostProcessor.postProcessProperties(AutowiredAnnotationBeanPostProcessor.java:408) ~[spring-beans-5.3.37.jar:5.3.37]
	at org.springframework.beans.factory.support.AbstractAutowireCapableBeanFactory.populateBean(AbstractAutowireCapableBeanFactory.java:1431) ~[spring-beans-5.3.37.jar:5.3.37]
	at org.springframework.beans.factory.support.AbstractAutowireCapableBeanFactory.autowireBeanProperties(AbstractAutowireCapableBeanFactory.java:417) ~[spring-beans-5.3.37.jar:5.3.37]
	at org.springframework.test.context.support.DependencyInjectionTestExecutionListener.injectDependencies(DependencyInjectionTestExecutionListener.java:119) ~[spring-test-5.3.37.jar:5.3.37]
	at org.springframework.test.context.support.DependencyInjectionTestExecutionListener.prepareTestInstance(DependencyInjectionTestExecutionListener.java:83) ~[spring-test-5.3.37.jar:5.3.37]
	at org.springframework.test.context.TestContextManager.prepareTestInstance(TestContextManager.java:248) ~[spring-test-5.3.37.jar:5.3.37]
	at org.springframework.test.context.junit.jupiter.SpringExtension.postProcessTestInstance(SpringExtension.java:138) ~[spring-test-5.3.37.jar:5.3.37]
	at org.junit.jupiter.engine.descriptor.ClassBasedTestDescriptor.lambda$invokeTestInstancePostProcessors$11(ClassBasedTestDescriptor.java:378) ~[junit-jupiter-engine-5.11.0.jar:5.11.0]
	at org.junit.jupiter.engine.descriptor.ClassBasedTestDescriptor.executeAndMaskThrowable(ClassBasedTestDescriptor.java:383) ~[junit-jupiter-engine-5.11.0.jar:5.11.0]
	at org.junit.jupiter.engine.descriptor.ClassBasedTestDescriptor.lambda$invokeTestInstancePostProcessors$12(ClassBasedTestDescriptor.java:378) ~[junit-jupiter-engine-5.11.0.jar:5.11.0]
	at java.util.stream.ForEachOps$ForEachOp$OfRef.accept(Unknown Source) ~[?:1.8.0_202]
	at java.util.stream.ReferencePipeline$3$1.accept(Unknown Source) ~[?:1.8.0_202]
	at java.util.stream.ReferencePipeline$2$1.accept(Unknown Source) ~[?:1.8.0_202]
	at java.util.stream.ReferencePipeline$3$1.accept(Unknown Source) ~[?:1.8.0_202]
	at java.util.ArrayList$ArrayListSpliterator.forEachRemaining(Unknown Source) ~[?:1.8.0_202]
	at java.util.stream.AbstractPipeline.copyInto(Unknown Source) ~[?:1.8.0_202]
	at java.util.stream.AbstractPipeline.wrapAndCopyInto(Unknown Source) ~[?:1.8.0_202]
	at java.util.stream.ForEachOps$ForEachOp.evaluateSequential(Unknown Source) ~[?:1.8.0_202]
	at java.util.stream.ForEachOps$ForEachOp$OfRef.evaluateSequential(Unknown Source) ~[?:1.8.0_202]
	at java.util.stream.AbstractPipeline.evaluate(Unknown Source) ~[?:1.8.0_202]
	at java.util.stream.ReferencePipeline.forEach(Unknown Source) ~[?:1.8.0_202]
	at org.junit.jupiter.engine.descriptor.ClassBasedTestDescriptor.invokeTestInstancePostProcessors(ClassBasedTestDescriptor.java:377) ~[junit-jupiter-engine-5.11.0.jar:5.11.0]
	at org.junit.jupiter.engine.descriptor.ClassBasedTestDescriptor.lambda$instantiateAndPostProcessTestInstance$7(ClassBasedTestDescriptor.java:290) ~[junit-jupiter-engine-5.11.0.jar:5.11.0]
	at org.junit.platform.engine.support.hierarchical.ThrowableCollector.execute(ThrowableCollector.java:73) ~[junit-platform-engine-1.11.0.jar:1.11.0]
	at org.junit.jupiter.engine.descriptor.ClassBasedTestDescriptor.instantiateAndPostProcessTestInstance(ClassBasedTestDescriptor.java:289) ~[junit-jupiter-engine-5.11.0.jar:5.11.0]
	at org.junit.jupiter.engine.descriptor.ClassBasedTestDescriptor.lambda$testInstancesProvider$5(ClassBasedTestDescriptor.java:279) ~[junit-jupiter-engine-5.11.0.jar:5.11.0]
	at java.util.Optional.orElseGet(Unknown Source) ~[?:1.8.0_202]
	at org.junit.jupiter.engine.descriptor.ClassBasedTestDescriptor.lambda$testInstancesProvider$6(ClassBasedTestDescriptor.java:278) ~[junit-jupiter-engine-5.11.0.jar:5.11.0]
	at org.junit.jupiter.engine.execution.TestInstancesProvider.getTestInstances(TestInstancesProvider.java:31) ~[junit-jupiter-engine-5.11.0.jar:5.11.0]
	at org.junit.jupiter.engine.descriptor.TestMethodTestDescriptor.lambda$prepare$1(TestMethodTestDescriptor.java:105) ~[junit-jupiter-engine-5.11.0.jar:5.11.0]
	at org.junit.platform.engine.support.hierarchical.ThrowableCollector.execute(ThrowableCollector.java:73) ~[junit-platform-engine-1.11.0.jar:1.11.0]
	at org.junit.jupiter.engine.descriptor.TestMethodTestDescriptor.prepare(TestMethodTestDescriptor.java:104) ~[junit-jupiter-engine-5.11.0.jar:5.11.0]
	at org.junit.jupiter.engine.descriptor.TestMethodTestDescriptor.prepare(TestMethodTestDescriptor.java:68) ~[junit-jupiter-engine-5.11.0.jar:5.11.0]
	at org.junit.platform.engine.support.hierarchical.NodeTestTask.lambda$prepare$2(NodeTestTask.java:123) ~[junit-platform-engine-1.11.0.jar:1.11.0]
	at org.junit.platform.engine.support.hierarchical.ThrowableCollector.execute(ThrowableCollector.java:73) ~[junit-platform-engine-1.11.0.jar:1.11.0]
	at org.junit.platform.engine.support.hierarchical.NodeTestTask.prepare(NodeTestTask.java:123) ~[junit-platform-engine-1.11.0.jar:1.11.0]
	at org.junit.platform.engine.support.hierarchical.NodeTestTask.execute(NodeTestTask.java:90) ~[junit-platform-engine-1.11.0.jar:1.11.0]
	at java.util.ArrayList.forEach(Unknown Source) ~[?:1.8.0_202]
	at org.junit.platform.engine.support.hierarchical.SameThreadHierarchicalTestExecutorService.invokeAll(SameThreadHierarchicalTestExecutorService.java:41) ~[junit-platform-engine-1.11.0.jar:1.11.0]
	at org.junit.platform.engine.support.hierarchical.NodeTestTask.lambda$executeRecursively$6(NodeTestTask.java:155) ~[junit-platform-engine-1.11.0.jar:1.11.0]
	at org.junit.platform.engine.support.hierarchical.ThrowableCollector.execute(ThrowableCollector.java:73) ~[junit-platform-engine-1.11.0.jar:1.11.0]
	at org.junit.platform.engine.support.hierarchical.NodeTestTask.lambda$executeRecursively$8(NodeTestTask.java:141) ~[junit-platform-engine-1.11.0.jar:1.11.0]
	at org.junit.platform.engine.support.hierarchical.Node.around(Node.java:137) ~[junit-platform-engine-1.11.0.jar:1.11.0]
	at org.junit.platform.engine.support.hierarchical.NodeTestTask.lambda$executeRecursively$9(NodeTestTask.java:139) ~[junit-platform-engine-1.11.0.jar:1.11.0]
	at org.junit.platform.engine.support.hierarchical.ThrowableCollector.execute(ThrowableCollector.java:73) ~[junit-platform-engine-1.11.0.jar:1.11.0]
	at org.junit.platform.engine.support.hierarchical.NodeTestTask.executeRecursively(NodeTestTask.java:138) ~[junit-platform-engine-1.11.0.jar:1.11.0]
	at org.junit.platform.engine.support.hierarchical.NodeTestTask.execute(NodeTestTask.java:95) ~[junit-platform-engine-1.11.0.jar:1.11.0]
	at java.util.ArrayList.forEach(Unknown Source) ~[?:1.8.0_202]
	at org.junit.platform.engine.support.hierarchical.SameThreadHierarchicalTestExecutorService.invokeAll(SameThreadHierarchicalTestExecutorService.java:41) ~[junit-platform-engine-1.11.0.jar:1.11.0]
	at org.junit.platform.engine.support.hierarchical.NodeTestTask.lambda$executeRecursively$6(NodeTestTask.java:155) ~[junit-platform-engine-1.11.0.jar:1.11.0]
	at org.junit.platform.engine.support.hierarchical.ThrowableCollector.execute(ThrowableCollector.java:73) ~[junit-platform-engine-1.11.0.jar:1.11.0]
	at org.junit.platform.engine.support.hierarchical.NodeTestTask.lambda$executeRecursively$8(NodeTestTask.java:141) ~[junit-platform-engine-1.11.0.jar:1.11.0]
	at org.junit.platform.engine.support.hierarchical.Node.around(Node.java:137) ~[junit-platform-engine-1.11.0.jar:1.11.0]
	at org.junit.platform.engine.support.hierarchical.NodeTestTask.lambda$executeRecursively$9(NodeTestTask.java:139) ~[junit-platform-engine-1.11.0.jar:1.11.0]
	at org.junit.platform.engine.support.hierarchical.ThrowableCollector.execute(ThrowableCollector.java:73) ~[junit-platform-engine-1.11.0.jar:1.11.0]
	at org.junit.platform.engine.support.hierarchical.NodeTestTask.executeRecursively(NodeTestTask.java:138) ~[junit-platform-engine-1.11.0.jar:1.11.0]
	at org.junit.platform.engine.support.hierarchical.NodeTestTask.execute(NodeTestTask.java:95) ~[junit-platform-engine-1.11.0.jar:1.11.0]
	at org.junit.platform.engine.support.hierarchical.SameThreadHierarchicalTestExecutorService.submit(SameThreadHierarchicalTestExecutorService.java:35) ~[junit-platform-engine-1.11.0.jar:1.11.0]
	at org.junit.platform.engine.support.hierarchical.HierarchicalTestExecutor.execute(HierarchicalTestExecutor.java:57) ~[junit-platform-engine-1.11.0.jar:1.11.0]
	at org.junit.platform.engine.support.hierarchical.HierarchicalTestEngine.execute(HierarchicalTestEngine.java:54) ~[junit-platform-engine-1.11.0.jar:1.11.0]
	at org.junit.platform.launcher.core.EngineExecutionOrchestrator.execute(EngineExecutionOrchestrator.java:198) ~[junit-platform-launcher-1.11.0.jar:1.11.0]
	at org.junit.platform.launcher.core.EngineExecutionOrchestrator.execute(EngineExecutionOrchestrator.java:169) ~[junit-platform-launcher-1.11.0.jar:1.11.0]
	at org.junit.platform.launcher.core.EngineExecutionOrchestrator.execute(EngineExecutionOrchestrator.java:93) ~[junit-platform-launcher-1.11.0.jar:1.11.0]
	at org.junit.platform.launcher.core.EngineExecutionOrchestrator.lambda$execute$0(EngineExecutionOrchestrator.java:58) ~[junit-platform-launcher-1.11.0.jar:1.11.0]
	at org.junit.platform.launcher.core.EngineExecutionOrchestrator.withInterceptedStreams(EngineExecutionOrchestrator.java:141) [junit-platform-launcher-1.11.0.jar:1.11.0]
	at org.junit.platform.launcher.core.EngineExecutionOrchestrator.execute(EngineExecutionOrchestrator.java:57) [junit-platform-launcher-1.11.0.jar:1.11.0]
	at org.junit.platform.launcher.core.DefaultLauncher.execute(DefaultLauncher.java:103) [junit-platform-launcher-1.11.0.jar:1.11.0]
	at org.junit.platform.launcher.core.DefaultLauncher.execute(DefaultLauncher.java:94) [junit-platform-launcher-1.11.0.jar:1.11.0]
	at org.junit.platform.launcher.core.DelegatingLauncher.execute(DelegatingLauncher.java:52) [junit-platform-launcher-1.11.0.jar:1.11.0]
	at org.junit.platform.launcher.core.SessionPerRequestLauncher.execute(SessionPerRequestLauncher.java:70) [junit-platform-launcher-1.11.0.jar:1.11.0]
	at org.eclipse.jdt.internal.junit5.runner.JUnit5TestReference.run(JUnit5TestReference.java:98) [.cp/:?]
	at org.eclipse.jdt.internal.junit.runner.TestExecution.run(TestExecution.java:41) [.cp/:?]
	at org.eclipse.jdt.internal.junit.runner.RemoteTestRunner.runTests(RemoteTestRunner.java:542) [.cp/:?]
	at org.eclipse.jdt.internal.junit.runner.RemoteTestRunner.runTests(RemoteTestRunner.java:770) [.cp/:?]
	at org.eclipse.jdt.internal.junit.runner.RemoteTestRunner.run(RemoteTestRunner.java:464) [.cp/:?]
	at org.eclipse.jdt.internal.junit.runner.RemoteTestRunner.main(RemoteTestRunner.java:210) [.cp/:?]
Caused by: org.springframework.beans.factory.NoUniqueBeanDefinitionException: No qualifying bean of type 'com.pcwk.ehr.member.dao.MemberDao' available: expected single matching bean but found 2: memberDaoImpl,memberDao
	at org.springframework.beans.factory.config.DependencyDescriptor.resolveNotUnique(DependencyDescriptor.java:220) ~[spring-beans-5.3.37.jar:5.3.37]
	at org.springframework.beans.factory.support.DefaultListableBeanFactory.doResolveDependency(DefaultListableBeanFactory.java:1369) ~[spring-beans-5.3.37.jar:5.3.37]
	at org.springframework.beans.factory.support.DefaultListableBeanFactory.resolveDependency(DefaultListableBeanFactory.java:1311) ~[spring-beans-5.3.37.jar:5.3.37]
	at org.springframework.beans.factory.annotation.AutowiredAnnotationBeanPostProcessor$AutowiredFieldElement.resolveFieldValue(AutowiredAnnotationBeanPostProcessor.java:710) ~[spring-beans-5.3.37.jar:5.3.37]
	... 78 more
[2025-06-25 09:06:33] [INFO ] org.springframework.test.context.support.DefaultTestContextBootstrapper - Loaded default TestExecutionListener class names from location [META-INF/spring.factories]: [org.springframework.test.context.web.ServletTestExecutionListener, org.springframework.test.context.support.DirtiesContextBeforeModesTestExecutionListener, org.springframework.test.context.event.ApplicationEventsTestExecutionListener, org.springframework.test.context.support.DependencyInjectionTestExecutionListener, org.springframework.test.context.support.DirtiesContextTestExecutionListener, org.springframework.test.context.transaction.TransactionalTestExecutionListener, org.springframework.test.context.jdbc.SqlScriptsTestExecutionListener, org.springframework.test.context.event.EventPublishingTestExecutionListener]
[2025-06-25 09:06:33] [INFO ] org.springframework.test.context.support.DefaultTestContextBootstrapper - Using TestExecutionListeners: [org.springframework.test.context.web.ServletTestExecutionListener@67b9b51a, org.springframework.test.context.support.DirtiesContextBeforeModesTestExecutionListener@1205bd62, org.springframework.test.context.event.ApplicationEventsTestExecutionListener@7ef27d7f, org.springframework.test.context.support.DependencyInjectionTestExecutionListener@490caf5f, org.springframework.test.context.support.DirtiesContextTestExecutionListener@6337c201, org.springframework.test.context.transaction.TransactionalTestExecutionListener@5c669da8, org.springframework.test.context.jdbc.SqlScriptsTestExecutionListener@31920ade, org.springframework.test.context.event.EventPublishingTestExecutionListener@1d483de4]
[2025-06-25 09:06:34] [ERROR] org.springframework.test.context.TestContextManager - Caught exception while allowing TestExecutionListener [org.springframework.test.context.support.DependencyInjectionTestExecutionListener@490caf5f] to prepare test instance [com.pcwk.ehr.member.MemberTest@7397c6]
org.springframework.beans.factory.UnsatisfiedDependencyException: Error creating bean with name 'com.pcwk.ehr.member.MemberTest': Unsatisfied dependency expressed through field 'dao'; nested exception is org.springframework.beans.factory.NoUniqueBeanDefinitionException: No qualifying bean of type 'com.pcwk.ehr.member.dao.MemberDao' available: expected single matching bean but found 2: memberDaoImpl,memberDao
	at org.springframework.beans.factory.annotation.AutowiredAnnotationBeanPostProcessor$AutowiredFieldElement.resolveFieldValue(AutowiredAnnotationBeanPostProcessor.java:713) ~[spring-beans-5.3.37.jar:5.3.37]
	at org.springframework.beans.factory.annotation.AutowiredAnnotationBeanPostProcessor$AutowiredFieldElement.inject(AutowiredAnnotationBeanPostProcessor.java:693) ~[spring-beans-5.3.37.jar:5.3.37]
	at org.springframework.beans.factory.annotation.InjectionMetadata.inject(InjectionMetadata.java:119) ~[spring-beans-5.3.37.jar:5.3.37]
	at org.springframework.beans.factory.annotation.AutowiredAnnotationBeanPostProcessor.postProcessProperties(AutowiredAnnotationBeanPostProcessor.java:408) ~[spring-beans-5.3.37.jar:5.3.37]
	at org.springframework.beans.factory.support.AbstractAutowireCapableBeanFactory.populateBean(AbstractAutowireCapableBeanFactory.java:1431) ~[spring-beans-5.3.37.jar:5.3.37]
	at org.springframework.beans.factory.support.AbstractAutowireCapableBeanFactory.autowireBeanProperties(AbstractAutowireCapableBeanFactory.java:417) ~[spring-beans-5.3.37.jar:5.3.37]
	at org.springframework.test.context.support.DependencyInjectionTestExecutionListener.injectDependencies(DependencyInjectionTestExecutionListener.java:119) ~[spring-test-5.3.37.jar:5.3.37]
	at org.springframework.test.context.support.DependencyInjectionTestExecutionListener.prepareTestInstance(DependencyInjectionTestExecutionListener.java:83) ~[spring-test-5.3.37.jar:5.3.37]
	at org.springframework.test.context.TestContextManager.prepareTestInstance(TestContextManager.java:248) ~[spring-test-5.3.37.jar:5.3.37]
	at org.springframework.test.context.junit.jupiter.SpringExtension.postProcessTestInstance(SpringExtension.java:138) ~[spring-test-5.3.37.jar:5.3.37]
	at org.junit.jupiter.engine.descriptor.ClassBasedTestDescriptor.lambda$invokeTestInstancePostProcessors$11(ClassBasedTestDescriptor.java:378) ~[junit-jupiter-engine-5.11.0.jar:5.11.0]
	at org.junit.jupiter.engine.descriptor.ClassBasedTestDescriptor.executeAndMaskThrowable(ClassBasedTestDescriptor.java:383) ~[junit-jupiter-engine-5.11.0.jar:5.11.0]
	at org.junit.jupiter.engine.descriptor.ClassBasedTestDescriptor.lambda$invokeTestInstancePostProcessors$12(ClassBasedTestDescriptor.java:378) ~[junit-jupiter-engine-5.11.0.jar:5.11.0]
	at java.util.stream.ForEachOps$ForEachOp$OfRef.accept(Unknown Source) ~[?:1.8.0_202]
	at java.util.stream.ReferencePipeline$3$1.accept(Unknown Source) ~[?:1.8.0_202]
	at java.util.stream.ReferencePipeline$2$1.accept(Unknown Source) ~[?:1.8.0_202]
	at java.util.stream.ReferencePipeline$3$1.accept(Unknown Source) ~[?:1.8.0_202]
	at java.util.ArrayList$ArrayListSpliterator.forEachRemaining(Unknown Source) ~[?:1.8.0_202]
	at java.util.stream.AbstractPipeline.copyInto(Unknown Source) ~[?:1.8.0_202]
	at java.util.stream.AbstractPipeline.wrapAndCopyInto(Unknown Source) ~[?:1.8.0_202]
	at java.util.stream.ForEachOps$ForEachOp.evaluateSequential(Unknown Source) ~[?:1.8.0_202]
	at java.util.stream.ForEachOps$ForEachOp$OfRef.evaluateSequential(Unknown Source) ~[?:1.8.0_202]
	at java.util.stream.AbstractPipeline.evaluate(Unknown Source) ~[?:1.8.0_202]
	at java.util.stream.ReferencePipeline.forEach(Unknown Source) ~[?:1.8.0_202]
	at org.junit.jupiter.engine.descriptor.ClassBasedTestDescriptor.invokeTestInstancePostProcessors(ClassBasedTestDescriptor.java:377) ~[junit-jupiter-engine-5.11.0.jar:5.11.0]
	at org.junit.jupiter.engine.descriptor.ClassBasedTestDescriptor.lambda$instantiateAndPostProcessTestInstance$7(ClassBasedTestDescriptor.java:290) ~[junit-jupiter-engine-5.11.0.jar:5.11.0]
	at org.junit.platform.engine.support.hierarchical.ThrowableCollector.execute(ThrowableCollector.java:73) ~[junit-platform-engine-1.11.0.jar:1.11.0]
	at org.junit.jupiter.engine.descriptor.ClassBasedTestDescriptor.instantiateAndPostProcessTestInstance(ClassBasedTestDescriptor.java:289) ~[junit-jupiter-engine-5.11.0.jar:5.11.0]
	at org.junit.jupiter.engine.descriptor.ClassBasedTestDescriptor.lambda$testInstancesProvider$5(ClassBasedTestDescriptor.java:279) ~[junit-jupiter-engine-5.11.0.jar:5.11.0]
	at java.util.Optional.orElseGet(Unknown Source) ~[?:1.8.0_202]
	at org.junit.jupiter.engine.descriptor.ClassBasedTestDescriptor.lambda$testInstancesProvider$6(ClassBasedTestDescriptor.java:278) ~[junit-jupiter-engine-5.11.0.jar:5.11.0]
	at org.junit.jupiter.engine.execution.TestInstancesProvider.getTestInstances(TestInstancesProvider.java:31) ~[junit-jupiter-engine-5.11.0.jar:5.11.0]
	at org.junit.jupiter.engine.descriptor.TestMethodTestDescriptor.lambda$prepare$1(TestMethodTestDescriptor.java:105) ~[junit-jupiter-engine-5.11.0.jar:5.11.0]
	at org.junit.platform.engine.support.hierarchical.ThrowableCollector.execute(ThrowableCollector.java:73) ~[junit-platform-engine-1.11.0.jar:1.11.0]
	at org.junit.jupiter.engine.descriptor.TestMethodTestDescriptor.prepare(TestMethodTestDescriptor.java:104) ~[junit-jupiter-engine-5.11.0.jar:5.11.0]
	at org.junit.jupiter.engine.descriptor.TestMethodTestDescriptor.prepare(TestMethodTestDescriptor.java:68) ~[junit-jupiter-engine-5.11.0.jar:5.11.0]
	at org.junit.platform.engine.support.hierarchical.NodeTestTask.lambda$prepare$2(NodeTestTask.java:123) ~[junit-platform-engine-1.11.0.jar:1.11.0]
	at org.junit.platform.engine.support.hierarchical.ThrowableCollector.execute(ThrowableCollector.java:73) ~[junit-platform-engine-1.11.0.jar:1.11.0]
	at org.junit.platform.engine.support.hierarchical.NodeTestTask.prepare(NodeTestTask.java:123) ~[junit-platform-engine-1.11.0.jar:1.11.0]
	at org.junit.platform.engine.support.hierarchical.NodeTestTask.execute(NodeTestTask.java:90) ~[junit-platform-engine-1.11.0.jar:1.11.0]
	at java.util.ArrayList.forEach(Unknown Source) ~[?:1.8.0_202]
	at org.junit.platform.engine.support.hierarchical.SameThreadHierarchicalTestExecutorService.invokeAll(SameThreadHierarchicalTestExecutorService.java:41) ~[junit-platform-engine-1.11.0.jar:1.11.0]
	at org.junit.platform.engine.support.hierarchical.NodeTestTask.lambda$executeRecursively$6(NodeTestTask.java:155) ~[junit-platform-engine-1.11.0.jar:1.11.0]
	at org.junit.platform.engine.support.hierarchical.ThrowableCollector.execute(ThrowableCollector.java:73) ~[junit-platform-engine-1.11.0.jar:1.11.0]
	at org.junit.platform.engine.support.hierarchical.NodeTestTask.lambda$executeRecursively$8(NodeTestTask.java:141) ~[junit-platform-engine-1.11.0.jar:1.11.0]
	at org.junit.platform.engine.support.hierarchical.Node.around(Node.java:137) ~[junit-platform-engine-1.11.0.jar:1.11.0]
	at org.junit.platform.engine.support.hierarchical.NodeTestTask.lambda$executeRecursively$9(NodeTestTask.java:139) ~[junit-platform-engine-1.11.0.jar:1.11.0]
	at org.junit.platform.engine.support.hierarchical.ThrowableCollector.execute(ThrowableCollector.java:73) ~[junit-platform-engine-1.11.0.jar:1.11.0]
	at org.junit.platform.engine.support.hierarchical.NodeTestTask.executeRecursively(NodeTestTask.java:138) ~[junit-platform-engine-1.11.0.jar:1.11.0]
	at org.junit.platform.engine.support.hierarchical.NodeTestTask.execute(NodeTestTask.java:95) ~[junit-platform-engine-1.11.0.jar:1.11.0]
	at java.util.ArrayList.forEach(Unknown Source) ~[?:1.8.0_202]
	at org.junit.platform.engine.support.hierarchical.SameThreadHierarchicalTestExecutorService.invokeAll(SameThreadHierarchicalTestExecutorService.java:41) ~[junit-platform-engine-1.11.0.jar:1.11.0]
	at org.junit.platform.engine.support.hierarchical.NodeTestTask.lambda$executeRecursively$6(NodeTestTask.java:155) ~[junit-platform-engine-1.11.0.jar:1.11.0]
	at org.junit.platform.engine.support.hierarchical.ThrowableCollector.execute(ThrowableCollector.java:73) ~[junit-platform-engine-1.11.0.jar:1.11.0]
	at org.junit.platform.engine.support.hierarchical.NodeTestTask.lambda$executeRecursively$8(NodeTestTask.java:141) ~[junit-platform-engine-1.11.0.jar:1.11.0]
	at org.junit.platform.engine.support.hierarchical.Node.around(Node.java:137) ~[junit-platform-engine-1.11.0.jar:1.11.0]
	at org.junit.platform.engine.support.hierarchical.NodeTestTask.lambda$executeRecursively$9(NodeTestTask.java:139) ~[junit-platform-engine-1.11.0.jar:1.11.0]
	at org.junit.platform.engine.support.hierarchical.ThrowableCollector.execute(ThrowableCollector.java:73) ~[junit-platform-engine-1.11.0.jar:1.11.0]
	at org.junit.platform.engine.support.hierarchical.NodeTestTask.executeRecursively(NodeTestTask.java:138) ~[junit-platform-engine-1.11.0.jar:1.11.0]
	at org.junit.platform.engine.support.hierarchical.NodeTestTask.execute(NodeTestTask.java:95) ~[junit-platform-engine-1.11.0.jar:1.11.0]
	at org.junit.platform.engine.support.hierarchical.SameThreadHierarchicalTestExecutorService.submit(SameThreadHierarchicalTestExecutorService.java:35) ~[junit-platform-engine-1.11.0.jar:1.11.0]
	at org.junit.platform.engine.support.hierarchical.HierarchicalTestExecutor.execute(HierarchicalTestExecutor.java:57) ~[junit-platform-engine-1.11.0.jar:1.11.0]
	at org.junit.platform.engine.support.hierarchical.HierarchicalTestEngine.execute(HierarchicalTestEngine.java:54) ~[junit-platform-engine-1.11.0.jar:1.11.0]
	at org.junit.platform.launcher.core.EngineExecutionOrchestrator.execute(EngineExecutionOrchestrator.java:198) ~[junit-platform-launcher-1.11.0.jar:1.11.0]
	at org.junit.platform.launcher.core.EngineExecutionOrchestrator.execute(EngineExecutionOrchestrator.java:169) ~[junit-platform-launcher-1.11.0.jar:1.11.0]
	at org.junit.platform.launcher.core.EngineExecutionOrchestrator.execute(EngineExecutionOrchestrator.java:93) ~[junit-platform-launcher-1.11.0.jar:1.11.0]
	at org.junit.platform.launcher.core.EngineExecutionOrchestrator.lambda$execute$0(EngineExecutionOrchestrator.java:58) ~[junit-platform-launcher-1.11.0.jar:1.11.0]
	at org.junit.platform.launcher.core.EngineExecutionOrchestrator.withInterceptedStreams(EngineExecutionOrchestrator.java:141) [junit-platform-launcher-1.11.0.jar:1.11.0]
	at org.junit.platform.launcher.core.EngineExecutionOrchestrator.execute(EngineExecutionOrchestrator.java:57) [junit-platform-launcher-1.11.0.jar:1.11.0]
	at org.junit.platform.launcher.core.DefaultLauncher.execute(DefaultLauncher.java:103) [junit-platform-launcher-1.11.0.jar:1.11.0]
	at org.junit.platform.launcher.core.DefaultLauncher.execute(DefaultLauncher.java:94) [junit-platform-launcher-1.11.0.jar:1.11.0]
	at org.junit.platform.launcher.core.DelegatingLauncher.execute(DelegatingLauncher.java:52) [junit-platform-launcher-1.11.0.jar:1.11.0]
	at org.junit.platform.launcher.core.SessionPerRequestLauncher.execute(SessionPerRequestLauncher.java:70) [junit-platform-launcher-1.11.0.jar:1.11.0]
	at org.eclipse.jdt.internal.junit5.runner.JUnit5TestReference.run(JUnit5TestReference.java:98) [.cp/:?]
	at org.eclipse.jdt.internal.junit.runner.TestExecution.run(TestExecution.java:41) [.cp/:?]
	at org.eclipse.jdt.internal.junit.runner.RemoteTestRunner.runTests(RemoteTestRunner.java:542) [.cp/:?]
	at org.eclipse.jdt.internal.junit.runner.RemoteTestRunner.runTests(RemoteTestRunner.java:770) [.cp/:?]
	at org.eclipse.jdt.internal.junit.runner.RemoteTestRunner.run(RemoteTestRunner.java:464) [.cp/:?]
	at org.eclipse.jdt.internal.junit.runner.RemoteTestRunner.main(RemoteTestRunner.java:210) [.cp/:?]
Caused by: org.springframework.beans.factory.NoUniqueBeanDefinitionException: No qualifying bean of type 'com.pcwk.ehr.member.dao.MemberDao' available: expected single matching bean but found 2: memberDaoImpl,memberDao
	at org.springframework.beans.factory.config.DependencyDescriptor.resolveNotUnique(DependencyDescriptor.java:220) ~[spring-beans-5.3.37.jar:5.3.37]
	at org.springframework.beans.factory.support.DefaultListableBeanFactory.doResolveDependency(DefaultListableBeanFactory.java:1369) ~[spring-beans-5.3.37.jar:5.3.37]
	at org.springframework.beans.factory.support.DefaultListableBeanFactory.resolveDependency(DefaultListableBeanFactory.java:1311) ~[spring-beans-5.3.37.jar:5.3.37]
	at org.springframework.beans.factory.annotation.AutowiredAnnotationBeanPostProcessor$AutowiredFieldElement.resolveFieldValue(AutowiredAnnotationBeanPostProcessor.java:710) ~[spring-beans-5.3.37.jar:5.3.37]
	... 78 more
[2025-06-25 09:17:07] [INFO ] org.springframework.test.context.support.DefaultTestContextBootstrapper - Loaded default TestExecutionListener class names from location [META-INF/spring.factories]: [org.springframework.test.context.web.ServletTestExecutionListener, org.springframework.test.context.support.DirtiesContextBeforeModesTestExecutionListener, org.springframework.test.context.event.ApplicationEventsTestExecutionListener, org.springframework.test.context.support.DependencyInjectionTestExecutionListener, org.springframework.test.context.support.DirtiesContextTestExecutionListener, org.springframework.test.context.transaction.TransactionalTestExecutionListener, org.springframework.test.context.jdbc.SqlScriptsTestExecutionListener, org.springframework.test.context.event.EventPublishingTestExecutionListener]
[2025-06-25 09:17:07] [INFO ] org.springframework.test.context.support.DefaultTestContextBootstrapper - Using TestExecutionListeners: [org.springframework.test.context.web.ServletTestExecutionListener@67b9b51a, org.springframework.test.context.support.DirtiesContextBeforeModesTestExecutionListener@1205bd62, org.springframework.test.context.event.ApplicationEventsTestExecutionListener@7ef27d7f, org.springframework.test.context.support.DependencyInjectionTestExecutionListener@490caf5f, org.springframework.test.context.support.DirtiesContextTestExecutionListener@6337c201, org.springframework.test.context.transaction.TransactionalTestExecutionListener@5c669da8, org.springframework.test.context.jdbc.SqlScriptsTestExecutionListener@31920ade, org.springframework.test.context.event.EventPublishingTestExecutionListener@1d483de4]
[2025-06-25 09:17:08] [ERROR] org.springframework.test.context.TestContextManager - Caught exception while allowing TestExecutionListener [org.springframework.test.context.support.DependencyInjectionTestExecutionListener@490caf5f] to prepare test instance [com.pcwk.ehr.member.MemberTest@7397c6]
org.springframework.beans.factory.UnsatisfiedDependencyException: Error creating bean with name 'com.pcwk.ehr.member.MemberTest': Unsatisfied dependency expressed through field 'dao'; nested exception is org.springframework.beans.factory.NoUniqueBeanDefinitionException: No qualifying bean of type 'com.pcwk.ehr.member.dao.MemberDao' available: expected single matching bean but found 2: memberDaoImpl,memberDao
	at org.springframework.beans.factory.annotation.AutowiredAnnotationBeanPostProcessor$AutowiredFieldElement.resolveFieldValue(AutowiredAnnotationBeanPostProcessor.java:713) ~[spring-beans-5.3.37.jar:5.3.37]
	at org.springframework.beans.factory.annotation.AutowiredAnnotationBeanPostProcessor$AutowiredFieldElement.inject(AutowiredAnnotationBeanPostProcessor.java:693) ~[spring-beans-5.3.37.jar:5.3.37]
	at org.springframework.beans.factory.annotation.InjectionMetadata.inject(InjectionMetadata.java:119) ~[spring-beans-5.3.37.jar:5.3.37]
	at org.springframework.beans.factory.annotation.AutowiredAnnotationBeanPostProcessor.postProcessProperties(AutowiredAnnotationBeanPostProcessor.java:408) ~[spring-beans-5.3.37.jar:5.3.37]
	at org.springframework.beans.factory.support.AbstractAutowireCapableBeanFactory.populateBean(AbstractAutowireCapableBeanFactory.java:1431) ~[spring-beans-5.3.37.jar:5.3.37]
	at org.springframework.beans.factory.support.AbstractAutowireCapableBeanFactory.autowireBeanProperties(AbstractAutowireCapableBeanFactory.java:417) ~[spring-beans-5.3.37.jar:5.3.37]
	at org.springframework.test.context.support.DependencyInjectionTestExecutionListener.injectDependencies(DependencyInjectionTestExecutionListener.java:119) ~[spring-test-5.3.37.jar:5.3.37]
	at org.springframework.test.context.support.DependencyInjectionTestExecutionListener.prepareTestInstance(DependencyInjectionTestExecutionListener.java:83) ~[spring-test-5.3.37.jar:5.3.37]
	at org.springframework.test.context.TestContextManager.prepareTestInstance(TestContextManager.java:248) ~[spring-test-5.3.37.jar:5.3.37]
	at org.springframework.test.context.junit.jupiter.SpringExtension.postProcessTestInstance(SpringExtension.java:138) ~[spring-test-5.3.37.jar:5.3.37]
	at org.junit.jupiter.engine.descriptor.ClassBasedTestDescriptor.lambda$invokeTestInstancePostProcessors$11(ClassBasedTestDescriptor.java:378) ~[junit-jupiter-engine-5.11.0.jar:5.11.0]
	at org.junit.jupiter.engine.descriptor.ClassBasedTestDescriptor.executeAndMaskThrowable(ClassBasedTestDescriptor.java:383) ~[junit-jupiter-engine-5.11.0.jar:5.11.0]
	at org.junit.jupiter.engine.descriptor.ClassBasedTestDescriptor.lambda$invokeTestInstancePostProcessors$12(ClassBasedTestDescriptor.java:378) ~[junit-jupiter-engine-5.11.0.jar:5.11.0]
	at java.util.stream.ForEachOps$ForEachOp$OfRef.accept(Unknown Source) ~[?:1.8.0_202]
	at java.util.stream.ReferencePipeline$3$1.accept(Unknown Source) ~[?:1.8.0_202]
	at java.util.stream.ReferencePipeline$2$1.accept(Unknown Source) ~[?:1.8.0_202]
	at java.util.stream.ReferencePipeline$3$1.accept(Unknown Source) ~[?:1.8.0_202]
	at java.util.ArrayList$ArrayListSpliterator.forEachRemaining(Unknown Source) ~[?:1.8.0_202]
	at java.util.stream.AbstractPipeline.copyInto(Unknown Source) ~[?:1.8.0_202]
	at java.util.stream.AbstractPipeline.wrapAndCopyInto(Unknown Source) ~[?:1.8.0_202]
	at java.util.stream.ForEachOps$ForEachOp.evaluateSequential(Unknown Source) ~[?:1.8.0_202]
	at java.util.stream.ForEachOps$ForEachOp$OfRef.evaluateSequential(Unknown Source) ~[?:1.8.0_202]
	at java.util.stream.AbstractPipeline.evaluate(Unknown Source) ~[?:1.8.0_202]
	at java.util.stream.ReferencePipeline.forEach(Unknown Source) ~[?:1.8.0_202]
	at org.junit.jupiter.engine.descriptor.ClassBasedTestDescriptor.invokeTestInstancePostProcessors(ClassBasedTestDescriptor.java:377) ~[junit-jupiter-engine-5.11.0.jar:5.11.0]
	at org.junit.jupiter.engine.descriptor.ClassBasedTestDescriptor.lambda$instantiateAndPostProcessTestInstance$7(ClassBasedTestDescriptor.java:290) ~[junit-jupiter-engine-5.11.0.jar:5.11.0]
	at org.junit.platform.engine.support.hierarchical.ThrowableCollector.execute(ThrowableCollector.java:73) ~[junit-platform-engine-1.11.0.jar:1.11.0]
	at org.junit.jupiter.engine.descriptor.ClassBasedTestDescriptor.instantiateAndPostProcessTestInstance(ClassBasedTestDescriptor.java:289) ~[junit-jupiter-engine-5.11.0.jar:5.11.0]
	at org.junit.jupiter.engine.descriptor.ClassBasedTestDescriptor.lambda$testInstancesProvider$5(ClassBasedTestDescriptor.java:279) ~[junit-jupiter-engine-5.11.0.jar:5.11.0]
	at java.util.Optional.orElseGet(Unknown Source) ~[?:1.8.0_202]
	at org.junit.jupiter.engine.descriptor.ClassBasedTestDescriptor.lambda$testInstancesProvider$6(ClassBasedTestDescriptor.java:278) ~[junit-jupiter-engine-5.11.0.jar:5.11.0]
	at org.junit.jupiter.engine.execution.TestInstancesProvider.getTestInstances(TestInstancesProvider.java:31) ~[junit-jupiter-engine-5.11.0.jar:5.11.0]
	at org.junit.jupiter.engine.descriptor.TestMethodTestDescriptor.lambda$prepare$1(TestMethodTestDescriptor.java:105) ~[junit-jupiter-engine-5.11.0.jar:5.11.0]
	at org.junit.platform.engine.support.hierarchical.ThrowableCollector.execute(ThrowableCollector.java:73) ~[junit-platform-engine-1.11.0.jar:1.11.0]
	at org.junit.jupiter.engine.descriptor.TestMethodTestDescriptor.prepare(TestMethodTestDescriptor.java:104) ~[junit-jupiter-engine-5.11.0.jar:5.11.0]
	at org.junit.jupiter.engine.descriptor.TestMethodTestDescriptor.prepare(TestMethodTestDescriptor.java:68) ~[junit-jupiter-engine-5.11.0.jar:5.11.0]
	at org.junit.platform.engine.support.hierarchical.NodeTestTask.lambda$prepare$2(NodeTestTask.java:123) ~[junit-platform-engine-1.11.0.jar:1.11.0]
	at org.junit.platform.engine.support.hierarchical.ThrowableCollector.execute(ThrowableCollector.java:73) ~[junit-platform-engine-1.11.0.jar:1.11.0]
	at org.junit.platform.engine.support.hierarchical.NodeTestTask.prepare(NodeTestTask.java:123) ~[junit-platform-engine-1.11.0.jar:1.11.0]
	at org.junit.platform.engine.support.hierarchical.NodeTestTask.execute(NodeTestTask.java:90) ~[junit-platform-engine-1.11.0.jar:1.11.0]
	at java.util.ArrayList.forEach(Unknown Source) ~[?:1.8.0_202]
	at org.junit.platform.engine.support.hierarchical.SameThreadHierarchicalTestExecutorService.invokeAll(SameThreadHierarchicalTestExecutorService.java:41) ~[junit-platform-engine-1.11.0.jar:1.11.0]
	at org.junit.platform.engine.support.hierarchical.NodeTestTask.lambda$executeRecursively$6(NodeTestTask.java:155) ~[junit-platform-engine-1.11.0.jar:1.11.0]
	at org.junit.platform.engine.support.hierarchical.ThrowableCollector.execute(ThrowableCollector.java:73) ~[junit-platform-engine-1.11.0.jar:1.11.0]
	at org.junit.platform.engine.support.hierarchical.NodeTestTask.lambda$executeRecursively$8(NodeTestTask.java:141) ~[junit-platform-engine-1.11.0.jar:1.11.0]
	at org.junit.platform.engine.support.hierarchical.Node.around(Node.java:137) ~[junit-platform-engine-1.11.0.jar:1.11.0]
	at org.junit.platform.engine.support.hierarchical.NodeTestTask.lambda$executeRecursively$9(NodeTestTask.java:139) ~[junit-platform-engine-1.11.0.jar:1.11.0]
	at org.junit.platform.engine.support.hierarchical.ThrowableCollector.execute(ThrowableCollector.java:73) ~[junit-platform-engine-1.11.0.jar:1.11.0]
	at org.junit.platform.engine.support.hierarchical.NodeTestTask.executeRecursively(NodeTestTask.java:138) ~[junit-platform-engine-1.11.0.jar:1.11.0]
	at org.junit.platform.engine.support.hierarchical.NodeTestTask.execute(NodeTestTask.java:95) ~[junit-platform-engine-1.11.0.jar:1.11.0]
	at java.util.ArrayList.forEach(Unknown Source) ~[?:1.8.0_202]
	at org.junit.platform.engine.support.hierarchical.SameThreadHierarchicalTestExecutorService.invokeAll(SameThreadHierarchicalTestExecutorService.java:41) ~[junit-platform-engine-1.11.0.jar:1.11.0]
	at org.junit.platform.engine.support.hierarchical.NodeTestTask.lambda$executeRecursively$6(NodeTestTask.java:155) ~[junit-platform-engine-1.11.0.jar:1.11.0]
	at org.junit.platform.engine.support.hierarchical.ThrowableCollector.execute(ThrowableCollector.java:73) ~[junit-platform-engine-1.11.0.jar:1.11.0]
	at org.junit.platform.engine.support.hierarchical.NodeTestTask.lambda$executeRecursively$8(NodeTestTask.java:141) ~[junit-platform-engine-1.11.0.jar:1.11.0]
	at org.junit.platform.engine.support.hierarchical.Node.around(Node.java:137) ~[junit-platform-engine-1.11.0.jar:1.11.0]
	at org.junit.platform.engine.support.hierarchical.NodeTestTask.lambda$executeRecursively$9(NodeTestTask.java:139) ~[junit-platform-engine-1.11.0.jar:1.11.0]
	at org.junit.platform.engine.support.hierarchical.ThrowableCollector.execute(ThrowableCollector.java:73) ~[junit-platform-engine-1.11.0.jar:1.11.0]
	at org.junit.platform.engine.support.hierarchical.NodeTestTask.executeRecursively(NodeTestTask.java:138) ~[junit-platform-engine-1.11.0.jar:1.11.0]
	at org.junit.platform.engine.support.hierarchical.NodeTestTask.execute(NodeTestTask.java:95) ~[junit-platform-engine-1.11.0.jar:1.11.0]
	at org.junit.platform.engine.support.hierarchical.SameThreadHierarchicalTestExecutorService.submit(SameThreadHierarchicalTestExecutorService.java:35) ~[junit-platform-engine-1.11.0.jar:1.11.0]
	at org.junit.platform.engine.support.hierarchical.HierarchicalTestExecutor.execute(HierarchicalTestExecutor.java:57) ~[junit-platform-engine-1.11.0.jar:1.11.0]
	at org.junit.platform.engine.support.hierarchical.HierarchicalTestEngine.execute(HierarchicalTestEngine.java:54) ~[junit-platform-engine-1.11.0.jar:1.11.0]
	at org.junit.platform.launcher.core.EngineExecutionOrchestrator.execute(EngineExecutionOrchestrator.java:198) ~[junit-platform-launcher-1.11.0.jar:1.11.0]
	at org.junit.platform.launcher.core.EngineExecutionOrchestrator.execute(EngineExecutionOrchestrator.java:169) ~[junit-platform-launcher-1.11.0.jar:1.11.0]
	at org.junit.platform.launcher.core.EngineExecutionOrchestrator.execute(EngineExecutionOrchestrator.java:93) ~[junit-platform-launcher-1.11.0.jar:1.11.0]
	at org.junit.platform.launcher.core.EngineExecutionOrchestrator.lambda$execute$0(EngineExecutionOrchestrator.java:58) ~[junit-platform-launcher-1.11.0.jar:1.11.0]
	at org.junit.platform.launcher.core.EngineExecutionOrchestrator.withInterceptedStreams(EngineExecutionOrchestrator.java:141) [junit-platform-launcher-1.11.0.jar:1.11.0]
	at org.junit.platform.launcher.core.EngineExecutionOrchestrator.execute(EngineExecutionOrchestrator.java:57) [junit-platform-launcher-1.11.0.jar:1.11.0]
	at org.junit.platform.launcher.core.DefaultLauncher.execute(DefaultLauncher.java:103) [junit-platform-launcher-1.11.0.jar:1.11.0]
	at org.junit.platform.launcher.core.DefaultLauncher.execute(DefaultLauncher.java:94) [junit-platform-launcher-1.11.0.jar:1.11.0]
	at org.junit.platform.launcher.core.DelegatingLauncher.execute(DelegatingLauncher.java:52) [junit-platform-launcher-1.11.0.jar:1.11.0]
	at org.junit.platform.launcher.core.SessionPerRequestLauncher.execute(SessionPerRequestLauncher.java:70) [junit-platform-launcher-1.11.0.jar:1.11.0]
	at org.eclipse.jdt.internal.junit5.runner.JUnit5TestReference.run(JUnit5TestReference.java:98) [.cp/:?]
	at org.eclipse.jdt.internal.junit.runner.TestExecution.run(TestExecution.java:41) [.cp/:?]
	at org.eclipse.jdt.internal.junit.runner.RemoteTestRunner.runTests(RemoteTestRunner.java:542) [.cp/:?]
	at org.eclipse.jdt.internal.junit.runner.RemoteTestRunner.runTests(RemoteTestRunner.java:770) [.cp/:?]
	at org.eclipse.jdt.internal.junit.runner.RemoteTestRunner.run(RemoteTestRunner.java:464) [.cp/:?]
	at org.eclipse.jdt.internal.junit.runner.RemoteTestRunner.main(RemoteTestRunner.java:210) [.cp/:?]
Caused by: org.springframework.beans.factory.NoUniqueBeanDefinitionException: No qualifying bean of type 'com.pcwk.ehr.member.dao.MemberDao' available: expected single matching bean but found 2: memberDaoImpl,memberDao
	at org.springframework.beans.factory.config.DependencyDescriptor.resolveNotUnique(DependencyDescriptor.java:220) ~[spring-beans-5.3.37.jar:5.3.37]
	at org.springframework.beans.factory.support.DefaultListableBeanFactory.doResolveDependency(DefaultListableBeanFactory.java:1369) ~[spring-beans-5.3.37.jar:5.3.37]
	at org.springframework.beans.factory.support.DefaultListableBeanFactory.resolveDependency(DefaultListableBeanFactory.java:1311) ~[spring-beans-5.3.37.jar:5.3.37]
	at org.springframework.beans.factory.annotation.AutowiredAnnotationBeanPostProcessor$AutowiredFieldElement.resolveFieldValue(AutowiredAnnotationBeanPostProcessor.java:710) ~[spring-beans-5.3.37.jar:5.3.37]
	... 78 more
[2025-06-25 09:17:17] [INFO ] org.springframework.test.context.support.DefaultTestContextBootstrapper - Loaded default TestExecutionListener class names from location [META-INF/spring.factories]: [org.springframework.test.context.web.ServletTestExecutionListener, org.springframework.test.context.support.DirtiesContextBeforeModesTestExecutionListener, org.springframework.test.context.event.ApplicationEventsTestExecutionListener, org.springframework.test.context.support.DependencyInjectionTestExecutionListener, org.springframework.test.context.support.DirtiesContextTestExecutionListener, org.springframework.test.context.transaction.TransactionalTestExecutionListener, org.springframework.test.context.jdbc.SqlScriptsTestExecutionListener, org.springframework.test.context.event.EventPublishingTestExecutionListener]
[2025-06-25 09:17:17] [INFO ] org.springframework.test.context.support.DefaultTestContextBootstrapper - Using TestExecutionListeners: [org.springframework.test.context.web.ServletTestExecutionListener@6cdba6dc, org.springframework.test.context.support.DirtiesContextBeforeModesTestExecutionListener@7d3d101b, org.springframework.test.context.event.ApplicationEventsTestExecutionListener@30c8681, org.springframework.test.context.support.DependencyInjectionTestExecutionListener@5cdec700, org.springframework.test.context.support.DirtiesContextTestExecutionListener@6d026701, org.springframework.test.context.transaction.TransactionalTestExecutionListener@78aa1f72, org.springframework.test.context.jdbc.SqlScriptsTestExecutionListener@1f75a668, org.springframework.test.context.event.EventPublishingTestExecutionListener@35399441]
[2025-06-25 09:17:18] [DEBUG] com.pcwk.ehr.user.UserDaoTest - context:org.springframework.context.support.GenericApplicationContext@609db546, started on Wed Jun 25 09:17:17 GMT+09:00 2025
[2025-06-25 09:17:18] [DEBUG] com.pcwk.ehr.user.dao.UserDaoImpl - 2.sql:
 delete from member 

[2025-06-25 09:17:18] [DEBUG] com.pcwk.ehr.user.UserDaoTest - count:502
[2025-06-25 09:17:18] [DEBUG] com.pcwk.ehr.user.dao.UserDaoImpl - 2.sql:
SELECT A.*,B.*                                                     
 FROM(                                                             
SELECT tt3.RNUM as no,                                                   
       tt3.user_id,                                                
       tt3.name,                                                   
       tt3.password,                                               
       tt3.login,                                                  
       tt3.recommand,                                              
       tt3.grade,                                                  
       tt3.email,                                                  
       TO_CHAR(tt3.reg_dt,'YYYY/MM/DD HH24:MI:SS') AS reg_dt_str   
 FROM                                                              
(                                                                  
SELECT ROWNUM AS RNUM,                                             
       tt2.*                                                       
    FROM(                                                          
        SELECT t1.*                                                
          FROM member t1                                           
        ORDER BY t1.reg_dt desc                                    
)tt2                                                               
WHERE ROWNUM <= 10                                                 
)tt3                                                               
WHERE RNUM >=1                                                     
)A                                                                 
CROSS JOIN                                                         
(SELECT COUNT(*) AS total_cnt                                      
 FROM member)B                                                     

[2025-06-25 09:17:18] [DEBUG] com.pcwk.ehr.user.dao.UserDaoImpl - 3 outVO:UserDTO [userId=jamesol1, name=이상무1, password=4321_1, regDt=2025/06/24 09:17:18, Login=1, Recommand=1, Grade=BASIC, Email=dlwhd0614@naver.com, toString()=DTO [no=1, totalCnt=502]]
[2025-06-25 09:17:18] [DEBUG] com.pcwk.ehr.user.dao.UserDaoImpl - 3 outVO:UserDTO [userId=jamesol2, name=이상무2, password=4321_2, regDt=2025/06/23 09:17:18, Login=2, Recommand=0, Grade=SILVER, Email=dlwhd0614@naver.com, toString()=DTO [no=2, totalCnt=502]]
[2025-06-25 09:17:18] [DEBUG] com.pcwk.ehr.user.dao.UserDaoImpl - 3 outVO:UserDTO [userId=jamesol3, name=이상무3, password=4321_3, regDt=2025/06/22 09:17:18, Login=3, Recommand=1, Grade=GOLD, Email=dlwhd0614@naver.com, toString()=DTO [no=3, totalCnt=502]]
[2025-06-25 09:17:18] [DEBUG] com.pcwk.ehr.user.dao.UserDaoImpl - 3 outVO:UserDTO [userId=jamesol4, name=이상무4, password=4321_4, regDt=2025/06/21 09:17:18, Login=4, Recommand=0, Grade=BASIC, Email=dlwhd0614@naver.com, toString()=DTO [no=4, totalCnt=502]]
[2025-06-25 09:17:18] [DEBUG] com.pcwk.ehr.user.dao.UserDaoImpl - 3 outVO:UserDTO [userId=jamesol5, name=이상무5, password=4321_5, regDt=2025/06/20 09:17:18, Login=5, Recommand=1, Grade=SILVER, Email=dlwhd0614@naver.com, toString()=DTO [no=5, totalCnt=502]]
[2025-06-25 09:17:18] [DEBUG] com.pcwk.ehr.user.dao.UserDaoImpl - 3 outVO:UserDTO [userId=jamesol6, name=이상무6, password=4321_6, regDt=2025/06/19 09:17:18, Login=6, Recommand=0, Grade=GOLD, Email=dlwhd0614@naver.com, toString()=DTO [no=6, totalCnt=502]]
[2025-06-25 09:17:18] [DEBUG] com.pcwk.ehr.user.dao.UserDaoImpl - 3 outVO:UserDTO [userId=jamesol7, name=이상무7, password=4321_7, regDt=2025/06/18 09:17:18, Login=7, Recommand=1, Grade=BASIC, Email=dlwhd0614@naver.com, toString()=DTO [no=7, totalCnt=502]]
[2025-06-25 09:17:18] [DEBUG] com.pcwk.ehr.user.dao.UserDaoImpl - 3 outVO:UserDTO [userId=jamesol8, name=이상무8, password=4321_8, regDt=2025/06/17 09:17:18, Login=8, Recommand=0, Grade=SILVER, Email=dlwhd0614@naver.com, toString()=DTO [no=8, totalCnt=502]]
[2025-06-25 09:17:18] [DEBUG] com.pcwk.ehr.user.dao.UserDaoImpl - 3 outVO:UserDTO [userId=jamesol9, name=이상무9, password=4321_9, regDt=2025/06/16 09:17:18, Login=9, Recommand=1, Grade=GOLD, Email=dlwhd0614@naver.com, toString()=DTO [no=9, totalCnt=502]]
[2025-06-25 09:17:18] [DEBUG] com.pcwk.ehr.user.dao.UserDaoImpl - 3 outVO:UserDTO [userId=jamesol10, name=이상무10, password=4321_10, regDt=2025/06/15 09:17:18, Login=0, Recommand=0, Grade=BASIC, Email=dlwhd0614@naver.com, toString()=DTO [no=10, totalCnt=502]]
[2025-06-25 09:17:18] [DEBUG] com.pcwk.ehr.user.UserDaoTest - UserDTO [userId=jamesol1, name=이상무1, password=4321_1, regDt=2025/06/24 09:17:18, Login=1, Recommand=1, Grade=BASIC, Email=dlwhd0614@naver.com, toString()=DTO [no=1, totalCnt=502]]
[2025-06-25 09:17:18] [DEBUG] com.pcwk.ehr.user.UserDaoTest - UserDTO [userId=jamesol2, name=이상무2, password=4321_2, regDt=2025/06/23 09:17:18, Login=2, Recommand=0, Grade=SILVER, Email=dlwhd0614@naver.com, toString()=DTO [no=2, totalCnt=502]]
[2025-06-25 09:17:18] [DEBUG] com.pcwk.ehr.user.UserDaoTest - UserDTO [userId=jamesol3, name=이상무3, password=4321_3, regDt=2025/06/22 09:17:18, Login=3, Recommand=1, Grade=GOLD, Email=dlwhd0614@naver.com, toString()=DTO [no=3, totalCnt=502]]
[2025-06-25 09:17:18] [DEBUG] com.pcwk.ehr.user.UserDaoTest - UserDTO [userId=jamesol4, name=이상무4, password=4321_4, regDt=2025/06/21 09:17:18, Login=4, Recommand=0, Grade=BASIC, Email=dlwhd0614@naver.com, toString()=DTO [no=4, totalCnt=502]]
[2025-06-25 09:17:18] [DEBUG] com.pcwk.ehr.user.UserDaoTest - UserDTO [userId=jamesol5, name=이상무5, password=4321_5, regDt=2025/06/20 09:17:18, Login=5, Recommand=1, Grade=SILVER, Email=dlwhd0614@naver.com, toString()=DTO [no=5, totalCnt=502]]
[2025-06-25 09:17:18] [DEBUG] com.pcwk.ehr.user.UserDaoTest - UserDTO [userId=jamesol6, name=이상무6, password=4321_6, regDt=2025/06/19 09:17:18, Login=6, Recommand=0, Grade=GOLD, Email=dlwhd0614@naver.com, toString()=DTO [no=6, totalCnt=502]]
[2025-06-25 09:17:18] [DEBUG] com.pcwk.ehr.user.UserDaoTest - UserDTO [userId=jamesol7, name=이상무7, password=4321_7, regDt=2025/06/18 09:17:18, Login=7, Recommand=1, Grade=BASIC, Email=dlwhd0614@naver.com, toString()=DTO [no=7, totalCnt=502]]
[2025-06-25 09:17:18] [DEBUG] com.pcwk.ehr.user.UserDaoTest - UserDTO [userId=jamesol8, name=이상무8, password=4321_8, regDt=2025/06/17 09:17:18, Login=8, Recommand=0, Grade=SILVER, Email=dlwhd0614@naver.com, toString()=DTO [no=8, totalCnt=502]]
[2025-06-25 09:17:18] [DEBUG] com.pcwk.ehr.user.UserDaoTest - UserDTO [userId=jamesol9, name=이상무9, password=4321_9, regDt=2025/06/16 09:17:18, Login=9, Recommand=1, Grade=GOLD, Email=dlwhd0614@naver.com, toString()=DTO [no=9, totalCnt=502]]
[2025-06-25 09:17:18] [DEBUG] com.pcwk.ehr.user.UserDaoTest - UserDTO [userId=jamesol10, name=이상무10, password=4321_10, regDt=2025/06/15 09:17:18, Login=0, Recommand=0, Grade=BASIC, Email=dlwhd0614@naver.com, toString()=DTO [no=10, totalCnt=502]]
[2025-06-25 09:17:18] [DEBUG] com.pcwk.ehr.user.UserDaoTest - ***************************
[2025-06-25 09:17:18] [DEBUG] com.pcwk.ehr.user.UserDaoTest - @After
[2025-06-25 09:17:18] [DEBUG] com.pcwk.ehr.user.UserDaoTest - ***************************
[2025-06-25 09:17:18] [DEBUG] com.pcwk.ehr.user.UserDaoTest - context:org.springframework.context.support.GenericApplicationContext@609db546, started on Wed Jun 25 09:17:17 GMT+09:00 2025
[2025-06-25 09:17:18] [DEBUG] com.pcwk.ehr.user.dao.UserDaoImpl - 2.sql:
 delete from member 

[2025-06-25 09:17:19] [DEBUG] com.pcwk.ehr.user.dao.UserDaoImpl - 2.sql
INSERT INTO member (  
    user_id,          
    name,             
    password,         
    login,            
    recommand,        
    grade,            
    email,            
    reg_dt            
) VALUES ( ?,         
           ?,         
           ?,         
           ?,         
           ?,         
           ?,         
           ?,         
           SYSDATE )  

[2025-06-25 09:17:19] [DEBUG] com.pcwk.ehr.user.dao.UserDaoImpl - param:
[2025-06-25 09:17:19] [DEBUG] com.pcwk.ehr.user.dao.UserDaoImpl - pcwk01
[2025-06-25 09:17:19] [DEBUG] com.pcwk.ehr.user.dao.UserDaoImpl - 이상무01
[2025-06-25 09:17:19] [DEBUG] com.pcwk.ehr.user.dao.UserDaoImpl - 4321a
[2025-06-25 09:17:19] [DEBUG] com.pcwk.ehr.user.dao.UserDaoImpl - 0
[2025-06-25 09:17:19] [DEBUG] com.pcwk.ehr.user.dao.UserDaoImpl - 0
[2025-06-25 09:17:19] [DEBUG] com.pcwk.ehr.user.dao.UserDaoImpl - 1
[2025-06-25 09:17:19] [DEBUG] com.pcwk.ehr.user.dao.UserDaoImpl - dlwhd0614@naver.com
[2025-06-25 09:17:19] [DEBUG] com.pcwk.ehr.user.dao.UserDaoImpl - 1.sql:
select count(*) total_cnt from member 

[2025-06-25 09:17:19] [DEBUG] com.pcwk.ehr.user.dao.UserDaoImpl - 2.count:1
[2025-06-25 09:17:19] [DEBUG] com.pcwk.ehr.user.dao.UserDaoImpl - 2.sql
INSERT INTO member (  
    user_id,          
    name,             
    password,         
    login,            
    recommand,        
    grade,            
    email,            
    reg_dt            
) VALUES ( ?,         
           ?,         
           ?,         
           ?,         
           ?,         
           ?,         
           ?,         
           SYSDATE )  

[2025-06-25 09:17:19] [DEBUG] com.pcwk.ehr.user.dao.UserDaoImpl - param:
[2025-06-25 09:17:19] [DEBUG] com.pcwk.ehr.user.dao.UserDaoImpl - pcwk02
[2025-06-25 09:17:19] [DEBUG] com.pcwk.ehr.user.dao.UserDaoImpl - 이상무02
[2025-06-25 09:17:19] [DEBUG] com.pcwk.ehr.user.dao.UserDaoImpl - 4321b
[2025-06-25 09:17:19] [DEBUG] com.pcwk.ehr.user.dao.UserDaoImpl - 55
[2025-06-25 09:17:19] [DEBUG] com.pcwk.ehr.user.dao.UserDaoImpl - 10
[2025-06-25 09:17:19] [DEBUG] com.pcwk.ehr.user.dao.UserDaoImpl - 2
[2025-06-25 09:17:19] [DEBUG] com.pcwk.ehr.user.dao.UserDaoImpl - dlwhd0614@naver.com
[2025-06-25 09:17:19] [DEBUG] com.pcwk.ehr.user.dao.UserDaoImpl - 1.sql:
select count(*) total_cnt from member 

[2025-06-25 09:17:19] [DEBUG] com.pcwk.ehr.user.dao.UserDaoImpl - 2.count:2
[2025-06-25 09:17:19] [DEBUG] com.pcwk.ehr.user.dao.UserDaoImpl - 2.sql
INSERT INTO member (  
    user_id,          
    name,             
    password,         
    login,            
    recommand,        
    grade,            
    email,            
    reg_dt            
) VALUES ( ?,         
           ?,         
           ?,         
           ?,         
           ?,         
           ?,         
           ?,         
           SYSDATE )  

[2025-06-25 09:17:19] [DEBUG] com.pcwk.ehr.user.dao.UserDaoImpl - param:
[2025-06-25 09:17:19] [DEBUG] com.pcwk.ehr.user.dao.UserDaoImpl - pcwk03
[2025-06-25 09:17:19] [DEBUG] com.pcwk.ehr.user.dao.UserDaoImpl - 이상무03
[2025-06-25 09:17:19] [DEBUG] com.pcwk.ehr.user.dao.UserDaoImpl - 4321c
[2025-06-25 09:17:19] [DEBUG] com.pcwk.ehr.user.dao.UserDaoImpl - 100
[2025-06-25 09:17:19] [DEBUG] com.pcwk.ehr.user.dao.UserDaoImpl - 40
[2025-06-25 09:17:19] [DEBUG] com.pcwk.ehr.user.dao.UserDaoImpl - 3
[2025-06-25 09:17:19] [DEBUG] com.pcwk.ehr.user.dao.UserDaoImpl - dlwhd0614@naver.com
[2025-06-25 09:17:19] [DEBUG] com.pcwk.ehr.user.dao.UserDaoImpl - 1.sql:
select count(*) total_cnt from member 

[2025-06-25 09:17:19] [DEBUG] com.pcwk.ehr.user.dao.UserDaoImpl - 2.count:3
[2025-06-25 09:17:19] [DEBUG] com.pcwk.ehr.user.dao.UserDaoImpl - 2.sql:
SELECT                                                    
    user_id,                                              
    name,                                                 
    password,                                             
    login,                                                
    recommand,                                            
    grade,                                                
    email,                                                
    TO_CHAR(reg_dt,'YYYY/MM/DD HH24:MI:SS') AS reg_dt_str 
FROM                                                      
    member                                                
ORDER BY user_id                                          

[2025-06-25 09:17:19] [DEBUG] com.pcwk.ehr.user.dao.UserDaoImpl - 3 outVO:UserDTO [userId=pcwk01, name=이상무01, password=4321a, regDt=2025/06/25 09:17:19, Login=0, Recommand=0, Grade=BASIC, Email=dlwhd0614@naver.com, toString()=DTO [no=0, totalCnt=0]]
[2025-06-25 09:17:19] [DEBUG] com.pcwk.ehr.user.dao.UserDaoImpl - 3 outVO:UserDTO [userId=pcwk02, name=이상무02, password=4321b, regDt=2025/06/25 09:17:19, Login=55, Recommand=10, Grade=SILVER, Email=dlwhd0614@naver.com, toString()=DTO [no=0, totalCnt=0]]
[2025-06-25 09:17:19] [DEBUG] com.pcwk.ehr.user.dao.UserDaoImpl - 3 outVO:UserDTO [userId=pcwk03, name=이상무03, password=4321c, regDt=2025/06/25 09:17:19, Login=100, Recommand=40, Grade=GOLD, Email=dlwhd0614@naver.com, toString()=DTO [no=0, totalCnt=0]]
[2025-06-25 09:17:19] [DEBUG] com.pcwk.ehr.user.UserDaoTest - UserDTO [userId=pcwk01, name=이상무01, password=4321a, regDt=2025/06/25 09:17:19, Login=0, Recommand=0, Grade=BASIC, Email=dlwhd0614@naver.com, toString()=DTO [no=0, totalCnt=0]]
[2025-06-25 09:17:19] [DEBUG] com.pcwk.ehr.user.UserDaoTest - UserDTO [userId=pcwk02, name=이상무02, password=4321b, regDt=2025/06/25 09:17:19, Login=55, Recommand=10, Grade=SILVER, Email=dlwhd0614@naver.com, toString()=DTO [no=0, totalCnt=0]]
[2025-06-25 09:17:19] [DEBUG] com.pcwk.ehr.user.UserDaoTest - UserDTO [userId=pcwk03, name=이상무03, password=4321c, regDt=2025/06/25 09:17:19, Login=100, Recommand=40, Grade=GOLD, Email=dlwhd0614@naver.com, toString()=DTO [no=0, totalCnt=0]]
[2025-06-25 09:17:19] [DEBUG] com.pcwk.ehr.user.UserDaoTest - ***************************
[2025-06-25 09:17:19] [DEBUG] com.pcwk.ehr.user.UserDaoTest - @After
[2025-06-25 09:17:19] [DEBUG] com.pcwk.ehr.user.UserDaoTest - ***************************
[2025-06-25 09:17:19] [DEBUG] com.pcwk.ehr.user.UserDaoTest - context:org.springframework.context.support.GenericApplicationContext@609db546, started on Wed Jun 25 09:17:17 GMT+09:00 2025
[2025-06-25 09:17:19] [DEBUG] com.pcwk.ehr.user.dao.UserDaoImpl - 2.sql:
 delete from member 

[2025-06-25 09:17:19] [DEBUG] com.pcwk.ehr.user.dao.UserDaoImpl - 2.sql
INSERT INTO member (  
    user_id,          
    name,             
    password,         
    login,            
    recommand,        
    grade,            
    email,            
    reg_dt            
) VALUES ( ?,         
           ?,         
           ?,         
           ?,         
           ?,         
           ?,         
           ?,         
           SYSDATE )  

[2025-06-25 09:17:19] [DEBUG] com.pcwk.ehr.user.dao.UserDaoImpl - param:
[2025-06-25 09:17:19] [DEBUG] com.pcwk.ehr.user.dao.UserDaoImpl - pcwk01
[2025-06-25 09:17:19] [DEBUG] com.pcwk.ehr.user.dao.UserDaoImpl - 이상무01
[2025-06-25 09:17:19] [DEBUG] com.pcwk.ehr.user.dao.UserDaoImpl - 4321a
[2025-06-25 09:17:19] [DEBUG] com.pcwk.ehr.user.dao.UserDaoImpl - 0
[2025-06-25 09:17:19] [DEBUG] com.pcwk.ehr.user.dao.UserDaoImpl - 0
[2025-06-25 09:17:19] [DEBUG] com.pcwk.ehr.user.dao.UserDaoImpl - 1
[2025-06-25 09:17:19] [DEBUG] com.pcwk.ehr.user.dao.UserDaoImpl - dlwhd0614@naver.com
[2025-06-25 09:17:19] [DEBUG] com.pcwk.ehr.user.dao.UserDaoImpl - 1.sql:
select count(*) total_cnt from member 

[2025-06-25 09:17:19] [DEBUG] com.pcwk.ehr.user.dao.UserDaoImpl - 2.count:1
[2025-06-25 09:17:19] [DEBUG] com.pcwk.ehr.user.dao.UserDaoImpl - 2.sql
INSERT INTO member (  
    user_id,          
    name,             
    password,         
    login,            
    recommand,        
    grade,            
    email,            
    reg_dt            
) VALUES ( ?,         
           ?,         
           ?,         
           ?,         
           ?,         
           ?,         
           ?,         
           SYSDATE )  

[2025-06-25 09:17:19] [DEBUG] com.pcwk.ehr.user.dao.UserDaoImpl - param:
[2025-06-25 09:17:19] [DEBUG] com.pcwk.ehr.user.dao.UserDaoImpl - pcwk02
[2025-06-25 09:17:19] [DEBUG] com.pcwk.ehr.user.dao.UserDaoImpl - 이상무02
[2025-06-25 09:17:19] [DEBUG] com.pcwk.ehr.user.dao.UserDaoImpl - 4321b
[2025-06-25 09:17:19] [DEBUG] com.pcwk.ehr.user.dao.UserDaoImpl - 55
[2025-06-25 09:17:19] [DEBUG] com.pcwk.ehr.user.dao.UserDaoImpl - 10
[2025-06-25 09:17:19] [DEBUG] com.pcwk.ehr.user.dao.UserDaoImpl - 2
[2025-06-25 09:17:19] [DEBUG] com.pcwk.ehr.user.dao.UserDaoImpl - dlwhd0614@naver.com
[2025-06-25 09:17:19] [DEBUG] com.pcwk.ehr.user.dao.UserDaoImpl - 1.sql:
select count(*) total_cnt from member 

[2025-06-25 09:17:19] [DEBUG] com.pcwk.ehr.user.dao.UserDaoImpl - 2.count:2
[2025-06-25 09:17:19] [DEBUG] com.pcwk.ehr.user.dao.UserDaoImpl - 2.sql
INSERT INTO member (  
    user_id,          
    name,             
    password,         
    login,            
    recommand,        
    grade,            
    email,            
    reg_dt            
) VALUES ( ?,         
           ?,         
           ?,         
           ?,         
           ?,         
           ?,         
           ?,         
           SYSDATE )  

[2025-06-25 09:17:19] [DEBUG] com.pcwk.ehr.user.dao.UserDaoImpl - param:
[2025-06-25 09:17:19] [DEBUG] com.pcwk.ehr.user.dao.UserDaoImpl - pcwk03
[2025-06-25 09:17:19] [DEBUG] com.pcwk.ehr.user.dao.UserDaoImpl - 이상무03
[2025-06-25 09:17:19] [DEBUG] com.pcwk.ehr.user.dao.UserDaoImpl - 4321c
[2025-06-25 09:17:19] [DEBUG] com.pcwk.ehr.user.dao.UserDaoImpl - 100
[2025-06-25 09:17:19] [DEBUG] com.pcwk.ehr.user.dao.UserDaoImpl - 40
[2025-06-25 09:17:19] [DEBUG] com.pcwk.ehr.user.dao.UserDaoImpl - 3
[2025-06-25 09:17:19] [DEBUG] com.pcwk.ehr.user.dao.UserDaoImpl - dlwhd0614@naver.com
[2025-06-25 09:17:19] [DEBUG] com.pcwk.ehr.user.dao.UserDaoImpl - 1.sql:
select count(*) total_cnt from member 

[2025-06-25 09:17:19] [DEBUG] com.pcwk.ehr.user.dao.UserDaoImpl - 2.count:3
[2025-06-25 09:17:19] [DEBUG] com.pcwk.ehr.user.dao.UserDaoImpl - 2. sql:
SELECT                                                    
    user_id,                                              
    name,                                                 
    password,                                             
    login,                                                
    recommand,                                            
    grade,                                                
    email,                                                
    TO_CHAR(reg_dt,'YYYY/MM/DD HH24:MI:SS') AS reg_dt_str 
FROM                                                      
    member                                                
WHERE user_id = ?                                         

[2025-06-25 09:17:19] [DEBUG] com.pcwk.ehr.user.dao.UserDaoImpl - 2.param:
[2025-06-25 09:17:19] [DEBUG] com.pcwk.ehr.user.dao.UserDaoImpl - pcwk01
[2025-06-25 09:17:19] [DEBUG] com.pcwk.ehr.user.dao.UserDaoImpl - 3 outVO:UserDTO [userId=pcwk01, name=이상무01, password=4321a, regDt=2025/06/25 09:17:19, Login=0, Recommand=0, Grade=BASIC, Email=dlwhd0614@naver.com, toString()=DTO [no=0, totalCnt=0]]
[2025-06-25 09:17:19] [DEBUG] com.pcwk.ehr.user.dao.UserDaoImpl - 2. sql:
SELECT                                                    
    user_id,                                              
    name,                                                 
    password,                                             
    login,                                                
    recommand,                                            
    grade,                                                
    email,                                                
    TO_CHAR(reg_dt,'YYYY/MM/DD HH24:MI:SS') AS reg_dt_str 
FROM                                                      
    member                                                
WHERE user_id = ?                                         

[2025-06-25 09:17:19] [DEBUG] com.pcwk.ehr.user.dao.UserDaoImpl - 2.param:
[2025-06-25 09:17:19] [DEBUG] com.pcwk.ehr.user.dao.UserDaoImpl - pcwk02
[2025-06-25 09:17:19] [DEBUG] com.pcwk.ehr.user.dao.UserDaoImpl - 3 outVO:UserDTO [userId=pcwk02, name=이상무02, password=4321b, regDt=2025/06/25 09:17:19, Login=55, Recommand=10, Grade=SILVER, Email=dlwhd0614@naver.com, toString()=DTO [no=0, totalCnt=0]]
[2025-06-25 09:17:19] [DEBUG] com.pcwk.ehr.user.dao.UserDaoImpl - 2. sql:
SELECT                                                    
    user_id,                                              
    name,                                                 
    password,                                             
    login,                                                
    recommand,                                            
    grade,                                                
    email,                                                
    TO_CHAR(reg_dt,'YYYY/MM/DD HH24:MI:SS') AS reg_dt_str 
FROM                                                      
    member                                                
WHERE user_id = ?                                         

[2025-06-25 09:17:19] [DEBUG] com.pcwk.ehr.user.dao.UserDaoImpl - 2.param:
[2025-06-25 09:17:19] [DEBUG] com.pcwk.ehr.user.dao.UserDaoImpl - pcwk03
[2025-06-25 09:17:19] [DEBUG] com.pcwk.ehr.user.dao.UserDaoImpl - 3 outVO:UserDTO [userId=pcwk03, name=이상무03, password=4321c, regDt=2025/06/25 09:17:19, Login=100, Recommand=40, Grade=GOLD, Email=dlwhd0614@naver.com, toString()=DTO [no=0, totalCnt=0]]
[2025-06-25 09:17:19] [DEBUG] com.pcwk.ehr.user.UserDaoTest - ***************************
[2025-06-25 09:17:19] [DEBUG] com.pcwk.ehr.user.UserDaoTest - @After
[2025-06-25 09:17:19] [DEBUG] com.pcwk.ehr.user.UserDaoTest - ***************************
[2025-06-25 09:17:19] [DEBUG] com.pcwk.ehr.user.UserDaoTest - context:org.springframework.context.support.GenericApplicationContext@609db546, started on Wed Jun 25 09:17:17 GMT+09:00 2025
[2025-06-25 09:17:19] [DEBUG] com.pcwk.ehr.user.dao.UserDaoImpl - 2.sql:
 delete from member 

[2025-06-25 09:17:19] [DEBUG] com.pcwk.ehr.user.dao.UserDaoImpl - 2.sql
INSERT INTO member (  
    user_id,          
    name,             
    password,         
    login,            
    recommand,        
    grade,            
    email,            
    reg_dt            
) VALUES ( ?,         
           ?,         
           ?,         
           ?,         
           ?,         
           ?,         
           ?,         
           SYSDATE )  

[2025-06-25 09:17:19] [DEBUG] com.pcwk.ehr.user.dao.UserDaoImpl - param:
[2025-06-25 09:17:19] [DEBUG] com.pcwk.ehr.user.dao.UserDaoImpl - pcwk01
[2025-06-25 09:17:19] [DEBUG] com.pcwk.ehr.user.dao.UserDaoImpl - 이상무01
[2025-06-25 09:17:19] [DEBUG] com.pcwk.ehr.user.dao.UserDaoImpl - 4321a
[2025-06-25 09:17:19] [DEBUG] com.pcwk.ehr.user.dao.UserDaoImpl - 0
[2025-06-25 09:17:19] [DEBUG] com.pcwk.ehr.user.dao.UserDaoImpl - 0
[2025-06-25 09:17:19] [DEBUG] com.pcwk.ehr.user.dao.UserDaoImpl - 1
[2025-06-25 09:17:19] [DEBUG] com.pcwk.ehr.user.dao.UserDaoImpl - dlwhd0614@naver.com
[2025-06-25 09:17:19] [DEBUG] com.pcwk.ehr.user.dao.UserDaoImpl - 1.sql:
select count(*) total_cnt from member 

[2025-06-25 09:17:19] [DEBUG] com.pcwk.ehr.user.dao.UserDaoImpl - 2.count:1
[2025-06-25 09:17:19] [DEBUG] com.pcwk.ehr.user.dao.UserDaoImpl - 2. sql:
SELECT                                                    
    user_id,                                              
    name,                                                 
    password,                                             
    login,                                                
    recommand,                                            
    grade,                                                
    email,                                                
    TO_CHAR(reg_dt,'YYYY/MM/DD HH24:MI:SS') AS reg_dt_str 
FROM                                                      
    member                                                
WHERE user_id = ?                                         

[2025-06-25 09:17:19] [DEBUG] com.pcwk.ehr.user.dao.UserDaoImpl - 2.param:
[2025-06-25 09:17:19] [DEBUG] com.pcwk.ehr.user.dao.UserDaoImpl - pcwk01_99
[2025-06-25 09:17:19] [DEBUG] com.pcwk.ehr.user.UserDaoTest - ***************************
[2025-06-25 09:17:19] [DEBUG] com.pcwk.ehr.user.UserDaoTest - @After
[2025-06-25 09:17:19] [DEBUG] com.pcwk.ehr.user.UserDaoTest - ***************************
[2025-06-25 09:17:19] [DEBUG] com.pcwk.ehr.user.UserDaoTest - context:org.springframework.context.support.GenericApplicationContext@609db546, started on Wed Jun 25 09:17:17 GMT+09:00 2025
[2025-06-25 09:17:19] [DEBUG] com.pcwk.ehr.user.dao.UserDaoImpl - 2.sql:
 delete from member 

[2025-06-25 09:17:19] [DEBUG] com.pcwk.ehr.user.dao.UserDaoImpl - 2.sql
INSERT INTO member (  
    user_id,          
    name,             
    password,         
    login,            
    recommand,        
    grade,            
    email,            
    reg_dt            
) VALUES ( ?,         
           ?,         
           ?,         
           ?,         
           ?,         
           ?,         
           ?,         
           SYSDATE )  

[2025-06-25 09:17:19] [DEBUG] com.pcwk.ehr.user.dao.UserDaoImpl - param:
[2025-06-25 09:17:19] [DEBUG] com.pcwk.ehr.user.dao.UserDaoImpl - pcwk01
[2025-06-25 09:17:19] [DEBUG] com.pcwk.ehr.user.dao.UserDaoImpl - 이상무01
[2025-06-25 09:17:19] [DEBUG] com.pcwk.ehr.user.dao.UserDaoImpl - 4321a
[2025-06-25 09:17:19] [DEBUG] com.pcwk.ehr.user.dao.UserDaoImpl - 0
[2025-06-25 09:17:19] [DEBUG] com.pcwk.ehr.user.dao.UserDaoImpl - 0
[2025-06-25 09:17:19] [DEBUG] com.pcwk.ehr.user.dao.UserDaoImpl - 1
[2025-06-25 09:17:19] [DEBUG] com.pcwk.ehr.user.dao.UserDaoImpl - dlwhd0614@naver.com
[2025-06-25 09:17:19] [DEBUG] com.pcwk.ehr.user.dao.UserDaoImpl - 1.sql:
select count(*) total_cnt from member 

[2025-06-25 09:17:19] [DEBUG] com.pcwk.ehr.user.dao.UserDaoImpl - 2.count:1
[2025-06-25 09:17:19] [DEBUG] com.pcwk.ehr.user.dao.UserDaoImpl - 2. sql:
SELECT                                                    
    user_id,                                              
    name,                                                 
    password,                                             
    login,                                                
    recommand,                                            
    grade,                                                
    email,                                                
    TO_CHAR(reg_dt,'YYYY/MM/DD HH24:MI:SS') AS reg_dt_str 
FROM                                                      
    member                                                
WHERE user_id = ?                                         

[2025-06-25 09:17:19] [DEBUG] com.pcwk.ehr.user.dao.UserDaoImpl - 2.param:
[2025-06-25 09:17:19] [DEBUG] com.pcwk.ehr.user.dao.UserDaoImpl - pcwk01
[2025-06-25 09:17:19] [DEBUG] com.pcwk.ehr.user.dao.UserDaoImpl - 3 outVO:UserDTO [userId=pcwk01, name=이상무01, password=4321a, regDt=2025/06/25 09:17:19, Login=0, Recommand=0, Grade=BASIC, Email=dlwhd0614@naver.com, toString()=DTO [no=0, totalCnt=0]]
[2025-06-25 09:17:19] [DEBUG] com.pcwk.ehr.user.UserDaoTest - outVO:UserDTO [userId=pcwk01, name=이상무01_U, password=4321a_U, regDt=2025/06/25 09:17:19, Login=999, Recommand=999, Grade=GOLD, Email=dlwhd0614@naver.com_U, toString()=DTO [no=0, totalCnt=0]]
[2025-06-25 09:17:19] [DEBUG] com.pcwk.ehr.user.dao.UserDaoImpl - param:
[2025-06-25 09:17:19] [DEBUG] com.pcwk.ehr.user.dao.UserDaoImpl - 이상무01_U
[2025-06-25 09:17:19] [DEBUG] com.pcwk.ehr.user.dao.UserDaoImpl - 4321a_U
[2025-06-25 09:17:19] [DEBUG] com.pcwk.ehr.user.dao.UserDaoImpl - 999
[2025-06-25 09:17:19] [DEBUG] com.pcwk.ehr.user.dao.UserDaoImpl - 999
[2025-06-25 09:17:19] [DEBUG] com.pcwk.ehr.user.dao.UserDaoImpl - 3
[2025-06-25 09:17:19] [DEBUG] com.pcwk.ehr.user.dao.UserDaoImpl - dlwhd0614@naver.com_U
[2025-06-25 09:17:19] [DEBUG] com.pcwk.ehr.user.dao.UserDaoImpl - pcwk01
[2025-06-25 09:17:19] [DEBUG] com.pcwk.ehr.user.dao.UserDaoImpl - 2. sql:
SELECT                                                    
    user_id,                                              
    name,                                                 
    password,                                             
    login,                                                
    recommand,                                            
    grade,                                                
    email,                                                
    TO_CHAR(reg_dt,'YYYY/MM/DD HH24:MI:SS') AS reg_dt_str 
FROM                                                      
    member                                                
WHERE user_id = ?                                         

[2025-06-25 09:17:19] [DEBUG] com.pcwk.ehr.user.dao.UserDaoImpl - 2.param:
[2025-06-25 09:17:19] [DEBUG] com.pcwk.ehr.user.dao.UserDaoImpl - pcwk01
[2025-06-25 09:17:19] [DEBUG] com.pcwk.ehr.user.dao.UserDaoImpl - 3 outVO:UserDTO [userId=pcwk01, name=이상무01_U, password=4321a_U, regDt=2025/06/25 09:17:19, Login=999, Recommand=999, Grade=GOLD, Email=dlwhd0614@naver.com_U, toString()=DTO [no=0, totalCnt=0]]
[2025-06-25 09:17:19] [DEBUG] com.pcwk.ehr.user.UserDaoTest - ***************************
[2025-06-25 09:17:19] [DEBUG] com.pcwk.ehr.user.UserDaoTest - @After
[2025-06-25 09:17:19] [DEBUG] com.pcwk.ehr.user.UserDaoTest - ***************************
[2025-06-25 09:17:19] [DEBUG] com.pcwk.ehr.user.UserDaoTest - context:org.springframework.context.support.GenericApplicationContext@609db546, started on Wed Jun 25 09:17:17 GMT+09:00 2025
[2025-06-25 09:17:19] [DEBUG] com.pcwk.ehr.user.dao.UserDaoImpl - 2.sql:
 delete from member 

[2025-06-25 09:17:19] [DEBUG] com.pcwk.ehr.user.dao.UserDaoImpl - 2.sql
INSERT INTO member (  
    user_id,          
    name,             
    password,         
    login,            
    recommand,        
    grade,            
    email,            
    reg_dt            
) VALUES ( ?,         
           ?,         
           ?,         
           ?,         
           ?,         
           ?,         
           ?,         
           SYSDATE )  

[2025-06-25 09:17:19] [DEBUG] com.pcwk.ehr.user.dao.UserDaoImpl - param:
[2025-06-25 09:17:19] [DEBUG] com.pcwk.ehr.user.dao.UserDaoImpl - pcwk01
[2025-06-25 09:17:19] [DEBUG] com.pcwk.ehr.user.dao.UserDaoImpl - 이상무01
[2025-06-25 09:17:19] [DEBUG] com.pcwk.ehr.user.dao.UserDaoImpl - 4321a
[2025-06-25 09:17:19] [DEBUG] com.pcwk.ehr.user.dao.UserDaoImpl - 0
[2025-06-25 09:17:19] [DEBUG] com.pcwk.ehr.user.dao.UserDaoImpl - 0
[2025-06-25 09:17:19] [DEBUG] com.pcwk.ehr.user.dao.UserDaoImpl - 1
[2025-06-25 09:17:19] [DEBUG] com.pcwk.ehr.user.dao.UserDaoImpl - dlwhd0614@naver.com
[2025-06-25 09:17:19] [DEBUG] com.pcwk.ehr.user.dao.UserDaoImpl - 1.sql:
select count(*) total_cnt from member 

[2025-06-25 09:17:19] [DEBUG] com.pcwk.ehr.user.dao.UserDaoImpl - 2.count:1
[2025-06-25 09:17:19] [DEBUG] com.pcwk.ehr.user.dao.UserDaoImpl - 2.sql:
 delete from member 
WHERE                    
   user_id  = ?          

[2025-06-25 09:17:19] [DEBUG] com.pcwk.ehr.user.dao.UserDaoImpl - 1.sql:
select count(*) total_cnt from member 

[2025-06-25 09:17:19] [DEBUG] com.pcwk.ehr.user.dao.UserDaoImpl - 2.count:0
[2025-06-25 09:17:19] [DEBUG] com.pcwk.ehr.user.UserDaoTest - ***************************
[2025-06-25 09:17:19] [DEBUG] com.pcwk.ehr.user.UserDaoTest - @After
[2025-06-25 09:17:19] [DEBUG] com.pcwk.ehr.user.UserDaoTest - ***************************
[2025-06-25 09:31:14] [INFO ] org.springframework.test.context.support.DefaultTestContextBootstrapper - Loaded default TestExecutionListener class names from location [META-INF/spring.factories]: [org.springframework.test.context.web.ServletTestExecutionListener, org.springframework.test.context.support.DirtiesContextBeforeModesTestExecutionListener, org.springframework.test.context.event.ApplicationEventsTestExecutionListener, org.springframework.test.context.support.DependencyInjectionTestExecutionListener, org.springframework.test.context.support.DirtiesContextTestExecutionListener, org.springframework.test.context.transaction.TransactionalTestExecutionListener, org.springframework.test.context.jdbc.SqlScriptsTestExecutionListener, org.springframework.test.context.event.EventPublishingTestExecutionListener]
[2025-06-25 09:31:14] [INFO ] org.springframework.test.context.support.DefaultTestContextBootstrapper - Using TestExecutionListeners: [org.springframework.test.context.web.ServletTestExecutionListener@67b9b51a, org.springframework.test.context.support.DirtiesContextBeforeModesTestExecutionListener@1205bd62, org.springframework.test.context.event.ApplicationEventsTestExecutionListener@7ef27d7f, org.springframework.test.context.support.DependencyInjectionTestExecutionListener@490caf5f, org.springframework.test.context.support.DirtiesContextTestExecutionListener@6337c201, org.springframework.test.context.transaction.TransactionalTestExecutionListener@5c669da8, org.springframework.test.context.jdbc.SqlScriptsTestExecutionListener@31920ade, org.springframework.test.context.event.EventPublishingTestExecutionListener@1d483de4]
[2025-06-25 09:31:15] [ERROR] org.springframework.test.context.TestContextManager - Caught exception while allowing TestExecutionListener [org.springframework.test.context.support.DependencyInjectionTestExecutionListener@490caf5f] to prepare test instance [com.pcwk.ehr.member.MemberTest@27b2faa6]
org.springframework.beans.factory.UnsatisfiedDependencyException: Error creating bean with name 'com.pcwk.ehr.member.MemberTest': Unsatisfied dependency expressed through field 'dao'; nested exception is org.springframework.beans.factory.NoUniqueBeanDefinitionException: No qualifying bean of type 'com.pcwk.ehr.member.dao.MemberDao' available: expected single matching bean but found 2: memberDaoImpl,memberDao
	at org.springframework.beans.factory.annotation.AutowiredAnnotationBeanPostProcessor$AutowiredFieldElement.resolveFieldValue(AutowiredAnnotationBeanPostProcessor.java:713) ~[spring-beans-5.3.37.jar:5.3.37]
	at org.springframework.beans.factory.annotation.AutowiredAnnotationBeanPostProcessor$AutowiredFieldElement.inject(AutowiredAnnotationBeanPostProcessor.java:693) ~[spring-beans-5.3.37.jar:5.3.37]
	at org.springframework.beans.factory.annotation.InjectionMetadata.inject(InjectionMetadata.java:119) ~[spring-beans-5.3.37.jar:5.3.37]
	at org.springframework.beans.factory.annotation.AutowiredAnnotationBeanPostProcessor.postProcessProperties(AutowiredAnnotationBeanPostProcessor.java:408) ~[spring-beans-5.3.37.jar:5.3.37]
	at org.springframework.beans.factory.support.AbstractAutowireCapableBeanFactory.populateBean(AbstractAutowireCapableBeanFactory.java:1431) ~[spring-beans-5.3.37.jar:5.3.37]
	at org.springframework.beans.factory.support.AbstractAutowireCapableBeanFactory.autowireBeanProperties(AbstractAutowireCapableBeanFactory.java:417) ~[spring-beans-5.3.37.jar:5.3.37]
	at org.springframework.test.context.support.DependencyInjectionTestExecutionListener.injectDependencies(DependencyInjectionTestExecutionListener.java:119) ~[spring-test-5.3.37.jar:5.3.37]
	at org.springframework.test.context.support.DependencyInjectionTestExecutionListener.prepareTestInstance(DependencyInjectionTestExecutionListener.java:83) ~[spring-test-5.3.37.jar:5.3.37]
	at org.springframework.test.context.TestContextManager.prepareTestInstance(TestContextManager.java:248) ~[spring-test-5.3.37.jar:5.3.37]
	at org.springframework.test.context.junit.jupiter.SpringExtension.postProcessTestInstance(SpringExtension.java:138) ~[spring-test-5.3.37.jar:5.3.37]
	at org.junit.jupiter.engine.descriptor.ClassBasedTestDescriptor.lambda$invokeTestInstancePostProcessors$11(ClassBasedTestDescriptor.java:378) ~[junit-jupiter-engine-5.11.0.jar:5.11.0]
	at org.junit.jupiter.engine.descriptor.ClassBasedTestDescriptor.executeAndMaskThrowable(ClassBasedTestDescriptor.java:383) ~[junit-jupiter-engine-5.11.0.jar:5.11.0]
	at org.junit.jupiter.engine.descriptor.ClassBasedTestDescriptor.lambda$invokeTestInstancePostProcessors$12(ClassBasedTestDescriptor.java:378) ~[junit-jupiter-engine-5.11.0.jar:5.11.0]
	at java.util.stream.ForEachOps$ForEachOp$OfRef.accept(Unknown Source) ~[?:1.8.0_202]
	at java.util.stream.ReferencePipeline$3$1.accept(Unknown Source) ~[?:1.8.0_202]
	at java.util.stream.ReferencePipeline$2$1.accept(Unknown Source) ~[?:1.8.0_202]
	at java.util.stream.ReferencePipeline$3$1.accept(Unknown Source) ~[?:1.8.0_202]
	at java.util.ArrayList$ArrayListSpliterator.forEachRemaining(Unknown Source) ~[?:1.8.0_202]
	at java.util.stream.AbstractPipeline.copyInto(Unknown Source) ~[?:1.8.0_202]
	at java.util.stream.AbstractPipeline.wrapAndCopyInto(Unknown Source) ~[?:1.8.0_202]
	at java.util.stream.ForEachOps$ForEachOp.evaluateSequential(Unknown Source) ~[?:1.8.0_202]
	at java.util.stream.ForEachOps$ForEachOp$OfRef.evaluateSequential(Unknown Source) ~[?:1.8.0_202]
	at java.util.stream.AbstractPipeline.evaluate(Unknown Source) ~[?:1.8.0_202]
	at java.util.stream.ReferencePipeline.forEach(Unknown Source) ~[?:1.8.0_202]
	at org.junit.jupiter.engine.descriptor.ClassBasedTestDescriptor.invokeTestInstancePostProcessors(ClassBasedTestDescriptor.java:377) ~[junit-jupiter-engine-5.11.0.jar:5.11.0]
	at org.junit.jupiter.engine.descriptor.ClassBasedTestDescriptor.lambda$instantiateAndPostProcessTestInstance$7(ClassBasedTestDescriptor.java:290) ~[junit-jupiter-engine-5.11.0.jar:5.11.0]
	at org.junit.platform.engine.support.hierarchical.ThrowableCollector.execute(ThrowableCollector.java:73) ~[junit-platform-engine-1.11.0.jar:1.11.0]
	at org.junit.jupiter.engine.descriptor.ClassBasedTestDescriptor.instantiateAndPostProcessTestInstance(ClassBasedTestDescriptor.java:289) ~[junit-jupiter-engine-5.11.0.jar:5.11.0]
	at org.junit.jupiter.engine.descriptor.ClassBasedTestDescriptor.lambda$testInstancesProvider$5(ClassBasedTestDescriptor.java:279) ~[junit-jupiter-engine-5.11.0.jar:5.11.0]
	at java.util.Optional.orElseGet(Unknown Source) ~[?:1.8.0_202]
	at org.junit.jupiter.engine.descriptor.ClassBasedTestDescriptor.lambda$testInstancesProvider$6(ClassBasedTestDescriptor.java:278) ~[junit-jupiter-engine-5.11.0.jar:5.11.0]
	at org.junit.jupiter.engine.execution.TestInstancesProvider.getTestInstances(TestInstancesProvider.java:31) ~[junit-jupiter-engine-5.11.0.jar:5.11.0]
	at org.junit.jupiter.engine.descriptor.TestMethodTestDescriptor.lambda$prepare$1(TestMethodTestDescriptor.java:105) ~[junit-jupiter-engine-5.11.0.jar:5.11.0]
	at org.junit.platform.engine.support.hierarchical.ThrowableCollector.execute(ThrowableCollector.java:73) ~[junit-platform-engine-1.11.0.jar:1.11.0]
	at org.junit.jupiter.engine.descriptor.TestMethodTestDescriptor.prepare(TestMethodTestDescriptor.java:104) ~[junit-jupiter-engine-5.11.0.jar:5.11.0]
	at org.junit.jupiter.engine.descriptor.TestMethodTestDescriptor.prepare(TestMethodTestDescriptor.java:68) ~[junit-jupiter-engine-5.11.0.jar:5.11.0]
	at org.junit.platform.engine.support.hierarchical.NodeTestTask.lambda$prepare$2(NodeTestTask.java:123) ~[junit-platform-engine-1.11.0.jar:1.11.0]
	at org.junit.platform.engine.support.hierarchical.ThrowableCollector.execute(ThrowableCollector.java:73) ~[junit-platform-engine-1.11.0.jar:1.11.0]
	at org.junit.platform.engine.support.hierarchical.NodeTestTask.prepare(NodeTestTask.java:123) ~[junit-platform-engine-1.11.0.jar:1.11.0]
	at org.junit.platform.engine.support.hierarchical.NodeTestTask.execute(NodeTestTask.java:90) ~[junit-platform-engine-1.11.0.jar:1.11.0]
	at java.util.ArrayList.forEach(Unknown Source) ~[?:1.8.0_202]
	at org.junit.platform.engine.support.hierarchical.SameThreadHierarchicalTestExecutorService.invokeAll(SameThreadHierarchicalTestExecutorService.java:41) ~[junit-platform-engine-1.11.0.jar:1.11.0]
	at org.junit.platform.engine.support.hierarchical.NodeTestTask.lambda$executeRecursively$6(NodeTestTask.java:155) ~[junit-platform-engine-1.11.0.jar:1.11.0]
	at org.junit.platform.engine.support.hierarchical.ThrowableCollector.execute(ThrowableCollector.java:73) ~[junit-platform-engine-1.11.0.jar:1.11.0]
	at org.junit.platform.engine.support.hierarchical.NodeTestTask.lambda$executeRecursively$8(NodeTestTask.java:141) ~[junit-platform-engine-1.11.0.jar:1.11.0]
	at org.junit.platform.engine.support.hierarchical.Node.around(Node.java:137) ~[junit-platform-engine-1.11.0.jar:1.11.0]
	at org.junit.platform.engine.support.hierarchical.NodeTestTask.lambda$executeRecursively$9(NodeTestTask.java:139) ~[junit-platform-engine-1.11.0.jar:1.11.0]
	at org.junit.platform.engine.support.hierarchical.ThrowableCollector.execute(ThrowableCollector.java:73) ~[junit-platform-engine-1.11.0.jar:1.11.0]
	at org.junit.platform.engine.support.hierarchical.NodeTestTask.executeRecursively(NodeTestTask.java:138) ~[junit-platform-engine-1.11.0.jar:1.11.0]
	at org.junit.platform.engine.support.hierarchical.NodeTestTask.execute(NodeTestTask.java:95) ~[junit-platform-engine-1.11.0.jar:1.11.0]
	at java.util.ArrayList.forEach(Unknown Source) ~[?:1.8.0_202]
	at org.junit.platform.engine.support.hierarchical.SameThreadHierarchicalTestExecutorService.invokeAll(SameThreadHierarchicalTestExecutorService.java:41) ~[junit-platform-engine-1.11.0.jar:1.11.0]
	at org.junit.platform.engine.support.hierarchical.NodeTestTask.lambda$executeRecursively$6(NodeTestTask.java:155) ~[junit-platform-engine-1.11.0.jar:1.11.0]
	at org.junit.platform.engine.support.hierarchical.ThrowableCollector.execute(ThrowableCollector.java:73) ~[junit-platform-engine-1.11.0.jar:1.11.0]
	at org.junit.platform.engine.support.hierarchical.NodeTestTask.lambda$executeRecursively$8(NodeTestTask.java:141) ~[junit-platform-engine-1.11.0.jar:1.11.0]
	at org.junit.platform.engine.support.hierarchical.Node.around(Node.java:137) ~[junit-platform-engine-1.11.0.jar:1.11.0]
	at org.junit.platform.engine.support.hierarchical.NodeTestTask.lambda$executeRecursively$9(NodeTestTask.java:139) ~[junit-platform-engine-1.11.0.jar:1.11.0]
	at org.junit.platform.engine.support.hierarchical.ThrowableCollector.execute(ThrowableCollector.java:73) ~[junit-platform-engine-1.11.0.jar:1.11.0]
	at org.junit.platform.engine.support.hierarchical.NodeTestTask.executeRecursively(NodeTestTask.java:138) ~[junit-platform-engine-1.11.0.jar:1.11.0]
	at org.junit.platform.engine.support.hierarchical.NodeTestTask.execute(NodeTestTask.java:95) ~[junit-platform-engine-1.11.0.jar:1.11.0]
	at org.junit.platform.engine.support.hierarchical.SameThreadHierarchicalTestExecutorService.submit(SameThreadHierarchicalTestExecutorService.java:35) ~[junit-platform-engine-1.11.0.jar:1.11.0]
	at org.junit.platform.engine.support.hierarchical.HierarchicalTestExecutor.execute(HierarchicalTestExecutor.java:57) ~[junit-platform-engine-1.11.0.jar:1.11.0]
	at org.junit.platform.engine.support.hierarchical.HierarchicalTestEngine.execute(HierarchicalTestEngine.java:54) ~[junit-platform-engine-1.11.0.jar:1.11.0]
	at org.junit.platform.launcher.core.EngineExecutionOrchestrator.execute(EngineExecutionOrchestrator.java:198) ~[junit-platform-launcher-1.11.0.jar:1.11.0]
	at org.junit.platform.launcher.core.EngineExecutionOrchestrator.execute(EngineExecutionOrchestrator.java:169) ~[junit-platform-launcher-1.11.0.jar:1.11.0]
	at org.junit.platform.launcher.core.EngineExecutionOrchestrator.execute(EngineExecutionOrchestrator.java:93) ~[junit-platform-launcher-1.11.0.jar:1.11.0]
	at org.junit.platform.launcher.core.EngineExecutionOrchestrator.lambda$execute$0(EngineExecutionOrchestrator.java:58) ~[junit-platform-launcher-1.11.0.jar:1.11.0]
	at org.junit.platform.launcher.core.EngineExecutionOrchestrator.withInterceptedStreams(EngineExecutionOrchestrator.java:141) [junit-platform-launcher-1.11.0.jar:1.11.0]
	at org.junit.platform.launcher.core.EngineExecutionOrchestrator.execute(EngineExecutionOrchestrator.java:57) [junit-platform-launcher-1.11.0.jar:1.11.0]
	at org.junit.platform.launcher.core.DefaultLauncher.execute(DefaultLauncher.java:103) [junit-platform-launcher-1.11.0.jar:1.11.0]
	at org.junit.platform.launcher.core.DefaultLauncher.execute(DefaultLauncher.java:94) [junit-platform-launcher-1.11.0.jar:1.11.0]
	at org.junit.platform.launcher.core.DelegatingLauncher.execute(DelegatingLauncher.java:52) [junit-platform-launcher-1.11.0.jar:1.11.0]
	at org.junit.platform.launcher.core.SessionPerRequestLauncher.execute(SessionPerRequestLauncher.java:70) [junit-platform-launcher-1.11.0.jar:1.11.0]
	at org.eclipse.jdt.internal.junit5.runner.JUnit5TestReference.run(JUnit5TestReference.java:98) [.cp/:?]
	at org.eclipse.jdt.internal.junit.runner.TestExecution.run(TestExecution.java:41) [.cp/:?]
	at org.eclipse.jdt.internal.junit.runner.RemoteTestRunner.runTests(RemoteTestRunner.java:542) [.cp/:?]
	at org.eclipse.jdt.internal.junit.runner.RemoteTestRunner.runTests(RemoteTestRunner.java:770) [.cp/:?]
	at org.eclipse.jdt.internal.junit.runner.RemoteTestRunner.run(RemoteTestRunner.java:464) [.cp/:?]
	at org.eclipse.jdt.internal.junit.runner.RemoteTestRunner.main(RemoteTestRunner.java:210) [.cp/:?]
Caused by: org.springframework.beans.factory.NoUniqueBeanDefinitionException: No qualifying bean of type 'com.pcwk.ehr.member.dao.MemberDao' available: expected single matching bean but found 2: memberDaoImpl,memberDao
	at org.springframework.beans.factory.config.DependencyDescriptor.resolveNotUnique(DependencyDescriptor.java:220) ~[spring-beans-5.3.37.jar:5.3.37]
	at org.springframework.beans.factory.support.DefaultListableBeanFactory.doResolveDependency(DefaultListableBeanFactory.java:1369) ~[spring-beans-5.3.37.jar:5.3.37]
	at org.springframework.beans.factory.support.DefaultListableBeanFactory.resolveDependency(DefaultListableBeanFactory.java:1311) ~[spring-beans-5.3.37.jar:5.3.37]
	at org.springframework.beans.factory.annotation.AutowiredAnnotationBeanPostProcessor$AutowiredFieldElement.resolveFieldValue(AutowiredAnnotationBeanPostProcessor.java:710) ~[spring-beans-5.3.37.jar:5.3.37]
	... 78 more
[2025-06-25 09:32:53] [INFO ] org.springframework.test.context.support.DefaultTestContextBootstrapper - Loaded default TestExecutionListener class names from location [META-INF/spring.factories]: [org.springframework.test.context.web.ServletTestExecutionListener, org.springframework.test.context.support.DirtiesContextBeforeModesTestExecutionListener, org.springframework.test.context.event.ApplicationEventsTestExecutionListener, org.springframework.test.context.support.DependencyInjectionTestExecutionListener, org.springframework.test.context.support.DirtiesContextTestExecutionListener, org.springframework.test.context.transaction.TransactionalTestExecutionListener, org.springframework.test.context.jdbc.SqlScriptsTestExecutionListener, org.springframework.test.context.event.EventPublishingTestExecutionListener]
[2025-06-25 09:32:53] [INFO ] org.springframework.test.context.support.DefaultTestContextBootstrapper - Using TestExecutionListeners: [org.springframework.test.context.web.ServletTestExecutionListener@67b9b51a, org.springframework.test.context.support.DirtiesContextBeforeModesTestExecutionListener@1205bd62, org.springframework.test.context.event.ApplicationEventsTestExecutionListener@7ef27d7f, org.springframework.test.context.support.DependencyInjectionTestExecutionListener@490caf5f, org.springframework.test.context.support.DirtiesContextTestExecutionListener@6337c201, org.springframework.test.context.transaction.TransactionalTestExecutionListener@5c669da8, org.springframework.test.context.jdbc.SqlScriptsTestExecutionListener@31920ade, org.springframework.test.context.event.EventPublishingTestExecutionListener@1d483de4]
[2025-06-25 09:32:54] [DEBUG] com.pcwk.ehr.cmn.PLog - org.springframework.context.support.GenericApplicationContext@20435c40, started on Wed Jun 25 09:32:53 GMT+09:00 2025
[2025-06-25 09:32:54] [DEBUG] com.pcwk.ehr.cmn.PLog - com.pcwk.ehr.member.dao.MemberDao@67fc2aad
[2025-06-25 09:36:16] [INFO ] org.springframework.test.context.support.DefaultTestContextBootstrapper - Loaded default TestExecutionListener class names from location [META-INF/spring.factories]: [org.springframework.test.context.web.ServletTestExecutionListener, org.springframework.test.context.support.DirtiesContextBeforeModesTestExecutionListener, org.springframework.test.context.event.ApplicationEventsTestExecutionListener, org.springframework.test.context.support.DependencyInjectionTestExecutionListener, org.springframework.test.context.support.DirtiesContextTestExecutionListener, org.springframework.test.context.transaction.TransactionalTestExecutionListener, org.springframework.test.context.jdbc.SqlScriptsTestExecutionListener, org.springframework.test.context.event.EventPublishingTestExecutionListener]
[2025-06-25 09:36:16] [INFO ] org.springframework.test.context.support.DefaultTestContextBootstrapper - Using TestExecutionListeners: [org.springframework.test.context.web.ServletTestExecutionListener@67b9b51a, org.springframework.test.context.support.DirtiesContextBeforeModesTestExecutionListener@1205bd62, org.springframework.test.context.event.ApplicationEventsTestExecutionListener@7ef27d7f, org.springframework.test.context.support.DependencyInjectionTestExecutionListener@490caf5f, org.springframework.test.context.support.DirtiesContextTestExecutionListener@6337c201, org.springframework.test.context.transaction.TransactionalTestExecutionListener@5c669da8, org.springframework.test.context.jdbc.SqlScriptsTestExecutionListener@31920ade, org.springframework.test.context.event.EventPublishingTestExecutionListener@1d483de4]
[2025-06-25 09:36:17] [DEBUG] com.pcwk.ehr.cmn.PLog - org.springframework.context.support.GenericApplicationContext@20435c40, started on Wed Jun 25 09:36:16 GMT+09:00 2025
[2025-06-25 09:36:17] [DEBUG] com.pcwk.ehr.cmn.PLog - com.pcwk.ehr.member.dao.MemberDao@671facee
[2025-06-25 10:11:50] [INFO ] org.springframework.test.context.support.DefaultTestContextBootstrapper - Loaded default TestExecutionListener class names from location [META-INF/spring.factories]: [org.springframework.test.context.web.ServletTestExecutionListener, org.springframework.test.context.support.DirtiesContextBeforeModesTestExecutionListener, org.springframework.test.context.event.ApplicationEventsTestExecutionListener, org.springframework.test.context.support.DependencyInjectionTestExecutionListener, org.springframework.test.context.support.DirtiesContextTestExecutionListener, org.springframework.test.context.transaction.TransactionalTestExecutionListener, org.springframework.test.context.jdbc.SqlScriptsTestExecutionListener, org.springframework.test.context.event.EventPublishingTestExecutionListener]
[2025-06-25 10:11:50] [INFO ] org.springframework.test.context.support.DefaultTestContextBootstrapper - Using TestExecutionListeners: [org.springframework.test.context.web.ServletTestExecutionListener@1205bd62, org.springframework.test.context.support.DirtiesContextBeforeModesTestExecutionListener@7ef27d7f, org.springframework.test.context.event.ApplicationEventsTestExecutionListener@490caf5f, org.springframework.test.context.support.DependencyInjectionTestExecutionListener@6337c201, org.springframework.test.context.support.DirtiesContextTestExecutionListener@5c669da8, org.springframework.test.context.transaction.TransactionalTestExecutionListener@31920ade, org.springframework.test.context.jdbc.SqlScriptsTestExecutionListener@1d483de4, org.springframework.test.context.event.EventPublishingTestExecutionListener@4032d386]
[2025-06-25 10:11:51] [ERROR] org.springframework.test.context.TestContextManager - Caught exception while allowing TestExecutionListener [org.springframework.test.context.support.DependencyInjectionTestExecutionListener@6337c201] to prepare test instance [com.pcwk.ehr.member.MemberTest@61d84e08]
org.springframework.beans.factory.UnsatisfiedDependencyException: Error creating bean with name 'com.pcwk.ehr.member.MemberTest': Unsatisfied dependency expressed through field 'dao'; nested exception is org.springframework.beans.factory.NoUniqueBeanDefinitionException: No qualifying bean of type 'com.pcwk.ehr.member.dao.MemberDao' available: expected single matching bean but found 2: memberDaoImpl,memberDao
	at org.springframework.beans.factory.annotation.AutowiredAnnotationBeanPostProcessor$AutowiredFieldElement.resolveFieldValue(AutowiredAnnotationBeanPostProcessor.java:713) ~[spring-beans-5.3.37.jar:5.3.37]
	at org.springframework.beans.factory.annotation.AutowiredAnnotationBeanPostProcessor$AutowiredFieldElement.inject(AutowiredAnnotationBeanPostProcessor.java:693) ~[spring-beans-5.3.37.jar:5.3.37]
	at org.springframework.beans.factory.annotation.InjectionMetadata.inject(InjectionMetadata.java:119) ~[spring-beans-5.3.37.jar:5.3.37]
	at org.springframework.beans.factory.annotation.AutowiredAnnotationBeanPostProcessor.postProcessProperties(AutowiredAnnotationBeanPostProcessor.java:408) ~[spring-beans-5.3.37.jar:5.3.37]
	at org.springframework.beans.factory.support.AbstractAutowireCapableBeanFactory.populateBean(AbstractAutowireCapableBeanFactory.java:1431) ~[spring-beans-5.3.37.jar:5.3.37]
	at org.springframework.beans.factory.support.AbstractAutowireCapableBeanFactory.autowireBeanProperties(AbstractAutowireCapableBeanFactory.java:417) ~[spring-beans-5.3.37.jar:5.3.37]
	at org.springframework.test.context.support.DependencyInjectionTestExecutionListener.injectDependencies(DependencyInjectionTestExecutionListener.java:119) ~[spring-test-5.3.37.jar:5.3.37]
	at org.springframework.test.context.support.DependencyInjectionTestExecutionListener.prepareTestInstance(DependencyInjectionTestExecutionListener.java:83) ~[spring-test-5.3.37.jar:5.3.37]
	at org.springframework.test.context.TestContextManager.prepareTestInstance(TestContextManager.java:248) ~[spring-test-5.3.37.jar:5.3.37]
	at org.springframework.test.context.junit.jupiter.SpringExtension.postProcessTestInstance(SpringExtension.java:138) ~[spring-test-5.3.37.jar:5.3.37]
	at org.junit.jupiter.engine.descriptor.ClassBasedTestDescriptor.lambda$invokeTestInstancePostProcessors$11(ClassBasedTestDescriptor.java:378) ~[junit-jupiter-engine-5.11.0.jar:5.11.0]
	at org.junit.jupiter.engine.descriptor.ClassBasedTestDescriptor.executeAndMaskThrowable(ClassBasedTestDescriptor.java:383) ~[junit-jupiter-engine-5.11.0.jar:5.11.0]
	at org.junit.jupiter.engine.descriptor.ClassBasedTestDescriptor.lambda$invokeTestInstancePostProcessors$12(ClassBasedTestDescriptor.java:378) ~[junit-jupiter-engine-5.11.0.jar:5.11.0]
	at java.util.stream.ForEachOps$ForEachOp$OfRef.accept(Unknown Source) ~[?:1.8.0_202]
	at java.util.stream.ReferencePipeline$3$1.accept(Unknown Source) ~[?:1.8.0_202]
	at java.util.stream.ReferencePipeline$2$1.accept(Unknown Source) ~[?:1.8.0_202]
	at java.util.stream.ReferencePipeline$3$1.accept(Unknown Source) ~[?:1.8.0_202]
	at java.util.ArrayList$ArrayListSpliterator.forEachRemaining(Unknown Source) ~[?:1.8.0_202]
	at java.util.stream.AbstractPipeline.copyInto(Unknown Source) ~[?:1.8.0_202]
	at java.util.stream.AbstractPipeline.wrapAndCopyInto(Unknown Source) ~[?:1.8.0_202]
	at java.util.stream.ForEachOps$ForEachOp.evaluateSequential(Unknown Source) ~[?:1.8.0_202]
	at java.util.stream.ForEachOps$ForEachOp$OfRef.evaluateSequential(Unknown Source) ~[?:1.8.0_202]
	at java.util.stream.AbstractPipeline.evaluate(Unknown Source) ~[?:1.8.0_202]
	at java.util.stream.ReferencePipeline.forEach(Unknown Source) ~[?:1.8.0_202]
	at org.junit.jupiter.engine.descriptor.ClassBasedTestDescriptor.invokeTestInstancePostProcessors(ClassBasedTestDescriptor.java:377) ~[junit-jupiter-engine-5.11.0.jar:5.11.0]
	at org.junit.jupiter.engine.descriptor.ClassBasedTestDescriptor.lambda$instantiateAndPostProcessTestInstance$7(ClassBasedTestDescriptor.java:290) ~[junit-jupiter-engine-5.11.0.jar:5.11.0]
	at org.junit.platform.engine.support.hierarchical.ThrowableCollector.execute(ThrowableCollector.java:73) ~[junit-platform-engine-1.11.0.jar:1.11.0]
	at org.junit.jupiter.engine.descriptor.ClassBasedTestDescriptor.instantiateAndPostProcessTestInstance(ClassBasedTestDescriptor.java:289) ~[junit-jupiter-engine-5.11.0.jar:5.11.0]
	at org.junit.jupiter.engine.descriptor.ClassBasedTestDescriptor.lambda$testInstancesProvider$5(ClassBasedTestDescriptor.java:279) ~[junit-jupiter-engine-5.11.0.jar:5.11.0]
	at java.util.Optional.orElseGet(Unknown Source) ~[?:1.8.0_202]
	at org.junit.jupiter.engine.descriptor.ClassBasedTestDescriptor.lambda$testInstancesProvider$6(ClassBasedTestDescriptor.java:278) ~[junit-jupiter-engine-5.11.0.jar:5.11.0]
	at org.junit.jupiter.engine.execution.TestInstancesProvider.getTestInstances(TestInstancesProvider.java:31) ~[junit-jupiter-engine-5.11.0.jar:5.11.0]
	at org.junit.jupiter.engine.descriptor.TestMethodTestDescriptor.lambda$prepare$1(TestMethodTestDescriptor.java:105) ~[junit-jupiter-engine-5.11.0.jar:5.11.0]
	at org.junit.platform.engine.support.hierarchical.ThrowableCollector.execute(ThrowableCollector.java:73) ~[junit-platform-engine-1.11.0.jar:1.11.0]
	at org.junit.jupiter.engine.descriptor.TestMethodTestDescriptor.prepare(TestMethodTestDescriptor.java:104) ~[junit-jupiter-engine-5.11.0.jar:5.11.0]
	at org.junit.jupiter.engine.descriptor.TestMethodTestDescriptor.prepare(TestMethodTestDescriptor.java:68) ~[junit-jupiter-engine-5.11.0.jar:5.11.0]
	at org.junit.platform.engine.support.hierarchical.NodeTestTask.lambda$prepare$2(NodeTestTask.java:123) ~[junit-platform-engine-1.11.0.jar:1.11.0]
	at org.junit.platform.engine.support.hierarchical.ThrowableCollector.execute(ThrowableCollector.java:73) ~[junit-platform-engine-1.11.0.jar:1.11.0]
	at org.junit.platform.engine.support.hierarchical.NodeTestTask.prepare(NodeTestTask.java:123) ~[junit-platform-engine-1.11.0.jar:1.11.0]
	at org.junit.platform.engine.support.hierarchical.NodeTestTask.execute(NodeTestTask.java:90) ~[junit-platform-engine-1.11.0.jar:1.11.0]
	at java.util.ArrayList.forEach(Unknown Source) ~[?:1.8.0_202]
	at org.junit.platform.engine.support.hierarchical.SameThreadHierarchicalTestExecutorService.invokeAll(SameThreadHierarchicalTestExecutorService.java:41) ~[junit-platform-engine-1.11.0.jar:1.11.0]
	at org.junit.platform.engine.support.hierarchical.NodeTestTask.lambda$executeRecursively$6(NodeTestTask.java:155) ~[junit-platform-engine-1.11.0.jar:1.11.0]
	at org.junit.platform.engine.support.hierarchical.ThrowableCollector.execute(ThrowableCollector.java:73) ~[junit-platform-engine-1.11.0.jar:1.11.0]
	at org.junit.platform.engine.support.hierarchical.NodeTestTask.lambda$executeRecursively$8(NodeTestTask.java:141) ~[junit-platform-engine-1.11.0.jar:1.11.0]
	at org.junit.platform.engine.support.hierarchical.Node.around(Node.java:137) ~[junit-platform-engine-1.11.0.jar:1.11.0]
	at org.junit.platform.engine.support.hierarchical.NodeTestTask.lambda$executeRecursively$9(NodeTestTask.java:139) ~[junit-platform-engine-1.11.0.jar:1.11.0]
	at org.junit.platform.engine.support.hierarchical.ThrowableCollector.execute(ThrowableCollector.java:73) ~[junit-platform-engine-1.11.0.jar:1.11.0]
	at org.junit.platform.engine.support.hierarchical.NodeTestTask.executeRecursively(NodeTestTask.java:138) ~[junit-platform-engine-1.11.0.jar:1.11.0]
	at org.junit.platform.engine.support.hierarchical.NodeTestTask.execute(NodeTestTask.java:95) ~[junit-platform-engine-1.11.0.jar:1.11.0]
	at java.util.ArrayList.forEach(Unknown Source) ~[?:1.8.0_202]
	at org.junit.platform.engine.support.hierarchical.SameThreadHierarchicalTestExecutorService.invokeAll(SameThreadHierarchicalTestExecutorService.java:41) ~[junit-platform-engine-1.11.0.jar:1.11.0]
	at org.junit.platform.engine.support.hierarchical.NodeTestTask.lambda$executeRecursively$6(NodeTestTask.java:155) ~[junit-platform-engine-1.11.0.jar:1.11.0]
	at org.junit.platform.engine.support.hierarchical.ThrowableCollector.execute(ThrowableCollector.java:73) ~[junit-platform-engine-1.11.0.jar:1.11.0]
	at org.junit.platform.engine.support.hierarchical.NodeTestTask.lambda$executeRecursively$8(NodeTestTask.java:141) ~[junit-platform-engine-1.11.0.jar:1.11.0]
	at org.junit.platform.engine.support.hierarchical.Node.around(Node.java:137) ~[junit-platform-engine-1.11.0.jar:1.11.0]
	at org.junit.platform.engine.support.hierarchical.NodeTestTask.lambda$executeRecursively$9(NodeTestTask.java:139) ~[junit-platform-engine-1.11.0.jar:1.11.0]
	at org.junit.platform.engine.support.hierarchical.ThrowableCollector.execute(ThrowableCollector.java:73) ~[junit-platform-engine-1.11.0.jar:1.11.0]
	at org.junit.platform.engine.support.hierarchical.NodeTestTask.executeRecursively(NodeTestTask.java:138) ~[junit-platform-engine-1.11.0.jar:1.11.0]
	at org.junit.platform.engine.support.hierarchical.NodeTestTask.execute(NodeTestTask.java:95) ~[junit-platform-engine-1.11.0.jar:1.11.0]
	at org.junit.platform.engine.support.hierarchical.SameThreadHierarchicalTestExecutorService.submit(SameThreadHierarchicalTestExecutorService.java:35) ~[junit-platform-engine-1.11.0.jar:1.11.0]
	at org.junit.platform.engine.support.hierarchical.HierarchicalTestExecutor.execute(HierarchicalTestExecutor.java:57) ~[junit-platform-engine-1.11.0.jar:1.11.0]
	at org.junit.platform.engine.support.hierarchical.HierarchicalTestEngine.execute(HierarchicalTestEngine.java:54) ~[junit-platform-engine-1.11.0.jar:1.11.0]
	at org.junit.platform.launcher.core.EngineExecutionOrchestrator.execute(EngineExecutionOrchestrator.java:198) ~[junit-platform-launcher-1.11.0.jar:1.11.0]
	at org.junit.platform.launcher.core.EngineExecutionOrchestrator.execute(EngineExecutionOrchestrator.java:169) ~[junit-platform-launcher-1.11.0.jar:1.11.0]
	at org.junit.platform.launcher.core.EngineExecutionOrchestrator.execute(EngineExecutionOrchestrator.java:93) ~[junit-platform-launcher-1.11.0.jar:1.11.0]
	at org.junit.platform.launcher.core.EngineExecutionOrchestrator.lambda$execute$0(EngineExecutionOrchestrator.java:58) ~[junit-platform-launcher-1.11.0.jar:1.11.0]
	at org.junit.platform.launcher.core.EngineExecutionOrchestrator.withInterceptedStreams(EngineExecutionOrchestrator.java:141) [junit-platform-launcher-1.11.0.jar:1.11.0]
	at org.junit.platform.launcher.core.EngineExecutionOrchestrator.execute(EngineExecutionOrchestrator.java:57) [junit-platform-launcher-1.11.0.jar:1.11.0]
	at org.junit.platform.launcher.core.DefaultLauncher.execute(DefaultLauncher.java:103) [junit-platform-launcher-1.11.0.jar:1.11.0]
	at org.junit.platform.launcher.core.DefaultLauncher.execute(DefaultLauncher.java:94) [junit-platform-launcher-1.11.0.jar:1.11.0]
	at org.junit.platform.launcher.core.DelegatingLauncher.execute(DelegatingLauncher.java:52) [junit-platform-launcher-1.11.0.jar:1.11.0]
	at org.junit.platform.launcher.core.SessionPerRequestLauncher.execute(SessionPerRequestLauncher.java:70) [junit-platform-launcher-1.11.0.jar:1.11.0]
	at org.eclipse.jdt.internal.junit5.runner.JUnit5TestReference.run(JUnit5TestReference.java:98) [.cp/:?]
	at org.eclipse.jdt.internal.junit.runner.TestExecution.run(TestExecution.java:41) [.cp/:?]
	at org.eclipse.jdt.internal.junit.runner.RemoteTestRunner.runTests(RemoteTestRunner.java:542) [.cp/:?]
	at org.eclipse.jdt.internal.junit.runner.RemoteTestRunner.runTests(RemoteTestRunner.java:770) [.cp/:?]
	at org.eclipse.jdt.internal.junit.runner.RemoteTestRunner.run(RemoteTestRunner.java:464) [.cp/:?]
	at org.eclipse.jdt.internal.junit.runner.RemoteTestRunner.main(RemoteTestRunner.java:210) [.cp/:?]
Caused by: org.springframework.beans.factory.NoUniqueBeanDefinitionException: No qualifying bean of type 'com.pcwk.ehr.member.dao.MemberDao' available: expected single matching bean but found 2: memberDaoImpl,memberDao
	at org.springframework.beans.factory.config.DependencyDescriptor.resolveNotUnique(DependencyDescriptor.java:220) ~[spring-beans-5.3.37.jar:5.3.37]
	at org.springframework.beans.factory.support.DefaultListableBeanFactory.doResolveDependency(DefaultListableBeanFactory.java:1369) ~[spring-beans-5.3.37.jar:5.3.37]
	at org.springframework.beans.factory.support.DefaultListableBeanFactory.resolveDependency(DefaultListableBeanFactory.java:1311) ~[spring-beans-5.3.37.jar:5.3.37]
	at org.springframework.beans.factory.annotation.AutowiredAnnotationBeanPostProcessor$AutowiredFieldElement.resolveFieldValue(AutowiredAnnotationBeanPostProcessor.java:710) ~[spring-beans-5.3.37.jar:5.3.37]
	... 78 more
[2025-06-25 10:11:51] [ERROR] org.springframework.test.context.TestContextManager - Caught exception while allowing TestExecutionListener [org.springframework.test.context.support.DependencyInjectionTestExecutionListener@6337c201] to prepare test instance [com.pcwk.ehr.member.MemberTest@6c518474]
org.springframework.beans.factory.UnsatisfiedDependencyException: Error creating bean with name 'com.pcwk.ehr.member.MemberTest': Unsatisfied dependency expressed through field 'dao'; nested exception is org.springframework.beans.factory.NoUniqueBeanDefinitionException: No qualifying bean of type 'com.pcwk.ehr.member.dao.MemberDao' available: expected single matching bean but found 2: memberDaoImpl,memberDao
	at org.springframework.beans.factory.annotation.AutowiredAnnotationBeanPostProcessor$AutowiredFieldElement.resolveFieldValue(AutowiredAnnotationBeanPostProcessor.java:713) ~[spring-beans-5.3.37.jar:5.3.37]
	at org.springframework.beans.factory.annotation.AutowiredAnnotationBeanPostProcessor$AutowiredFieldElement.inject(AutowiredAnnotationBeanPostProcessor.java:693) ~[spring-beans-5.3.37.jar:5.3.37]
	at org.springframework.beans.factory.annotation.InjectionMetadata.inject(InjectionMetadata.java:119) ~[spring-beans-5.3.37.jar:5.3.37]
	at org.springframework.beans.factory.annotation.AutowiredAnnotationBeanPostProcessor.postProcessProperties(AutowiredAnnotationBeanPostProcessor.java:408) ~[spring-beans-5.3.37.jar:5.3.37]
	at org.springframework.beans.factory.support.AbstractAutowireCapableBeanFactory.populateBean(AbstractAutowireCapableBeanFactory.java:1431) ~[spring-beans-5.3.37.jar:5.3.37]
	at org.springframework.beans.factory.support.AbstractAutowireCapableBeanFactory.autowireBeanProperties(AbstractAutowireCapableBeanFactory.java:417) ~[spring-beans-5.3.37.jar:5.3.37]
	at org.springframework.test.context.support.DependencyInjectionTestExecutionListener.injectDependencies(DependencyInjectionTestExecutionListener.java:119) ~[spring-test-5.3.37.jar:5.3.37]
	at org.springframework.test.context.support.DependencyInjectionTestExecutionListener.prepareTestInstance(DependencyInjectionTestExecutionListener.java:83) ~[spring-test-5.3.37.jar:5.3.37]
	at org.springframework.test.context.TestContextManager.prepareTestInstance(TestContextManager.java:248) ~[spring-test-5.3.37.jar:5.3.37]
	at org.springframework.test.context.junit.jupiter.SpringExtension.postProcessTestInstance(SpringExtension.java:138) ~[spring-test-5.3.37.jar:5.3.37]
	at org.junit.jupiter.engine.descriptor.ClassBasedTestDescriptor.lambda$invokeTestInstancePostProcessors$11(ClassBasedTestDescriptor.java:378) ~[junit-jupiter-engine-5.11.0.jar:5.11.0]
	at org.junit.jupiter.engine.descriptor.ClassBasedTestDescriptor.executeAndMaskThrowable(ClassBasedTestDescriptor.java:383) ~[junit-jupiter-engine-5.11.0.jar:5.11.0]
	at org.junit.jupiter.engine.descriptor.ClassBasedTestDescriptor.lambda$invokeTestInstancePostProcessors$12(ClassBasedTestDescriptor.java:378) ~[junit-jupiter-engine-5.11.0.jar:5.11.0]
	at java.util.stream.ForEachOps$ForEachOp$OfRef.accept(Unknown Source) ~[?:1.8.0_202]
	at java.util.stream.ReferencePipeline$3$1.accept(Unknown Source) ~[?:1.8.0_202]
	at java.util.stream.ReferencePipeline$2$1.accept(Unknown Source) ~[?:1.8.0_202]
	at java.util.stream.ReferencePipeline$3$1.accept(Unknown Source) ~[?:1.8.0_202]
	at java.util.ArrayList$ArrayListSpliterator.forEachRemaining(Unknown Source) ~[?:1.8.0_202]
	at java.util.stream.AbstractPipeline.copyInto(Unknown Source) ~[?:1.8.0_202]
	at java.util.stream.AbstractPipeline.wrapAndCopyInto(Unknown Source) ~[?:1.8.0_202]
	at java.util.stream.ForEachOps$ForEachOp.evaluateSequential(Unknown Source) ~[?:1.8.0_202]
	at java.util.stream.ForEachOps$ForEachOp$OfRef.evaluateSequential(Unknown Source) ~[?:1.8.0_202]
	at java.util.stream.AbstractPipeline.evaluate(Unknown Source) ~[?:1.8.0_202]
	at java.util.stream.ReferencePipeline.forEach(Unknown Source) ~[?:1.8.0_202]
	at org.junit.jupiter.engine.descriptor.ClassBasedTestDescriptor.invokeTestInstancePostProcessors(ClassBasedTestDescriptor.java:377) ~[junit-jupiter-engine-5.11.0.jar:5.11.0]
	at org.junit.jupiter.engine.descriptor.ClassBasedTestDescriptor.lambda$instantiateAndPostProcessTestInstance$7(ClassBasedTestDescriptor.java:290) ~[junit-jupiter-engine-5.11.0.jar:5.11.0]
	at org.junit.platform.engine.support.hierarchical.ThrowableCollector.execute(ThrowableCollector.java:73) ~[junit-platform-engine-1.11.0.jar:1.11.0]
	at org.junit.jupiter.engine.descriptor.ClassBasedTestDescriptor.instantiateAndPostProcessTestInstance(ClassBasedTestDescriptor.java:289) ~[junit-jupiter-engine-5.11.0.jar:5.11.0]
	at org.junit.jupiter.engine.descriptor.ClassBasedTestDescriptor.lambda$testInstancesProvider$5(ClassBasedTestDescriptor.java:279) ~[junit-jupiter-engine-5.11.0.jar:5.11.0]
	at java.util.Optional.orElseGet(Unknown Source) ~[?:1.8.0_202]
	at org.junit.jupiter.engine.descriptor.ClassBasedTestDescriptor.lambda$testInstancesProvider$6(ClassBasedTestDescriptor.java:278) ~[junit-jupiter-engine-5.11.0.jar:5.11.0]
	at org.junit.jupiter.engine.execution.TestInstancesProvider.getTestInstances(TestInstancesProvider.java:31) ~[junit-jupiter-engine-5.11.0.jar:5.11.0]
	at org.junit.jupiter.engine.descriptor.TestMethodTestDescriptor.lambda$prepare$1(TestMethodTestDescriptor.java:105) ~[junit-jupiter-engine-5.11.0.jar:5.11.0]
	at org.junit.platform.engine.support.hierarchical.ThrowableCollector.execute(ThrowableCollector.java:73) ~[junit-platform-engine-1.11.0.jar:1.11.0]
	at org.junit.jupiter.engine.descriptor.TestMethodTestDescriptor.prepare(TestMethodTestDescriptor.java:104) ~[junit-jupiter-engine-5.11.0.jar:5.11.0]
	at org.junit.jupiter.engine.descriptor.TestMethodTestDescriptor.prepare(TestMethodTestDescriptor.java:68) ~[junit-jupiter-engine-5.11.0.jar:5.11.0]
	at org.junit.platform.engine.support.hierarchical.NodeTestTask.lambda$prepare$2(NodeTestTask.java:123) ~[junit-platform-engine-1.11.0.jar:1.11.0]
	at org.junit.platform.engine.support.hierarchical.ThrowableCollector.execute(ThrowableCollector.java:73) ~[junit-platform-engine-1.11.0.jar:1.11.0]
	at org.junit.platform.engine.support.hierarchical.NodeTestTask.prepare(NodeTestTask.java:123) ~[junit-platform-engine-1.11.0.jar:1.11.0]
	at org.junit.platform.engine.support.hierarchical.NodeTestTask.execute(NodeTestTask.java:90) ~[junit-platform-engine-1.11.0.jar:1.11.0]
	at java.util.ArrayList.forEach(Unknown Source) ~[?:1.8.0_202]
	at org.junit.platform.engine.support.hierarchical.SameThreadHierarchicalTestExecutorService.invokeAll(SameThreadHierarchicalTestExecutorService.java:41) ~[junit-platform-engine-1.11.0.jar:1.11.0]
	at org.junit.platform.engine.support.hierarchical.NodeTestTask.lambda$executeRecursively$6(NodeTestTask.java:155) ~[junit-platform-engine-1.11.0.jar:1.11.0]
	at org.junit.platform.engine.support.hierarchical.ThrowableCollector.execute(ThrowableCollector.java:73) ~[junit-platform-engine-1.11.0.jar:1.11.0]
	at org.junit.platform.engine.support.hierarchical.NodeTestTask.lambda$executeRecursively$8(NodeTestTask.java:141) ~[junit-platform-engine-1.11.0.jar:1.11.0]
	at org.junit.platform.engine.support.hierarchical.Node.around(Node.java:137) ~[junit-platform-engine-1.11.0.jar:1.11.0]
	at org.junit.platform.engine.support.hierarchical.NodeTestTask.lambda$executeRecursively$9(NodeTestTask.java:139) ~[junit-platform-engine-1.11.0.jar:1.11.0]
	at org.junit.platform.engine.support.hierarchical.ThrowableCollector.execute(ThrowableCollector.java:73) ~[junit-platform-engine-1.11.0.jar:1.11.0]
	at org.junit.platform.engine.support.hierarchical.NodeTestTask.executeRecursively(NodeTestTask.java:138) ~[junit-platform-engine-1.11.0.jar:1.11.0]
	at org.junit.platform.engine.support.hierarchical.NodeTestTask.execute(NodeTestTask.java:95) ~[junit-platform-engine-1.11.0.jar:1.11.0]
	at java.util.ArrayList.forEach(Unknown Source) ~[?:1.8.0_202]
	at org.junit.platform.engine.support.hierarchical.SameThreadHierarchicalTestExecutorService.invokeAll(SameThreadHierarchicalTestExecutorService.java:41) ~[junit-platform-engine-1.11.0.jar:1.11.0]
	at org.junit.platform.engine.support.hierarchical.NodeTestTask.lambda$executeRecursively$6(NodeTestTask.java:155) ~[junit-platform-engine-1.11.0.jar:1.11.0]
	at org.junit.platform.engine.support.hierarchical.ThrowableCollector.execute(ThrowableCollector.java:73) ~[junit-platform-engine-1.11.0.jar:1.11.0]
	at org.junit.platform.engine.support.hierarchical.NodeTestTask.lambda$executeRecursively$8(NodeTestTask.java:141) ~[junit-platform-engine-1.11.0.jar:1.11.0]
	at org.junit.platform.engine.support.hierarchical.Node.around(Node.java:137) ~[junit-platform-engine-1.11.0.jar:1.11.0]
	at org.junit.platform.engine.support.hierarchical.NodeTestTask.lambda$executeRecursively$9(NodeTestTask.java:139) ~[junit-platform-engine-1.11.0.jar:1.11.0]
	at org.junit.platform.engine.support.hierarchical.ThrowableCollector.execute(ThrowableCollector.java:73) ~[junit-platform-engine-1.11.0.jar:1.11.0]
	at org.junit.platform.engine.support.hierarchical.NodeTestTask.executeRecursively(NodeTestTask.java:138) ~[junit-platform-engine-1.11.0.jar:1.11.0]
	at org.junit.platform.engine.support.hierarchical.NodeTestTask.execute(NodeTestTask.java:95) ~[junit-platform-engine-1.11.0.jar:1.11.0]
	at org.junit.platform.engine.support.hierarchical.SameThreadHierarchicalTestExecutorService.submit(SameThreadHierarchicalTestExecutorService.java:35) ~[junit-platform-engine-1.11.0.jar:1.11.0]
	at org.junit.platform.engine.support.hierarchical.HierarchicalTestExecutor.execute(HierarchicalTestExecutor.java:57) ~[junit-platform-engine-1.11.0.jar:1.11.0]
	at org.junit.platform.engine.support.hierarchical.HierarchicalTestEngine.execute(HierarchicalTestEngine.java:54) ~[junit-platform-engine-1.11.0.jar:1.11.0]
	at org.junit.platform.launcher.core.EngineExecutionOrchestrator.execute(EngineExecutionOrchestrator.java:198) ~[junit-platform-launcher-1.11.0.jar:1.11.0]
	at org.junit.platform.launcher.core.EngineExecutionOrchestrator.execute(EngineExecutionOrchestrator.java:169) ~[junit-platform-launcher-1.11.0.jar:1.11.0]
	at org.junit.platform.launcher.core.EngineExecutionOrchestrator.execute(EngineExecutionOrchestrator.java:93) ~[junit-platform-launcher-1.11.0.jar:1.11.0]
	at org.junit.platform.launcher.core.EngineExecutionOrchestrator.lambda$execute$0(EngineExecutionOrchestrator.java:58) ~[junit-platform-launcher-1.11.0.jar:1.11.0]
	at org.junit.platform.launcher.core.EngineExecutionOrchestrator.withInterceptedStreams(EngineExecutionOrchestrator.java:141) [junit-platform-launcher-1.11.0.jar:1.11.0]
	at org.junit.platform.launcher.core.EngineExecutionOrchestrator.execute(EngineExecutionOrchestrator.java:57) [junit-platform-launcher-1.11.0.jar:1.11.0]
	at org.junit.platform.launcher.core.DefaultLauncher.execute(DefaultLauncher.java:103) [junit-platform-launcher-1.11.0.jar:1.11.0]
	at org.junit.platform.launcher.core.DefaultLauncher.execute(DefaultLauncher.java:94) [junit-platform-launcher-1.11.0.jar:1.11.0]
	at org.junit.platform.launcher.core.DelegatingLauncher.execute(DelegatingLauncher.java:52) [junit-platform-launcher-1.11.0.jar:1.11.0]
	at org.junit.platform.launcher.core.SessionPerRequestLauncher.execute(SessionPerRequestLauncher.java:70) [junit-platform-launcher-1.11.0.jar:1.11.0]
	at org.eclipse.jdt.internal.junit5.runner.JUnit5TestReference.run(JUnit5TestReference.java:98) [.cp/:?]
	at org.eclipse.jdt.internal.junit.runner.TestExecution.run(TestExecution.java:41) [.cp/:?]
	at org.eclipse.jdt.internal.junit.runner.RemoteTestRunner.runTests(RemoteTestRunner.java:542) [.cp/:?]
	at org.eclipse.jdt.internal.junit.runner.RemoteTestRunner.runTests(RemoteTestRunner.java:770) [.cp/:?]
	at org.eclipse.jdt.internal.junit.runner.RemoteTestRunner.run(RemoteTestRunner.java:464) [.cp/:?]
	at org.eclipse.jdt.internal.junit.runner.RemoteTestRunner.main(RemoteTestRunner.java:210) [.cp/:?]
Caused by: org.springframework.beans.factory.NoUniqueBeanDefinitionException: No qualifying bean of type 'com.pcwk.ehr.member.dao.MemberDao' available: expected single matching bean but found 2: memberDaoImpl,memberDao
	at org.springframework.beans.factory.config.DependencyDescriptor.resolveNotUnique(DependencyDescriptor.java:220) ~[spring-beans-5.3.37.jar:5.3.37]
	at org.springframework.beans.factory.support.DefaultListableBeanFactory.doResolveDependency(DefaultListableBeanFactory.java:1369) ~[spring-beans-5.3.37.jar:5.3.37]
	at org.springframework.beans.factory.support.DefaultListableBeanFactory.resolveDependency(DefaultListableBeanFactory.java:1311) ~[spring-beans-5.3.37.jar:5.3.37]
	at org.springframework.beans.factory.annotation.AutowiredAnnotationBeanPostProcessor$AutowiredFieldElement.resolveFieldValue(AutowiredAnnotationBeanPostProcessor.java:710) ~[spring-beans-5.3.37.jar:5.3.37]
	... 78 more
[2025-06-25 10:26:26] [INFO ] org.springframework.test.context.support.DefaultTestContextBootstrapper - Loaded default TestExecutionListener class names from location [META-INF/spring.factories]: [org.springframework.test.context.web.ServletTestExecutionListener, org.springframework.test.context.support.DirtiesContextBeforeModesTestExecutionListener, org.springframework.test.context.event.ApplicationEventsTestExecutionListener, org.springframework.test.context.support.DependencyInjectionTestExecutionListener, org.springframework.test.context.support.DirtiesContextTestExecutionListener, org.springframework.test.context.transaction.TransactionalTestExecutionListener, org.springframework.test.context.jdbc.SqlScriptsTestExecutionListener, org.springframework.test.context.event.EventPublishingTestExecutionListener]
[2025-06-25 10:26:26] [INFO ] org.springframework.test.context.support.DefaultTestContextBootstrapper - Using TestExecutionListeners: [org.springframework.test.context.web.ServletTestExecutionListener@1205bd62, org.springframework.test.context.support.DirtiesContextBeforeModesTestExecutionListener@7ef27d7f, org.springframework.test.context.event.ApplicationEventsTestExecutionListener@490caf5f, org.springframework.test.context.support.DependencyInjectionTestExecutionListener@6337c201, org.springframework.test.context.support.DirtiesContextTestExecutionListener@5c669da8, org.springframework.test.context.transaction.TransactionalTestExecutionListener@31920ade, org.springframework.test.context.jdbc.SqlScriptsTestExecutionListener@1d483de4, org.springframework.test.context.event.EventPublishingTestExecutionListener@4032d386]
[2025-06-25 10:26:28] [DEBUG] com.pcwk.ehr.cmn.PLog - org.springframework.context.support.GenericApplicationContext@573906eb, started on Wed Jun 25 10:26:27 GMT+09:00 2025
[2025-06-25 10:26:28] [DEBUG] com.pcwk.ehr.cmn.PLog - com.pcwk.ehr.member.dao.MemberDao@6c42f2a1
[2025-06-25 10:30:19] [INFO ] org.springframework.test.context.support.DefaultTestContextBootstrapper - Loaded default TestExecutionListener class names from location [META-INF/spring.factories]: [org.springframework.test.context.web.ServletTestExecutionListener, org.springframework.test.context.support.DirtiesContextBeforeModesTestExecutionListener, org.springframework.test.context.event.ApplicationEventsTestExecutionListener, org.springframework.test.context.support.DependencyInjectionTestExecutionListener, org.springframework.test.context.support.DirtiesContextTestExecutionListener, org.springframework.test.context.transaction.TransactionalTestExecutionListener, org.springframework.test.context.jdbc.SqlScriptsTestExecutionListener, org.springframework.test.context.event.EventPublishingTestExecutionListener]
[2025-06-25 10:30:19] [INFO ] org.springframework.test.context.support.DefaultTestContextBootstrapper - Using TestExecutionListeners: [org.springframework.test.context.web.ServletTestExecutionListener@1205bd62, org.springframework.test.context.support.DirtiesContextBeforeModesTestExecutionListener@7ef27d7f, org.springframework.test.context.event.ApplicationEventsTestExecutionListener@490caf5f, org.springframework.test.context.support.DependencyInjectionTestExecutionListener@6337c201, org.springframework.test.context.support.DirtiesContextTestExecutionListener@5c669da8, org.springframework.test.context.transaction.TransactionalTestExecutionListener@31920ade, org.springframework.test.context.jdbc.SqlScriptsTestExecutionListener@1d483de4, org.springframework.test.context.event.EventPublishingTestExecutionListener@4032d386]
[2025-06-25 10:30:21] [DEBUG] com.pcwk.ehr.cmn.PLog - 1.param: MemberDTO [id=hong1, password=1234a, nickname=hong, name=홍길동, phone=010-1111-2222, email=hong1@naver.com, regDt=null, regId=ADMIN, modDt=null, modId=ADMIN, role=1]
[2025-06-25 10:30:21] [DEBUG] com.pcwk.ehr.cmn.PLog - 2.statement:com.pcwk.ehr.member.dao.MemberDao.doSave
[2025-06-25 10:30:21] [DEBUG] com.pcwk.ehr.cmn.PLog - org.springframework.context.support.GenericApplicationContext@573906eb, started on Wed Jun 25 10:30:20 GMT+09:00 2025
[2025-06-25 10:30:21] [DEBUG] com.pcwk.ehr.cmn.PLog - com.pcwk.ehr.member.dao.MemberDao@3901f6af
[2025-06-25 10:44:42] [INFO ] org.springframework.test.context.support.DefaultTestContextBootstrapper - Loaded default TestExecutionListener class names from location [META-INF/spring.factories]: [org.springframework.test.context.web.ServletTestExecutionListener, org.springframework.test.context.support.DirtiesContextBeforeModesTestExecutionListener, org.springframework.test.context.event.ApplicationEventsTestExecutionListener, org.springframework.test.context.support.DependencyInjectionTestExecutionListener, org.springframework.test.context.support.DirtiesContextTestExecutionListener, org.springframework.test.context.transaction.TransactionalTestExecutionListener, org.springframework.test.context.jdbc.SqlScriptsTestExecutionListener, org.springframework.test.context.event.EventPublishingTestExecutionListener]
[2025-06-25 10:44:42] [INFO ] org.springframework.test.context.support.DefaultTestContextBootstrapper - Using TestExecutionListeners: [org.springframework.test.context.web.ServletTestExecutionListener@1205bd62, org.springframework.test.context.support.DirtiesContextBeforeModesTestExecutionListener@7ef27d7f, org.springframework.test.context.event.ApplicationEventsTestExecutionListener@490caf5f, org.springframework.test.context.support.DependencyInjectionTestExecutionListener@6337c201, org.springframework.test.context.support.DirtiesContextTestExecutionListener@5c669da8, org.springframework.test.context.transaction.TransactionalTestExecutionListener@31920ade, org.springframework.test.context.jdbc.SqlScriptsTestExecutionListener@1d483de4, org.springframework.test.context.event.EventPublishingTestExecutionListener@4032d386]
[2025-06-25 10:44:43] [DEBUG] com.pcwk.ehr.cmn.PLog - 1.param: MemberDTO [id=hong1, password=1234a, nickname=hong, name=홍길동, phone=010-1111-2222, email=hong1@naver.com, regDt=null, regId=ADMIN, modDt=null, modId=ADMIN, role=1]
[2025-06-25 10:44:43] [DEBUG] com.pcwk.ehr.cmn.PLog - 2.statement:com.pcwk.ehr.member.dao.MemberDao.doSave
[2025-06-25 10:44:43] [DEBUG] com.pcwk.ehr.member.dao.MemberDao.doSave - ==>  Preparing: INSERT INTO MEMBER ( ID, PASSWORD, NICKNAME, NAME, PHONE, EMAIL, REG_DT, REG_ID, role ) VALUES ( ?, ?, ?, ?, ?, ?, SYSDATE, ?, ? )
[2025-06-25 10:44:43] [DEBUG] com.pcwk.ehr.member.dao.MemberDao.doSave - ==> Parameters: hong1(String), 1234a(String), hong(String), 홍길동(String), 010-1111-2222(String), hong1@naver.com(String), ADMIN(String), 1(Integer)
[2025-06-25 10:44:43] [DEBUG] com.pcwk.ehr.cmn.PLog - org.springframework.context.support.GenericApplicationContext@573906eb, started on Wed Jun 25 10:44:42 GMT+09:00 2025
[2025-06-25 10:44:43] [DEBUG] com.pcwk.ehr.cmn.PLog - com.pcwk.ehr.member.dao.MemberDao@30ca0779
[2025-06-25 10:49:10] [INFO ] org.springframework.test.context.support.DefaultTestContextBootstrapper - Loaded default TestExecutionListener class names from location [META-INF/spring.factories]: [org.springframework.test.context.web.ServletTestExecutionListener, org.springframework.test.context.support.DirtiesContextBeforeModesTestExecutionListener, org.springframework.test.context.event.ApplicationEventsTestExecutionListener, org.springframework.test.context.support.DependencyInjectionTestExecutionListener, org.springframework.test.context.support.DirtiesContextTestExecutionListener, org.springframework.test.context.transaction.TransactionalTestExecutionListener, org.springframework.test.context.jdbc.SqlScriptsTestExecutionListener, org.springframework.test.context.event.EventPublishingTestExecutionListener]
[2025-06-25 10:49:10] [INFO ] org.springframework.test.context.support.DefaultTestContextBootstrapper - Using TestExecutionListeners: [org.springframework.test.context.web.ServletTestExecutionListener@1205bd62, org.springframework.test.context.support.DirtiesContextBeforeModesTestExecutionListener@7ef27d7f, org.springframework.test.context.event.ApplicationEventsTestExecutionListener@490caf5f, org.springframework.test.context.support.DependencyInjectionTestExecutionListener@6337c201, org.springframework.test.context.support.DirtiesContextTestExecutionListener@5c669da8, org.springframework.test.context.transaction.TransactionalTestExecutionListener@31920ade, org.springframework.test.context.jdbc.SqlScriptsTestExecutionListener@1d483de4, org.springframework.test.context.event.EventPublishingTestExecutionListener@4032d386]
[2025-06-25 10:49:10] [DEBUG] com.pcwk.ehr.cmn.PLog - 1.param: MemberDTO [id=hong1, password=1234a, nickname=hong, name=홍길동, phone=010-1111-2222, email=hong1@naver.com, regDt=null, regId=ADMIN, modDt=null, modId=ADMIN, adminRole=1]
[2025-06-25 10:49:10] [DEBUG] com.pcwk.ehr.cmn.PLog - 2.statement:com.pcwk.ehr.member.dao.MemberDao.doSave
[2025-06-25 10:49:11] [DEBUG] com.pcwk.ehr.member.dao.MemberDao.doSave - ==>  Preparing: INSERT INTO MEMBER ( ID, PASSWORD, NICKNAME, NAME, PHONE, EMAIL, REG_DT, REG_ID, ADMIN_ROLE ) VALUES ( ?, ?, ?, ?, ?, ?, SYSDATE, ?, ? )
[2025-06-25 10:49:11] [DEBUG] com.pcwk.ehr.member.dao.MemberDao.doSave - ==> Parameters: hong1(String), 1234a(String), hong(String), 홍길동(String), 010-1111-2222(String), hong1@naver.com(String), ADMIN(String), 1(Integer)
[2025-06-25 10:49:11] [DEBUG] com.pcwk.ehr.cmn.PLog - org.springframework.context.support.GenericApplicationContext@573906eb, started on Wed Jun 25 10:49:10 GMT+09:00 2025
[2025-06-25 10:49:11] [DEBUG] com.pcwk.ehr.cmn.PLog - com.pcwk.ehr.member.dao.MemberDao@30ca0779
[2025-06-25 10:50:23] [INFO ] org.springframework.test.context.support.DefaultTestContextBootstrapper - Loaded default TestExecutionListener class names from location [META-INF/spring.factories]: [org.springframework.test.context.web.ServletTestExecutionListener, org.springframework.test.context.support.DirtiesContextBeforeModesTestExecutionListener, org.springframework.test.context.event.ApplicationEventsTestExecutionListener, org.springframework.test.context.support.DependencyInjectionTestExecutionListener, org.springframework.test.context.support.DirtiesContextTestExecutionListener, org.springframework.test.context.transaction.TransactionalTestExecutionListener, org.springframework.test.context.jdbc.SqlScriptsTestExecutionListener, org.springframework.test.context.event.EventPublishingTestExecutionListener]
[2025-06-25 10:50:24] [INFO ] org.springframework.test.context.support.DefaultTestContextBootstrapper - Using TestExecutionListeners: [org.springframework.test.context.web.ServletTestExecutionListener@1205bd62, org.springframework.test.context.support.DirtiesContextBeforeModesTestExecutionListener@7ef27d7f, org.springframework.test.context.event.ApplicationEventsTestExecutionListener@490caf5f, org.springframework.test.context.support.DependencyInjectionTestExecutionListener@6337c201, org.springframework.test.context.support.DirtiesContextTestExecutionListener@5c669da8, org.springframework.test.context.transaction.TransactionalTestExecutionListener@31920ade, org.springframework.test.context.jdbc.SqlScriptsTestExecutionListener@1d483de4, org.springframework.test.context.event.EventPublishingTestExecutionListener@4032d386]
[2025-06-25 10:50:24] [DEBUG] com.pcwk.ehr.cmn.PLog - 1.param: MemberDTO [id=hong1, password=1234a, nickname=hong, name=홍길동, phone=010-1111-2222, email=hong1@naver.com, regDt=null, regId=ADMIN, modDt=null, modId=ADMIN, adminRole=1]
[2025-06-25 10:50:24] [DEBUG] com.pcwk.ehr.cmn.PLog - 2.statement:com.pcwk.ehr.member.dao.MemberDao.doSave
[2025-06-25 10:50:25] [DEBUG] com.pcwk.ehr.member.dao.MemberDao.doSave - ==>  Preparing: INSERT INTO MEMBER ( ID, PASSWORD, NICKNAME, NAME, PHONE, EMAIL, REG_DT, REG_ID, ADMINROLE ) VALUES ( ?, ?, ?, ?, ?, ?, SYSDATE, ?, ? )
[2025-06-25 10:50:25] [DEBUG] com.pcwk.ehr.member.dao.MemberDao.doSave - ==> Parameters: hong1(String), 1234a(String), hong(String), 홍길동(String), 010-1111-2222(String), hong1@naver.com(String), ADMIN(String), 1(Integer)
[2025-06-25 10:50:25] [DEBUG] com.pcwk.ehr.cmn.PLog - org.springframework.context.support.GenericApplicationContext@573906eb, started on Wed Jun 25 10:50:24 GMT+09:00 2025
[2025-06-25 10:50:25] [DEBUG] com.pcwk.ehr.cmn.PLog - com.pcwk.ehr.member.dao.MemberDao@30ca0779
[2025-06-25 10:52:38] [INFO ] org.springframework.test.context.support.DefaultTestContextBootstrapper - Loaded default TestExecutionListener class names from location [META-INF/spring.factories]: [org.springframework.test.context.web.ServletTestExecutionListener, org.springframework.test.context.support.DirtiesContextBeforeModesTestExecutionListener, org.springframework.test.context.event.ApplicationEventsTestExecutionListener, org.springframework.test.context.support.DependencyInjectionTestExecutionListener, org.springframework.test.context.support.DirtiesContextTestExecutionListener, org.springframework.test.context.transaction.TransactionalTestExecutionListener, org.springframework.test.context.jdbc.SqlScriptsTestExecutionListener, org.springframework.test.context.event.EventPublishingTestExecutionListener]
[2025-06-25 10:52:38] [INFO ] org.springframework.test.context.support.DefaultTestContextBootstrapper - Using TestExecutionListeners: [org.springframework.test.context.web.ServletTestExecutionListener@1205bd62, org.springframework.test.context.support.DirtiesContextBeforeModesTestExecutionListener@7ef27d7f, org.springframework.test.context.event.ApplicationEventsTestExecutionListener@490caf5f, org.springframework.test.context.support.DependencyInjectionTestExecutionListener@6337c201, org.springframework.test.context.support.DirtiesContextTestExecutionListener@5c669da8, org.springframework.test.context.transaction.TransactionalTestExecutionListener@31920ade, org.springframework.test.context.jdbc.SqlScriptsTestExecutionListener@1d483de4, org.springframework.test.context.event.EventPublishingTestExecutionListener@4032d386]
[2025-06-25 10:52:39] [DEBUG] com.pcwk.ehr.cmn.PLog - 1.param: MemberDTO [id=hong1, password=1234a, nickname=hong, name=홍길동, phone=010-1111-2222, email=hong1@naver.com, regDt=null, regId=ADMIN, modDt=null, modId=ADMIN, adminRole=1]
[2025-06-25 10:52:39] [DEBUG] com.pcwk.ehr.cmn.PLog - 2.statement:com.pcwk.ehr.member.dao.MemberDao.doSave
[2025-06-25 10:52:39] [DEBUG] com.pcwk.ehr.member.dao.MemberDao.doSave - ==>  Preparing: INSERT INTO MEMBER ( ID, PASSWORD, NICKNAME, NAME, PHONE, EMAIL, REG_DT, REG_ID, ADMIN_ROLE ) VALUES ( ?, ?, ?, ?, ?, ?, SYSDATE, ?, ? )
[2025-06-25 10:52:39] [DEBUG] com.pcwk.ehr.member.dao.MemberDao.doSave - ==> Parameters: hong1(String), 1234a(String), hong(String), 홍길동(String), 010-1111-2222(String), hong1@naver.com(String), ADMIN(String), 1(Integer)
[2025-06-25 10:52:39] [DEBUG] com.pcwk.ehr.cmn.PLog - org.springframework.context.support.GenericApplicationContext@573906eb, started on Wed Jun 25 10:52:38 GMT+09:00 2025
[2025-06-25 10:52:39] [DEBUG] com.pcwk.ehr.cmn.PLog - com.pcwk.ehr.member.dao.MemberDao@30ca0779
[2025-06-25 10:53:47] [INFO ] org.springframework.test.context.support.DefaultTestContextBootstrapper - Loaded default TestExecutionListener class names from location [META-INF/spring.factories]: [org.springframework.test.context.web.ServletTestExecutionListener, org.springframework.test.context.support.DirtiesContextBeforeModesTestExecutionListener, org.springframework.test.context.event.ApplicationEventsTestExecutionListener, org.springframework.test.context.support.DependencyInjectionTestExecutionListener, org.springframework.test.context.support.DirtiesContextTestExecutionListener, org.springframework.test.context.transaction.TransactionalTestExecutionListener, org.springframework.test.context.jdbc.SqlScriptsTestExecutionListener, org.springframework.test.context.event.EventPublishingTestExecutionListener]
[2025-06-25 10:53:47] [INFO ] org.springframework.test.context.support.DefaultTestContextBootstrapper - Using TestExecutionListeners: [org.springframework.test.context.web.ServletTestExecutionListener@1205bd62, org.springframework.test.context.support.DirtiesContextBeforeModesTestExecutionListener@7ef27d7f, org.springframework.test.context.event.ApplicationEventsTestExecutionListener@490caf5f, org.springframework.test.context.support.DependencyInjectionTestExecutionListener@6337c201, org.springframework.test.context.support.DirtiesContextTestExecutionListener@5c669da8, org.springframework.test.context.transaction.TransactionalTestExecutionListener@31920ade, org.springframework.test.context.jdbc.SqlScriptsTestExecutionListener@1d483de4, org.springframework.test.context.event.EventPublishingTestExecutionListener@4032d386]
[2025-06-25 10:53:48] [DEBUG] com.pcwk.ehr.cmn.PLog - 1.param: MemberDTO [id=hong1, password=1234a, nickname=hong, name=홍길동, phone=010-1111-2222, email=hong1@naver.com, regDt=null, regId=ADMIN, modDt=null, modId=ADMIN, adminRole=1]
[2025-06-25 10:53:48] [DEBUG] com.pcwk.ehr.cmn.PLog - 2.statement:com.pcwk.ehr.member.dao.MemberDao.doSave
[2025-06-25 10:53:48] [DEBUG] com.pcwk.ehr.member.dao.MemberDao.doSave - ==>  Preparing: INSERT INTO member ( id, pwd, nickname, name, phone, email, reg_dt, reg_id, mod_dt, mod_id, admin_role ) VALUES ( ?, ?, ?, ?, ?, ?, SYSDATE, ?, ? )
[2025-06-25 10:53:48] [DEBUG] com.pcwk.ehr.member.dao.MemberDao.doSave - ==> Parameters: hong1(String), 1234a(String), hong(String), 홍길동(String), 010-1111-2222(String), hong1@naver.com(String), ADMIN(String), 1(Integer)
[2025-06-25 10:53:48] [DEBUG] com.pcwk.ehr.cmn.PLog - org.springframework.context.support.GenericApplicationContext@573906eb, started on Wed Jun 25 10:53:47 GMT+09:00 2025
[2025-06-25 10:53:48] [DEBUG] com.pcwk.ehr.cmn.PLog - com.pcwk.ehr.member.dao.MemberDao@30ca0779
[2025-06-25 10:56:46] [INFO ] org.springframework.test.context.support.DefaultTestContextBootstrapper - Loaded default TestExecutionListener class names from location [META-INF/spring.factories]: [org.springframework.test.context.web.ServletTestExecutionListener, org.springframework.test.context.support.DirtiesContextBeforeModesTestExecutionListener, org.springframework.test.context.event.ApplicationEventsTestExecutionListener, org.springframework.test.context.support.DependencyInjectionTestExecutionListener, org.springframework.test.context.support.DirtiesContextTestExecutionListener, org.springframework.test.context.transaction.TransactionalTestExecutionListener, org.springframework.test.context.jdbc.SqlScriptsTestExecutionListener, org.springframework.test.context.event.EventPublishingTestExecutionListener]
[2025-06-25 10:56:46] [INFO ] org.springframework.test.context.support.DefaultTestContextBootstrapper - Using TestExecutionListeners: [org.springframework.test.context.web.ServletTestExecutionListener@1205bd62, org.springframework.test.context.support.DirtiesContextBeforeModesTestExecutionListener@7ef27d7f, org.springframework.test.context.event.ApplicationEventsTestExecutionListener@490caf5f, org.springframework.test.context.support.DependencyInjectionTestExecutionListener@6337c201, org.springframework.test.context.support.DirtiesContextTestExecutionListener@5c669da8, org.springframework.test.context.transaction.TransactionalTestExecutionListener@31920ade, org.springframework.test.context.jdbc.SqlScriptsTestExecutionListener@1d483de4, org.springframework.test.context.event.EventPublishingTestExecutionListener@4032d386]
[2025-06-25 10:56:46] [DEBUG] com.pcwk.ehr.cmn.PLog - 1.param: MemberDTO [id=hong1, password=1234a, nickname=hong, name=홍길동, phone=010-1111-2222, email=hong1@naver.com, regDt=null, regId=ADMIN, modDt=null, modId=ADMIN, adminRole=1]
[2025-06-25 10:56:46] [DEBUG] com.pcwk.ehr.cmn.PLog - 2.statement:com.pcwk.ehr.member.dao.MemberDao.doSave
[2025-06-25 10:56:47] [DEBUG] com.pcwk.ehr.member.dao.MemberDao.doSave - ==>  Preparing: INSERT INTO MEMBER ( ID, PWD, NICKNAME, NAME, PHONE, EMAIL, REG_DT, REG_ID, ADMIN_ROLE ) VALUES ( ?, ?, ?, ?, ?, ?, SYSDATE, ?, ? )
[2025-06-25 10:56:47] [DEBUG] com.pcwk.ehr.member.dao.MemberDao.doSave - ==> Parameters: hong1(String), 1234a(String), hong(String), 홍길동(String), 010-1111-2222(String), hong1@naver.com(String), ADMIN(String), 1(Integer)
[2025-06-25 10:56:47] [DEBUG] com.pcwk.ehr.cmn.PLog - org.springframework.context.support.GenericApplicationContext@573906eb, started on Wed Jun 25 10:56:46 GMT+09:00 2025
[2025-06-25 10:56:47] [DEBUG] com.pcwk.ehr.cmn.PLog - com.pcwk.ehr.member.dao.MemberDao@30ca0779
[2025-06-25 10:59:26] [INFO ] org.springframework.test.context.support.DefaultTestContextBootstrapper - Loaded default TestExecutionListener class names from location [META-INF/spring.factories]: [org.springframework.test.context.web.ServletTestExecutionListener, org.springframework.test.context.support.DirtiesContextBeforeModesTestExecutionListener, org.springframework.test.context.event.ApplicationEventsTestExecutionListener, org.springframework.test.context.support.DependencyInjectionTestExecutionListener, org.springframework.test.context.support.DirtiesContextTestExecutionListener, org.springframework.test.context.transaction.TransactionalTestExecutionListener, org.springframework.test.context.jdbc.SqlScriptsTestExecutionListener, org.springframework.test.context.event.EventPublishingTestExecutionListener]
[2025-06-25 10:59:26] [INFO ] org.springframework.test.context.support.DefaultTestContextBootstrapper - Using TestExecutionListeners: [org.springframework.test.context.web.ServletTestExecutionListener@1205bd62, org.springframework.test.context.support.DirtiesContextBeforeModesTestExecutionListener@7ef27d7f, org.springframework.test.context.event.ApplicationEventsTestExecutionListener@490caf5f, org.springframework.test.context.support.DependencyInjectionTestExecutionListener@6337c201, org.springframework.test.context.support.DirtiesContextTestExecutionListener@5c669da8, org.springframework.test.context.transaction.TransactionalTestExecutionListener@31920ade, org.springframework.test.context.jdbc.SqlScriptsTestExecutionListener@1d483de4, org.springframework.test.context.event.EventPublishingTestExecutionListener@4032d386]
[2025-06-25 10:59:27] [DEBUG] com.pcwk.ehr.cmn.PLog - 1.param: MemberDTO [id=hong1, password=1234a, nickname=hong, name=홍길동, phone=010-1111-2222, email=hong1@naver.com, regDt=null, regId=ADMIN, modDt=null, modId=ADMIN, adminRole=1]
[2025-06-25 10:59:27] [DEBUG] com.pcwk.ehr.cmn.PLog - 2.statement:com.pcwk.ehr.member.dao.MemberDao.doSave
[2025-06-25 10:59:27] [DEBUG] com.pcwk.ehr.member.dao.MemberDao.doSave - ==>  Preparing: INSERT INTO MEMBER ( ID, PWD, NICKNAME, NAME, PHONE, EMAIL, REG_DT, REG_ID, ADMIN_ROLE ) VALUES ( ?, ?, ?, ?, ?, ?, SYSDATE, ?, ? )
[2025-06-25 10:59:27] [DEBUG] com.pcwk.ehr.member.dao.MemberDao.doSave - ==> Parameters: hong1(String), 1234a(String), hong(String), 홍길동(String), 010-1111-2222(String), hong1@naver.com(String), ADMIN(String), 1(Integer)
[2025-06-25 10:59:27] [DEBUG] com.pcwk.ehr.cmn.PLog - org.springframework.context.support.GenericApplicationContext@573906eb, started on Wed Jun 25 10:59:26 GMT+09:00 2025
[2025-06-25 10:59:27] [DEBUG] com.pcwk.ehr.cmn.PLog - com.pcwk.ehr.member.dao.MemberDao@30ca0779
[2025-06-25 16:47:52] [INFO ] org.springframework.test.context.web.WebTestContextBootstrapper - Loaded default TestExecutionListener class names from location [META-INF/spring.factories]: [org.springframework.test.context.web.ServletTestExecutionListener, org.springframework.test.context.support.DirtiesContextBeforeModesTestExecutionListener, org.springframework.test.context.event.ApplicationEventsTestExecutionListener, org.springframework.test.context.support.DependencyInjectionTestExecutionListener, org.springframework.test.context.support.DirtiesContextTestExecutionListener, org.springframework.test.context.transaction.TransactionalTestExecutionListener, org.springframework.test.context.jdbc.SqlScriptsTestExecutionListener, org.springframework.test.context.event.EventPublishingTestExecutionListener]
[2025-06-25 16:47:52] [INFO ] org.springframework.test.context.web.WebTestContextBootstrapper - Using TestExecutionListeners: [org.springframework.test.context.web.ServletTestExecutionListener@4032d386, org.springframework.test.context.support.DirtiesContextBeforeModesTestExecutionListener@28d18df5, org.springframework.test.context.event.ApplicationEventsTestExecutionListener@934b6cb, org.springframework.test.context.support.DependencyInjectionTestExecutionListener@55cf0d14, org.springframework.test.context.support.DirtiesContextTestExecutionListener@3b74ac8, org.springframework.test.context.transaction.TransactionalTestExecutionListener@27adc16e, org.springframework.test.context.jdbc.SqlScriptsTestExecutionListener@b83a9be, org.springframework.test.context.event.EventPublishingTestExecutionListener@2609b277]
[2025-06-25 16:47:53] [DEBUG] com.pcwk.ehr.async.AsynController - ┌─────────────────────────────────────────────────────────┐
[2025-06-25 16:47:53] [DEBUG] com.pcwk.ehr.async.AsynController - │ AsynController()                                        │
[2025-06-25 16:47:53] [DEBUG] com.pcwk.ehr.async.AsynController - └─────────────────────────────────────────────────────────┘
[2025-06-25 16:47:53] [DEBUG] com.pcwk.ehr.cmn.PLog - ┌─────────────────────────────────────────────────────────┐
[2025-06-25 16:47:53] [DEBUG] com.pcwk.ehr.cmn.PLog - │ UserController()                                        │
[2025-06-25 16:47:53] [DEBUG] com.pcwk.ehr.cmn.PLog - └─────────────────────────────────────────────────────────┘
[2025-06-25 16:47:54] [DEBUG] com.pcwk.ehr.async.AsynControllerTest - ┌─────────────────────────────────────────────────────────┐
[2025-06-25 16:47:54] [DEBUG] com.pcwk.ehr.async.AsynControllerTest - │ setUp()                                                 │
[2025-06-25 16:47:54] [DEBUG] com.pcwk.ehr.async.AsynControllerTest - └─────────────────────────────────────────────────────────┘
[2025-06-25 16:47:54] [INFO ] org.springframework.mock.web.MockServletContext - Initializing Spring TestDispatcherServlet ''
[2025-06-25 16:47:54] [INFO ] org.springframework.test.web.servlet.TestDispatcherServlet - Initializing Servlet ''
[2025-06-25 16:47:54] [INFO ] org.springframework.test.web.servlet.TestDispatcherServlet - Completed initialization in 2 ms
[2025-06-25 16:47:54] [DEBUG] com.pcwk.ehr.async.AsynControllerTest - webApplicationContext:org.springframework.web.context.support.GenericWebApplicationContext@4e423aa2, started on Wed Jun 25 16:47:53 GMT+09:00 2025
[2025-06-25 16:47:54] [DEBUG] com.pcwk.ehr.async.AsynControllerTest - mockMvc:org.springframework.test.web.servlet.MockMvc@1bc776b7
[2025-06-25 16:47:54] [DEBUG] com.pcwk.ehr.async.AsynControllerTest - ┌─────────────────────────────────────────────────────────┐
[2025-06-25 16:47:54] [DEBUG] com.pcwk.ehr.async.AsynControllerTest - │ tearDown()                                              │
[2025-06-25 16:47:54] [DEBUG] com.pcwk.ehr.async.AsynControllerTest - └─────────────────────────────────────────────────────────┘
[2025-06-25 16:47:54] [DEBUG] com.pcwk.ehr.async.AsynControllerTest - ┌─────────────────────────────────────────────────────────┐
[2025-06-25 16:47:54] [DEBUG] com.pcwk.ehr.async.AsynControllerTest - │ setUp()                                                 │
[2025-06-25 16:47:54] [DEBUG] com.pcwk.ehr.async.AsynControllerTest - └─────────────────────────────────────────────────────────┘
[2025-06-25 16:47:54] [INFO ] org.springframework.mock.web.MockServletContext - Initializing Spring TestDispatcherServlet ''
[2025-06-25 16:47:54] [INFO ] org.springframework.test.web.servlet.TestDispatcherServlet - Initializing Servlet ''
[2025-06-25 16:47:54] [INFO ] org.springframework.test.web.servlet.TestDispatcherServlet - Completed initialization in 0 ms
[2025-06-25 16:47:54] [DEBUG] com.pcwk.ehr.async.AsynControllerTest - ┌─────────────────────────────────────────────────────────┐
[2025-06-25 16:47:54] [DEBUG] com.pcwk.ehr.async.AsynControllerTest - │ syncIndex()                                             │
[2025-06-25 16:47:54] [DEBUG] com.pcwk.ehr.async.AsynControllerTest - └─────────────────────────────────────────────────────────┘
[2025-06-25 16:47:54] [DEBUG] com.pcwk.ehr.async.AsynController - ┌─────────────────────────────────────────────────────────┐
[2025-06-25 16:47:54] [DEBUG] com.pcwk.ehr.async.AsynController - │ doSaveView()                                            │
[2025-06-25 16:47:54] [DEBUG] com.pcwk.ehr.async.AsynController - └─────────────────────────────────────────────────────────┘
[2025-06-25 16:47:54] [DEBUG] com.pcwk.ehr.async.AsynController - name:james
[2025-06-25 16:47:54] [DEBUG] com.pcwk.ehr.async.AsynControllerTest - returnData: james
[2025-06-25 16:47:54] [DEBUG] com.pcwk.ehr.async.AsynControllerTest - viewName: async/async_index
[2025-06-25 16:47:54] [DEBUG] com.pcwk.ehr.async.AsynControllerTest - ┌─────────────────────────────────────────────────────────┐
[2025-06-25 16:47:54] [DEBUG] com.pcwk.ehr.async.AsynControllerTest - │ tearDown()                                              │
[2025-06-25 16:47:54] [DEBUG] com.pcwk.ehr.async.AsynControllerTest - └─────────────────────────────────────────────────────────┘
[2025-06-25 17:20:11] [INFO ] org.springframework.test.context.support.DefaultTestContextBootstrapper - Loaded default TestExecutionListener class names from location [META-INF/spring.factories]: [org.springframework.test.context.web.ServletTestExecutionListener, org.springframework.test.context.support.DirtiesContextBeforeModesTestExecutionListener, org.springframework.test.context.event.ApplicationEventsTestExecutionListener, org.springframework.test.context.support.DependencyInjectionTestExecutionListener, org.springframework.test.context.support.DirtiesContextTestExecutionListener, org.springframework.test.context.transaction.TransactionalTestExecutionListener, org.springframework.test.context.jdbc.SqlScriptsTestExecutionListener, org.springframework.test.context.event.EventPublishingTestExecutionListener]
[2025-06-25 17:20:11] [INFO ] org.springframework.test.context.support.DefaultTestContextBootstrapper - Using TestExecutionListeners: [org.springframework.test.context.web.ServletTestExecutionListener@57576994, org.springframework.test.context.support.DirtiesContextBeforeModesTestExecutionListener@616ac46a, org.springframework.test.context.event.ApplicationEventsTestExecutionListener@67b9b51a, org.springframework.test.context.support.DependencyInjectionTestExecutionListener@1205bd62, org.springframework.test.context.support.DirtiesContextTestExecutionListener@7ef27d7f, org.springframework.test.context.transaction.TransactionalTestExecutionListener@490caf5f, org.springframework.test.context.jdbc.SqlScriptsTestExecutionListener@6337c201, org.springframework.test.context.event.EventPublishingTestExecutionListener@5c669da8]
[2025-06-25 17:20:12] [DEBUG] com.pcwk.ehr.async.AsynController - ┌─────────────────────────────────────────────────────────┐
[2025-06-25 17:20:12] [DEBUG] com.pcwk.ehr.async.AsynController - │ AsynController()                                        │
[2025-06-25 17:20:12] [DEBUG] com.pcwk.ehr.async.AsynController - └─────────────────────────────────────────────────────────┘
[2025-06-25 17:20:12] [DEBUG] com.pcwk.ehr.cmn.PLog - ┌─────────────────────────────────────────────────────────┐
[2025-06-25 17:20:12] [DEBUG] com.pcwk.ehr.cmn.PLog - │ UserController()                                        │
[2025-06-25 17:20:12] [DEBUG] com.pcwk.ehr.cmn.PLog - └─────────────────────────────────────────────────────────┘
[2025-06-25 17:20:12] [DEBUG] com.pcwk.ehr.member.MemberTest - org.springframework.context.support.GenericApplicationContext@41294f8, started on Wed Jun 25 17:20:11 GMT+09:00 2025
[2025-06-25 17:20:12] [DEBUG] com.pcwk.ehr.member.MemberTest - org.apache.ibatis.binding.MapperProxy@435e60ff
[2025-06-25 17:20:34] [INFO ] org.springframework.test.context.support.DefaultTestContextBootstrapper - Loaded default TestExecutionListener class names from location [META-INF/spring.factories]: [org.springframework.test.context.web.ServletTestExecutionListener, org.springframework.test.context.support.DirtiesContextBeforeModesTestExecutionListener, org.springframework.test.context.event.ApplicationEventsTestExecutionListener, org.springframework.test.context.support.DependencyInjectionTestExecutionListener, org.springframework.test.context.support.DirtiesContextTestExecutionListener, org.springframework.test.context.transaction.TransactionalTestExecutionListener, org.springframework.test.context.jdbc.SqlScriptsTestExecutionListener, org.springframework.test.context.event.EventPublishingTestExecutionListener]
[2025-06-25 17:20:34] [INFO ] org.springframework.test.context.support.DefaultTestContextBootstrapper - Using TestExecutionListeners: [org.springframework.test.context.web.ServletTestExecutionListener@57576994, org.springframework.test.context.support.DirtiesContextBeforeModesTestExecutionListener@616ac46a, org.springframework.test.context.event.ApplicationEventsTestExecutionListener@67b9b51a, org.springframework.test.context.support.DependencyInjectionTestExecutionListener@1205bd62, org.springframework.test.context.support.DirtiesContextTestExecutionListener@7ef27d7f, org.springframework.test.context.transaction.TransactionalTestExecutionListener@490caf5f, org.springframework.test.context.jdbc.SqlScriptsTestExecutionListener@6337c201, org.springframework.test.context.event.EventPublishingTestExecutionListener@5c669da8]
[2025-06-25 17:20:35] [DEBUG] com.pcwk.ehr.async.AsynController - ┌─────────────────────────────────────────────────────────┐
[2025-06-25 17:20:35] [DEBUG] com.pcwk.ehr.async.AsynController - │ AsynController()                                        │
[2025-06-25 17:20:35] [DEBUG] com.pcwk.ehr.async.AsynController - └─────────────────────────────────────────────────────────┘
[2025-06-25 17:20:35] [DEBUG] com.pcwk.ehr.cmn.PLog - ┌─────────────────────────────────────────────────────────┐
[2025-06-25 17:20:35] [DEBUG] com.pcwk.ehr.cmn.PLog - │ UserController()                                        │
[2025-06-25 17:20:35] [DEBUG] com.pcwk.ehr.cmn.PLog - └─────────────────────────────────────────────────────────┘
[2025-06-25 17:20:35] [DEBUG] com.pcwk.ehr.member.MemberTest - org.springframework.context.support.GenericApplicationContext@41294f8, started on Wed Jun 25 17:20:34 GMT+09:00 2025
[2025-06-25 17:20:35] [DEBUG] com.pcwk.ehr.member.MemberTest - org.apache.ibatis.binding.MapperProxy@435e60ff
[2025-06-25 17:21:57] [INFO ] org.springframework.test.context.support.DefaultTestContextBootstrapper - Loaded default TestExecutionListener class names from location [META-INF/spring.factories]: [org.springframework.test.context.web.ServletTestExecutionListener, org.springframework.test.context.support.DirtiesContextBeforeModesTestExecutionListener, org.springframework.test.context.event.ApplicationEventsTestExecutionListener, org.springframework.test.context.support.DependencyInjectionTestExecutionListener, org.springframework.test.context.support.DirtiesContextTestExecutionListener, org.springframework.test.context.transaction.TransactionalTestExecutionListener, org.springframework.test.context.jdbc.SqlScriptsTestExecutionListener, org.springframework.test.context.event.EventPublishingTestExecutionListener]
[2025-06-25 17:21:57] [INFO ] org.springframework.test.context.support.DefaultTestContextBootstrapper - Using TestExecutionListeners: [org.springframework.test.context.web.ServletTestExecutionListener@30c8681, org.springframework.test.context.support.DirtiesContextBeforeModesTestExecutionListener@5cdec700, org.springframework.test.context.event.ApplicationEventsTestExecutionListener@6d026701, org.springframework.test.context.support.DependencyInjectionTestExecutionListener@78aa1f72, org.springframework.test.context.support.DirtiesContextTestExecutionListener@1f75a668, org.springframework.test.context.transaction.TransactionalTestExecutionListener@35399441, org.springframework.test.context.jdbc.SqlScriptsTestExecutionListener@4b7dc788, org.springframework.test.context.event.EventPublishingTestExecutionListener@6304101a]
[2025-06-25 17:21:58] [DEBUG] com.pcwk.ehr.async.AsynController - ┌─────────────────────────────────────────────────────────┐
[2025-06-25 17:21:58] [DEBUG] com.pcwk.ehr.async.AsynController - │ AsynController()                                        │
[2025-06-25 17:21:58] [DEBUG] com.pcwk.ehr.async.AsynController - └─────────────────────────────────────────────────────────┘
[2025-06-25 17:21:58] [DEBUG] com.pcwk.ehr.cmn.PLog - ┌─────────────────────────────────────────────────────────┐
[2025-06-25 17:21:58] [DEBUG] com.pcwk.ehr.cmn.PLog - │ UserController()                                        │
[2025-06-25 17:21:58] [DEBUG] com.pcwk.ehr.cmn.PLog - └─────────────────────────────────────────────────────────┘
[2025-06-25 17:21:58] [DEBUG] com.pcwk.ehr.user.UserDaoTest - context:org.springframework.context.support.GenericApplicationContext@56c4278e, started on Wed Jun 25 17:21:57 GMT+09:00 2025
[2025-06-25 17:21:59] [DEBUG] com.pcwk.ehr.mapper.UserMapper.deleteAll - ==>  Preparing: DELETE FROM member
[2025-06-25 17:21:59] [DEBUG] com.pcwk.ehr.mapper.UserMapper.deleteAll - ==> Parameters: 
[2025-06-25 17:21:59] [DEBUG] com.pcwk.ehr.mapper.UserMapper.deleteAll - <==    Updates: 5
[2025-06-25 17:21:59] [DEBUG] com.pcwk.ehr.mapper.UserMapper.saveAll - ==>  Preparing: INSERT INTO MEMBER SELECT 'jamesol' || level as user_id, '이상무' || level as name, '4321_' || level as password, MOD(level,10) as login, MOD(level,2) as recommand, DECODE(MOD(level,3),0,3,MOD(level,3)) as grade, 'dlwhd0614@naver.com' as email, SYSDATE - level as reg_dt FROM dual CONNECT BY LEVEL <= 502
[2025-06-25 17:21:59] [DEBUG] com.pcwk.ehr.mapper.UserMapper.saveAll - ==> Parameters: 
[2025-06-25 17:21:59] [DEBUG] com.pcwk.ehr.mapper.UserMapper.saveAll - <==    Updates: 502
[2025-06-25 17:21:59] [DEBUG] com.pcwk.ehr.user.UserDaoTest - count:502
[2025-06-25 17:21:59] [DEBUG] com.pcwk.ehr.mapper.UserMapper.doRetrieve - ==>  Preparing: SELECT A.*,B.* FROM( SELECT tt3.RNUM as no, tt3.user_id, tt3.name, tt3.password, tt3.login, tt3.recommand, DECODE(tt3.grade,1,'BASIC',2,'SILVER',3,'GOLD','Unknown value') AS grade, tt3.email, TO_CHAR(tt3.reg_dt,'YYYY/MM/DD HH24:MI:SS') AS reg_dt FROM ( SELECT ROWNUM AS RNUM, tt2.* FROM( SELECT t1.* FROM member t1 WHERE user_id LIKE ? ||'%' ORDER BY t1.reg_dt desc )tt2 WHERE ROWNUM <= (?*(? - 1) + ?) )tt3 WHERE RNUM >= (?*(? - 1) + 1) )A CROSS JOIN (SELECT COUNT(*) AS total_cnt FROM member --WHERE : searchDiv(10): user_id, searchDiv(20): name, searchDiv(30): email WHERE user_id LIKE ? ||'%' )B
[2025-06-25 17:21:59] [DEBUG] com.pcwk.ehr.mapper.UserMapper.doRetrieve - ==> Parameters: jamesol(String), 10(Integer), 1(Integer), 10(Integer), 10(Integer), 1(Integer), jamesol(String)
[2025-06-25 17:21:59] [DEBUG] com.pcwk.ehr.mapper.UserMapper.doRetrieve - <==      Total: 10
[2025-06-25 17:21:59] [DEBUG] com.pcwk.ehr.user.UserDaoTest - UserDTO [userId=null, name=이상무1, password=4321_1, regDt=null, Login=1, Recommand=1, Grade=BASIC, Email=dlwhd0614@naver.com]
[2025-06-25 17:21:59] [DEBUG] com.pcwk.ehr.user.UserDaoTest - UserDTO [userId=null, name=이상무2, password=4321_2, regDt=null, Login=2, Recommand=0, Grade=SILVER, Email=dlwhd0614@naver.com]
[2025-06-25 17:21:59] [DEBUG] com.pcwk.ehr.user.UserDaoTest - UserDTO [userId=null, name=이상무3, password=4321_3, regDt=null, Login=3, Recommand=1, Grade=GOLD, Email=dlwhd0614@naver.com]
[2025-06-25 17:21:59] [DEBUG] com.pcwk.ehr.user.UserDaoTest - UserDTO [userId=null, name=이상무4, password=4321_4, regDt=null, Login=4, Recommand=0, Grade=BASIC, Email=dlwhd0614@naver.com]
[2025-06-25 17:21:59] [DEBUG] com.pcwk.ehr.user.UserDaoTest - UserDTO [userId=null, name=이상무5, password=4321_5, regDt=null, Login=5, Recommand=1, Grade=SILVER, Email=dlwhd0614@naver.com]
[2025-06-25 17:21:59] [DEBUG] com.pcwk.ehr.user.UserDaoTest - UserDTO [userId=null, name=이상무6, password=4321_6, regDt=null, Login=6, Recommand=0, Grade=GOLD, Email=dlwhd0614@naver.com]
[2025-06-25 17:21:59] [DEBUG] com.pcwk.ehr.user.UserDaoTest - UserDTO [userId=null, name=이상무7, password=4321_7, regDt=null, Login=7, Recommand=1, Grade=BASIC, Email=dlwhd0614@naver.com]
[2025-06-25 17:21:59] [DEBUG] com.pcwk.ehr.user.UserDaoTest - UserDTO [userId=null, name=이상무8, password=4321_8, regDt=null, Login=8, Recommand=0, Grade=SILVER, Email=dlwhd0614@naver.com]
[2025-06-25 17:21:59] [DEBUG] com.pcwk.ehr.user.UserDaoTest - UserDTO [userId=null, name=이상무9, password=4321_9, regDt=null, Login=9, Recommand=1, Grade=GOLD, Email=dlwhd0614@naver.com]
[2025-06-25 17:21:59] [DEBUG] com.pcwk.ehr.user.UserDaoTest - UserDTO [userId=null, name=이상무10, password=4321_10, regDt=null, Login=0, Recommand=0, Grade=BASIC, Email=dlwhd0614@naver.com]
[2025-06-25 17:21:59] [DEBUG] com.pcwk.ehr.user.UserDaoTest - ***************************
[2025-06-25 17:21:59] [DEBUG] com.pcwk.ehr.user.UserDaoTest - @After
[2025-06-25 17:21:59] [DEBUG] com.pcwk.ehr.user.UserDaoTest - ***************************
[2025-06-25 17:21:59] [DEBUG] com.pcwk.ehr.user.UserDaoTest - context:org.springframework.context.support.GenericApplicationContext@56c4278e, started on Wed Jun 25 17:21:57 GMT+09:00 2025
[2025-06-25 17:21:59] [DEBUG] com.pcwk.ehr.mapper.UserMapper.deleteAll - ==>  Preparing: DELETE FROM member
[2025-06-25 17:21:59] [DEBUG] com.pcwk.ehr.mapper.UserMapper.deleteAll - ==> Parameters: 
[2025-06-25 17:21:59] [DEBUG] com.pcwk.ehr.mapper.UserMapper.deleteAll - <==    Updates: 502
[2025-06-25 17:21:59] [DEBUG] com.pcwk.ehr.mapper.UserMapper.doSave - ==>  Preparing: INSERT INTO member ( user_id, name, password, login, recommand, grade, email, reg_dt ) VALUES ( ?, ?, ?, ?, ?, DECODE(?,'BASIC',1,'SILVER',2,'GOLD',3), ?, SYSDATE )
[2025-06-25 17:21:59] [DEBUG] com.pcwk.ehr.mapper.UserMapper.doSave - ==> Parameters: pcwk01(String), 이상무01(String), 4321a(String), 0(Integer), 0(Integer), BASIC(String), dlwhd0614@naver.com(String)
[2025-06-25 17:21:59] [DEBUG] com.pcwk.ehr.mapper.UserMapper.doSave - <==    Updates: 1
[2025-06-25 17:21:59] [DEBUG] com.pcwk.ehr.mapper.UserMapper.getCount - ==>  Preparing: select count(*) AS totalCnt from member
[2025-06-25 17:21:59] [DEBUG] com.pcwk.ehr.mapper.UserMapper.getCount - ==> Parameters: 
[2025-06-25 17:21:59] [DEBUG] com.pcwk.ehr.mapper.UserMapper.getCount - <==      Total: 1
[2025-06-25 17:21:59] [DEBUG] com.pcwk.ehr.mapper.UserMapper.doSave - ==>  Preparing: INSERT INTO member ( user_id, name, password, login, recommand, grade, email, reg_dt ) VALUES ( ?, ?, ?, ?, ?, DECODE(?,'BASIC',1,'SILVER',2,'GOLD',3), ?, SYSDATE )
[2025-06-25 17:21:59] [DEBUG] com.pcwk.ehr.mapper.UserMapper.doSave - ==> Parameters: pcwk02(String), 이상무02(String), 4321b(String), 55(Integer), 10(Integer), SILVER(String), dlwhd0614@naver.com(String)
[2025-06-25 17:21:59] [DEBUG] com.pcwk.ehr.mapper.UserMapper.doSave - <==    Updates: 1
[2025-06-25 17:21:59] [DEBUG] com.pcwk.ehr.mapper.UserMapper.getCount - ==>  Preparing: select count(*) AS totalCnt from member
[2025-06-25 17:21:59] [DEBUG] com.pcwk.ehr.mapper.UserMapper.getCount - ==> Parameters: 
[2025-06-25 17:21:59] [DEBUG] com.pcwk.ehr.mapper.UserMapper.getCount - <==      Total: 1
[2025-06-25 17:21:59] [DEBUG] com.pcwk.ehr.mapper.UserMapper.doSave - ==>  Preparing: INSERT INTO member ( user_id, name, password, login, recommand, grade, email, reg_dt ) VALUES ( ?, ?, ?, ?, ?, DECODE(?,'BASIC',1,'SILVER',2,'GOLD',3), ?, SYSDATE )
[2025-06-25 17:21:59] [DEBUG] com.pcwk.ehr.mapper.UserMapper.doSave - ==> Parameters: pcwk03(String), 이상무03(String), 4321c(String), 100(Integer), 40(Integer), GOLD(String), dlwhd0614@naver.com(String)
[2025-06-25 17:21:59] [DEBUG] com.pcwk.ehr.mapper.UserMapper.doSave - <==    Updates: 1
[2025-06-25 17:21:59] [DEBUG] com.pcwk.ehr.mapper.UserMapper.getCount - ==>  Preparing: select count(*) AS totalCnt from member
[2025-06-25 17:21:59] [DEBUG] com.pcwk.ehr.mapper.UserMapper.getCount - ==> Parameters: 
[2025-06-25 17:21:59] [DEBUG] com.pcwk.ehr.mapper.UserMapper.getCount - <==      Total: 1
[2025-06-25 17:21:59] [DEBUG] com.pcwk.ehr.mapper.UserMapper.getAll - ==>  Preparing: SELECT user_id, name, password, login, recommand, DECODE(grade,1,'BASIC',2,'SILVER',3,'GOLD','Unknown value') AS grade, email, TO_CHAR(reg_dt,'YYYY/MM/DD HH24:MI:SS') AS reg_dt_str FROM member ORDER BY user_id
[2025-06-25 17:21:59] [DEBUG] com.pcwk.ehr.mapper.UserMapper.getAll - ==> Parameters: 
[2025-06-25 17:21:59] [DEBUG] com.pcwk.ehr.mapper.UserMapper.getAll - <==      Total: 3
[2025-06-25 17:21:59] [DEBUG] com.pcwk.ehr.user.UserDaoTest - UserDTO [userId=null, name=이상무01, password=4321a, regDt=null, Login=0, Recommand=0, Grade=BASIC, Email=dlwhd0614@naver.com]
[2025-06-25 17:21:59] [DEBUG] com.pcwk.ehr.user.UserDaoTest - UserDTO [userId=null, name=이상무02, password=4321b, regDt=null, Login=55, Recommand=10, Grade=SILVER, Email=dlwhd0614@naver.com]
[2025-06-25 17:21:59] [DEBUG] com.pcwk.ehr.user.UserDaoTest - UserDTO [userId=null, name=이상무03, password=4321c, regDt=null, Login=100, Recommand=40, Grade=GOLD, Email=dlwhd0614@naver.com]
[2025-06-25 17:21:59] [DEBUG] com.pcwk.ehr.user.UserDaoTest - ***************************
[2025-06-25 17:21:59] [DEBUG] com.pcwk.ehr.user.UserDaoTest - @After
[2025-06-25 17:21:59] [DEBUG] com.pcwk.ehr.user.UserDaoTest - ***************************
[2025-06-25 17:21:59] [DEBUG] com.pcwk.ehr.user.UserDaoTest - context:org.springframework.context.support.GenericApplicationContext@56c4278e, started on Wed Jun 25 17:21:57 GMT+09:00 2025
[2025-06-25 17:21:59] [DEBUG] com.pcwk.ehr.mapper.UserMapper.deleteAll - ==>  Preparing: DELETE FROM member
[2025-06-25 17:21:59] [DEBUG] com.pcwk.ehr.mapper.UserMapper.deleteAll - ==> Parameters: 
[2025-06-25 17:21:59] [DEBUG] com.pcwk.ehr.mapper.UserMapper.deleteAll - <==    Updates: 3
[2025-06-25 17:21:59] [DEBUG] com.pcwk.ehr.mapper.UserMapper.doSave - ==>  Preparing: INSERT INTO member ( user_id, name, password, login, recommand, grade, email, reg_dt ) VALUES ( ?, ?, ?, ?, ?, DECODE(?,'BASIC',1,'SILVER',2,'GOLD',3), ?, SYSDATE )
[2025-06-25 17:21:59] [DEBUG] com.pcwk.ehr.mapper.UserMapper.doSave - ==> Parameters: pcwk01(String), 이상무01(String), 4321a(String), 0(Integer), 0(Integer), BASIC(String), dlwhd0614@naver.com(String)
[2025-06-25 17:21:59] [DEBUG] com.pcwk.ehr.mapper.UserMapper.doSave - <==    Updates: 1
[2025-06-25 17:21:59] [DEBUG] com.pcwk.ehr.mapper.UserMapper.getCount - ==>  Preparing: select count(*) AS totalCnt from member
[2025-06-25 17:21:59] [DEBUG] com.pcwk.ehr.mapper.UserMapper.getCount - ==> Parameters: 
[2025-06-25 17:21:59] [DEBUG] com.pcwk.ehr.mapper.UserMapper.getCount - <==      Total: 1
[2025-06-25 17:21:59] [DEBUG] com.pcwk.ehr.mapper.UserMapper.doSave - ==>  Preparing: INSERT INTO member ( user_id, name, password, login, recommand, grade, email, reg_dt ) VALUES ( ?, ?, ?, ?, ?, DECODE(?,'BASIC',1,'SILVER',2,'GOLD',3), ?, SYSDATE )
[2025-06-25 17:21:59] [DEBUG] com.pcwk.ehr.mapper.UserMapper.doSave - ==> Parameters: pcwk02(String), 이상무02(String), 4321b(String), 55(Integer), 10(Integer), SILVER(String), dlwhd0614@naver.com(String)
[2025-06-25 17:21:59] [DEBUG] com.pcwk.ehr.mapper.UserMapper.doSave - <==    Updates: 1
[2025-06-25 17:21:59] [DEBUG] com.pcwk.ehr.mapper.UserMapper.getCount - ==>  Preparing: select count(*) AS totalCnt from member
[2025-06-25 17:21:59] [DEBUG] com.pcwk.ehr.mapper.UserMapper.getCount - ==> Parameters: 
[2025-06-25 17:21:59] [DEBUG] com.pcwk.ehr.mapper.UserMapper.getCount - <==      Total: 1
[2025-06-25 17:21:59] [DEBUG] com.pcwk.ehr.mapper.UserMapper.doSave - ==>  Preparing: INSERT INTO member ( user_id, name, password, login, recommand, grade, email, reg_dt ) VALUES ( ?, ?, ?, ?, ?, DECODE(?,'BASIC',1,'SILVER',2,'GOLD',3), ?, SYSDATE )
[2025-06-25 17:21:59] [DEBUG] com.pcwk.ehr.mapper.UserMapper.doSave - ==> Parameters: pcwk03(String), 이상무03(String), 4321c(String), 100(Integer), 40(Integer), GOLD(String), dlwhd0614@naver.com(String)
[2025-06-25 17:21:59] [DEBUG] com.pcwk.ehr.mapper.UserMapper.doSave - <==    Updates: 1
[2025-06-25 17:21:59] [DEBUG] com.pcwk.ehr.mapper.UserMapper.getCount - ==>  Preparing: select count(*) AS totalCnt from member
[2025-06-25 17:21:59] [DEBUG] com.pcwk.ehr.mapper.UserMapper.getCount - ==> Parameters: 
[2025-06-25 17:21:59] [DEBUG] com.pcwk.ehr.mapper.UserMapper.getCount - <==      Total: 1
[2025-06-25 17:21:59] [DEBUG] com.pcwk.ehr.mapper.UserMapper.doSelectOne - ==>  Preparing: SELECT user_id, name, password, login, recommand, DECODE(grade,1,'BASIC',2,'SILVER',3,'GOLD','Unknown value') AS grade, email, TO_CHAR(reg_dt,'YYYY/MM/DD HH24:MI:SS') AS regDt FROM member WHERE user_id = ?
[2025-06-25 17:21:59] [DEBUG] com.pcwk.ehr.mapper.UserMapper.doSelectOne - ==> Parameters: pcwk01(String)
[2025-06-25 17:21:59] [DEBUG] com.pcwk.ehr.mapper.UserMapper.doSelectOne - <==      Total: 1
[2025-06-25 17:21:59] [DEBUG] com.pcwk.ehr.mapper.UserMapper.doSelectOne - ==>  Preparing: SELECT user_id, name, password, login, recommand, DECODE(grade,1,'BASIC',2,'SILVER',3,'GOLD','Unknown value') AS grade, email, TO_CHAR(reg_dt,'YYYY/MM/DD HH24:MI:SS') AS regDt FROM member WHERE user_id = ?
[2025-06-25 17:21:59] [DEBUG] com.pcwk.ehr.mapper.UserMapper.doSelectOne - ==> Parameters: pcwk02(String)
[2025-06-25 17:21:59] [DEBUG] com.pcwk.ehr.mapper.UserMapper.doSelectOne - <==      Total: 1
[2025-06-25 17:21:59] [DEBUG] com.pcwk.ehr.mapper.UserMapper.doSelectOne - ==>  Preparing: SELECT user_id, name, password, login, recommand, DECODE(grade,1,'BASIC',2,'SILVER',3,'GOLD','Unknown value') AS grade, email, TO_CHAR(reg_dt,'YYYY/MM/DD HH24:MI:SS') AS regDt FROM member WHERE user_id = ?
[2025-06-25 17:21:59] [DEBUG] com.pcwk.ehr.mapper.UserMapper.doSelectOne - ==> Parameters: pcwk03(String)
[2025-06-25 17:21:59] [DEBUG] com.pcwk.ehr.mapper.UserMapper.doSelectOne - <==      Total: 1
[2025-06-25 17:21:59] [DEBUG] com.pcwk.ehr.user.UserDaoTest - ***************************
[2025-06-25 17:21:59] [DEBUG] com.pcwk.ehr.user.UserDaoTest - @After
[2025-06-25 17:21:59] [DEBUG] com.pcwk.ehr.user.UserDaoTest - ***************************
[2025-06-25 17:21:59] [DEBUG] com.pcwk.ehr.user.UserDaoTest - context:org.springframework.context.support.GenericApplicationContext@56c4278e, started on Wed Jun 25 17:21:57 GMT+09:00 2025
[2025-06-25 17:21:59] [DEBUG] com.pcwk.ehr.user.UserDaoTest - org.springframework.context.support.GenericApplicationContext@56c4278e, started on Wed Jun 25 17:21:57 GMT+09:00 2025
[2025-06-25 17:21:59] [DEBUG] com.pcwk.ehr.user.UserDaoTest - org.apache.ibatis.binding.MapperProxy@34585ac9
[2025-06-25 17:21:59] [DEBUG] com.pcwk.ehr.user.UserDaoTest - ***************************
[2025-06-25 17:21:59] [DEBUG] com.pcwk.ehr.user.UserDaoTest - @After
[2025-06-25 17:21:59] [DEBUG] com.pcwk.ehr.user.UserDaoTest - ***************************
[2025-06-25 17:21:59] [DEBUG] com.pcwk.ehr.user.UserDaoTest - context:org.springframework.context.support.GenericApplicationContext@56c4278e, started on Wed Jun 25 17:21:57 GMT+09:00 2025
[2025-06-25 17:21:59] [DEBUG] com.pcwk.ehr.mapper.UserMapper.deleteAll - ==>  Preparing: DELETE FROM member
[2025-06-25 17:21:59] [DEBUG] com.pcwk.ehr.mapper.UserMapper.deleteAll - ==> Parameters: 
[2025-06-25 17:21:59] [DEBUG] com.pcwk.ehr.mapper.UserMapper.deleteAll - <==    Updates: 3
[2025-06-25 17:21:59] [DEBUG] com.pcwk.ehr.mapper.UserMapper.doSave - ==>  Preparing: INSERT INTO member ( user_id, name, password, login, recommand, grade, email, reg_dt ) VALUES ( ?, ?, ?, ?, ?, DECODE(?,'BASIC',1,'SILVER',2,'GOLD',3), ?, SYSDATE )
[2025-06-25 17:21:59] [DEBUG] com.pcwk.ehr.mapper.UserMapper.doSave - ==> Parameters: pcwk01(String), 이상무01(String), 4321a(String), 0(Integer), 0(Integer), BASIC(String), dlwhd0614@naver.com(String)
[2025-06-25 17:21:59] [DEBUG] com.pcwk.ehr.mapper.UserMapper.doSave - <==    Updates: 1
[2025-06-25 17:21:59] [DEBUG] com.pcwk.ehr.mapper.UserMapper.getCount - ==>  Preparing: select count(*) AS totalCnt from member
[2025-06-25 17:21:59] [DEBUG] com.pcwk.ehr.mapper.UserMapper.getCount - ==> Parameters: 
[2025-06-25 17:21:59] [DEBUG] com.pcwk.ehr.mapper.UserMapper.getCount - <==      Total: 1
[2025-06-25 17:21:59] [DEBUG] com.pcwk.ehr.mapper.UserMapper.doSelectOne - ==>  Preparing: SELECT user_id, name, password, login, recommand, DECODE(grade,1,'BASIC',2,'SILVER',3,'GOLD','Unknown value') AS grade, email, TO_CHAR(reg_dt,'YYYY/MM/DD HH24:MI:SS') AS regDt FROM member WHERE user_id = ?
[2025-06-25 17:21:59] [DEBUG] com.pcwk.ehr.mapper.UserMapper.doSelectOne - ==> Parameters: pcwk01(String)
[2025-06-25 17:21:59] [DEBUG] com.pcwk.ehr.mapper.UserMapper.doSelectOne - <==      Total: 1
[2025-06-25 17:21:59] [DEBUG] com.pcwk.ehr.user.UserDaoTest - outVO:UserDTO [userId=pcwk01, name=이상무01_U, password=4321a_U, regDt=2025/06/25 17:21:59, Login=999, Recommand=999, Grade=GOLD, Email=dlwhd0614@naver.com_U]
[2025-06-25 17:21:59] [DEBUG] com.pcwk.ehr.mapper.UserMapper.doUpdate - ==>  Preparing: UPDATE member SET name = ?, password = ?, login = ?, recommand = ?, grade = DECODE(?,'BASIC',1,'SILVER',2,'GOLD',3), email = ?, reg_dt = SYSDATE WHERE user_id = ?
[2025-06-25 17:21:59] [DEBUG] com.pcwk.ehr.mapper.UserMapper.doUpdate - ==> Parameters: 이상무01_U(String), 4321a_U(String), 999(Integer), 999(Integer), GOLD(String), dlwhd0614@naver.com_U(String), pcwk01(String)
[2025-06-25 17:21:59] [DEBUG] com.pcwk.ehr.mapper.UserMapper.doUpdate - <==    Updates: 1
[2025-06-25 17:21:59] [DEBUG] com.pcwk.ehr.mapper.UserMapper.doSelectOne - ==>  Preparing: SELECT user_id, name, password, login, recommand, DECODE(grade,1,'BASIC',2,'SILVER',3,'GOLD','Unknown value') AS grade, email, TO_CHAR(reg_dt,'YYYY/MM/DD HH24:MI:SS') AS regDt FROM member WHERE user_id = ?
[2025-06-25 17:21:59] [DEBUG] com.pcwk.ehr.mapper.UserMapper.doSelectOne - ==> Parameters: pcwk01(String)
[2025-06-25 17:21:59] [DEBUG] com.pcwk.ehr.mapper.UserMapper.doSelectOne - <==      Total: 1
[2025-06-25 17:21:59] [DEBUG] com.pcwk.ehr.user.UserDaoTest - ***************************
[2025-06-25 17:21:59] [DEBUG] com.pcwk.ehr.user.UserDaoTest - @After
[2025-06-25 17:21:59] [DEBUG] com.pcwk.ehr.user.UserDaoTest - ***************************
[2025-06-25 17:21:59] [DEBUG] com.pcwk.ehr.user.UserDaoTest - context:org.springframework.context.support.GenericApplicationContext@56c4278e, started on Wed Jun 25 17:21:57 GMT+09:00 2025
[2025-06-25 17:21:59] [DEBUG] com.pcwk.ehr.mapper.UserMapper.deleteAll - ==>  Preparing: DELETE FROM member
[2025-06-25 17:21:59] [DEBUG] com.pcwk.ehr.mapper.UserMapper.deleteAll - ==> Parameters: 
[2025-06-25 17:21:59] [DEBUG] com.pcwk.ehr.mapper.UserMapper.deleteAll - <==    Updates: 1
[2025-06-25 17:21:59] [DEBUG] com.pcwk.ehr.mapper.UserMapper.doSave - ==>  Preparing: INSERT INTO member ( user_id, name, password, login, recommand, grade, email, reg_dt ) VALUES ( ?, ?, ?, ?, ?, DECODE(?,'BASIC',1,'SILVER',2,'GOLD',3), ?, SYSDATE )
[2025-06-25 17:21:59] [DEBUG] com.pcwk.ehr.mapper.UserMapper.doSave - ==> Parameters: pcwk01(String), 이상무01(String), 4321a(String), 0(Integer), 0(Integer), BASIC(String), dlwhd0614@naver.com(String)
[2025-06-25 17:21:59] [DEBUG] com.pcwk.ehr.mapper.UserMapper.doSave - <==    Updates: 1
[2025-06-25 17:21:59] [DEBUG] com.pcwk.ehr.mapper.UserMapper.getCount - ==>  Preparing: select count(*) AS totalCnt from member
[2025-06-25 17:21:59] [DEBUG] com.pcwk.ehr.mapper.UserMapper.getCount - ==> Parameters: 
[2025-06-25 17:21:59] [DEBUG] com.pcwk.ehr.mapper.UserMapper.getCount - <==      Total: 1
[2025-06-25 17:21:59] [DEBUG] com.pcwk.ehr.mapper.UserMapper.doDelete - ==>  Preparing: DELETE FROM member WHERE user_id = ?
[2025-06-25 17:21:59] [DEBUG] com.pcwk.ehr.mapper.UserMapper.doDelete - ==> Parameters: pcwk01(String)
[2025-06-25 17:21:59] [DEBUG] com.pcwk.ehr.mapper.UserMapper.doDelete - <==    Updates: 1
[2025-06-25 17:21:59] [DEBUG] com.pcwk.ehr.mapper.UserMapper.getCount - ==>  Preparing: select count(*) AS totalCnt from member
[2025-06-25 17:21:59] [DEBUG] com.pcwk.ehr.mapper.UserMapper.getCount - ==> Parameters: 
[2025-06-25 17:21:59] [DEBUG] com.pcwk.ehr.mapper.UserMapper.getCount - <==      Total: 1
[2025-06-25 17:21:59] [DEBUG] com.pcwk.ehr.user.UserDaoTest - ***************************
[2025-06-25 17:21:59] [DEBUG] com.pcwk.ehr.user.UserDaoTest - @After
[2025-06-25 17:21:59] [DEBUG] com.pcwk.ehr.user.UserDaoTest - ***************************
[2025-06-25 17:23:23] [INFO ] org.springframework.test.context.support.DefaultTestContextBootstrapper - Loaded default TestExecutionListener class names from location [META-INF/spring.factories]: [org.springframework.test.context.web.ServletTestExecutionListener, org.springframework.test.context.support.DirtiesContextBeforeModesTestExecutionListener, org.springframework.test.context.event.ApplicationEventsTestExecutionListener, org.springframework.test.context.support.DependencyInjectionTestExecutionListener, org.springframework.test.context.support.DirtiesContextTestExecutionListener, org.springframework.test.context.transaction.TransactionalTestExecutionListener, org.springframework.test.context.jdbc.SqlScriptsTestExecutionListener, org.springframework.test.context.event.EventPublishingTestExecutionListener]
[2025-06-25 17:23:23] [INFO ] org.springframework.test.context.support.DefaultTestContextBootstrapper - Using TestExecutionListeners: [org.springframework.test.context.web.ServletTestExecutionListener@57576994, org.springframework.test.context.support.DirtiesContextBeforeModesTestExecutionListener@616ac46a, org.springframework.test.context.event.ApplicationEventsTestExecutionListener@67b9b51a, org.springframework.test.context.support.DependencyInjectionTestExecutionListener@1205bd62, org.springframework.test.context.support.DirtiesContextTestExecutionListener@7ef27d7f, org.springframework.test.context.transaction.TransactionalTestExecutionListener@490caf5f, org.springframework.test.context.jdbc.SqlScriptsTestExecutionListener@6337c201, org.springframework.test.context.event.EventPublishingTestExecutionListener@5c669da8]
[2025-06-25 17:23:25] [DEBUG] com.pcwk.ehr.member.MemberTest - org.springframework.context.support.GenericApplicationContext@41294f8, started on Wed Jun 25 17:23:23 GMT+09:00 2025
[2025-06-25 17:23:25] [DEBUG] com.pcwk.ehr.member.MemberTest - org.apache.ibatis.binding.MapperProxy@435e60ff
[2025-06-25 17:27:32] [INFO ] org.springframework.test.context.support.DefaultTestContextBootstrapper - Loaded default TestExecutionListener class names from location [META-INF/spring.factories]: [org.springframework.test.context.web.ServletTestExecutionListener, org.springframework.test.context.support.DirtiesContextBeforeModesTestExecutionListener, org.springframework.test.context.event.ApplicationEventsTestExecutionListener, org.springframework.test.context.support.DependencyInjectionTestExecutionListener, org.springframework.test.context.support.DirtiesContextTestExecutionListener, org.springframework.test.context.transaction.TransactionalTestExecutionListener, org.springframework.test.context.jdbc.SqlScriptsTestExecutionListener, org.springframework.test.context.event.EventPublishingTestExecutionListener]
[2025-06-25 17:27:32] [INFO ] org.springframework.test.context.support.DefaultTestContextBootstrapper - Using TestExecutionListeners: [org.springframework.test.context.web.ServletTestExecutionListener@57576994, org.springframework.test.context.support.DirtiesContextBeforeModesTestExecutionListener@616ac46a, org.springframework.test.context.event.ApplicationEventsTestExecutionListener@67b9b51a, org.springframework.test.context.support.DependencyInjectionTestExecutionListener@1205bd62, org.springframework.test.context.support.DirtiesContextTestExecutionListener@7ef27d7f, org.springframework.test.context.transaction.TransactionalTestExecutionListener@490caf5f, org.springframework.test.context.jdbc.SqlScriptsTestExecutionListener@6337c201, org.springframework.test.context.event.EventPublishingTestExecutionListener@5c669da8]
[2025-06-25 17:27:33] [DEBUG] com.pcwk.ehr.mapper.MemberMapper.doSave - ==>  Preparing: INSERT INTO MEMBER ( ID, PWD, NICKNAME, NAME, PHONE, EMAIL, REG_DT, REG_ID, ADMIN_ROLE ) VALUES ( ?, ?, ?, ?, ?, ?, SYSDATE, ?, ? )
[2025-06-25 17:27:33] [DEBUG] com.pcwk.ehr.mapper.MemberMapper.doSave - ==> Parameters: test01(String), 1234(String), hong(String), 홍길동(String), 010-1111-2222(String), hong12@naver.com(String), admin(String), 1(Integer)
[2025-06-25 17:29:06] [INFO ] org.springframework.test.context.support.DefaultTestContextBootstrapper - Loaded default TestExecutionListener class names from location [META-INF/spring.factories]: [org.springframework.test.context.web.ServletTestExecutionListener, org.springframework.test.context.support.DirtiesContextBeforeModesTestExecutionListener, org.springframework.test.context.event.ApplicationEventsTestExecutionListener, org.springframework.test.context.support.DependencyInjectionTestExecutionListener, org.springframework.test.context.support.DirtiesContextTestExecutionListener, org.springframework.test.context.transaction.TransactionalTestExecutionListener, org.springframework.test.context.jdbc.SqlScriptsTestExecutionListener, org.springframework.test.context.event.EventPublishingTestExecutionListener]
[2025-06-25 17:29:06] [INFO ] org.springframework.test.context.support.DefaultTestContextBootstrapper - Using TestExecutionListeners: [org.springframework.test.context.web.ServletTestExecutionListener@57576994, org.springframework.test.context.support.DirtiesContextBeforeModesTestExecutionListener@616ac46a, org.springframework.test.context.event.ApplicationEventsTestExecutionListener@67b9b51a, org.springframework.test.context.support.DependencyInjectionTestExecutionListener@1205bd62, org.springframework.test.context.support.DirtiesContextTestExecutionListener@7ef27d7f, org.springframework.test.context.transaction.TransactionalTestExecutionListener@490caf5f, org.springframework.test.context.jdbc.SqlScriptsTestExecutionListener@6337c201, org.springframework.test.context.event.EventPublishingTestExecutionListener@5c669da8]
[2025-06-25 17:29:07] [DEBUG] com.pcwk.ehr.mapper.MemberMapper.doSave - ==>  Preparing: INSERT INTO MEMBER ( ID, PWD, NICKNAME, NAME, PHONE, EMAIL, REG_DT, REG_ID, ADMIN_ROLE ) VALUES ( ?, ?, ?, ?, ?, ?, SYSDATE, ?, ? )
[2025-06-25 17:29:08] [DEBUG] com.pcwk.ehr.mapper.MemberMapper.doSave - ==> Parameters: test01(String), 1234(String), hong(String), 홍길동(String), 010-1111-2222(String), hong12@naver.com(String), admin(String), 1(Integer)
[2025-06-25 17:29:08] [DEBUG] com.pcwk.ehr.mapper.MemberMapper.doSave - <==    Updates: 1
[2025-06-25 17:42:56] [INFO ] org.springframework.test.context.support.DefaultTestContextBootstrapper - Loaded default TestExecutionListener class names from location [META-INF/spring.factories]: [org.springframework.test.context.web.ServletTestExecutionListener, org.springframework.test.context.support.DirtiesContextBeforeModesTestExecutionListener, org.springframework.test.context.event.ApplicationEventsTestExecutionListener, org.springframework.test.context.support.DependencyInjectionTestExecutionListener, org.springframework.test.context.support.DirtiesContextTestExecutionListener, org.springframework.test.context.transaction.TransactionalTestExecutionListener, org.springframework.test.context.jdbc.SqlScriptsTestExecutionListener, org.springframework.test.context.event.EventPublishingTestExecutionListener]
[2025-06-25 17:42:56] [INFO ] org.springframework.test.context.support.DefaultTestContextBootstrapper - Using TestExecutionListeners: [org.springframework.test.context.web.ServletTestExecutionListener@616ac46a, org.springframework.test.context.support.DirtiesContextBeforeModesTestExecutionListener@67b9b51a, org.springframework.test.context.event.ApplicationEventsTestExecutionListener@1205bd62, org.springframework.test.context.support.DependencyInjectionTestExecutionListener@7ef27d7f, org.springframework.test.context.support.DirtiesContextTestExecutionListener@490caf5f, org.springframework.test.context.transaction.TransactionalTestExecutionListener@6337c201, org.springframework.test.context.jdbc.SqlScriptsTestExecutionListener@5c669da8, org.springframework.test.context.event.EventPublishingTestExecutionListener@31920ade]
[2025-06-25 17:42:58] [DEBUG] com.pcwk.ehr.mapper.MemberMapper.isIdExists - ==>  Preparing: SELECT COUNT(*) FROM MEMBER WHERE ID = ?
[2025-06-25 17:42:58] [DEBUG] com.pcwk.ehr.mapper.MemberMapper.isIdExists - ==> Parameters: test01(String)
[2025-06-25 17:42:58] [DEBUG] com.pcwk.ehr.mapper.MemberMapper.isIdExists - <==      Total: 1
[2025-06-25 17:42:58] [DEBUG] com.pcwk.ehr.mapper.MemberMapper.isIdExists - ==>  Preparing: SELECT COUNT(*) FROM MEMBER WHERE ID = ?
[2025-06-25 17:42:58] [DEBUG] com.pcwk.ehr.mapper.MemberMapper.isIdExists - ==> Parameters: test02(String)
[2025-06-25 17:42:58] [DEBUG] com.pcwk.ehr.mapper.MemberMapper.isIdExists - <==      Total: 1
[2025-06-25 17:42:58] [DEBUG] com.pcwk.ehr.member.MemberTest - ID 'test01' 존재 여부 count: 1
[2025-06-25 17:42:58] [DEBUG] com.pcwk.ehr.member.MemberTest - ID 'test02' 존재 여부 count: 0
[2025-06-25 18:09:09] [INFO ] org.springframework.test.context.support.DefaultTestContextBootstrapper - Loaded default TestExecutionListener class names from location [META-INF/spring.factories]: [org.springframework.test.context.web.ServletTestExecutionListener, org.springframework.test.context.support.DirtiesContextBeforeModesTestExecutionListener, org.springframework.test.context.event.ApplicationEventsTestExecutionListener, org.springframework.test.context.support.DependencyInjectionTestExecutionListener, org.springframework.test.context.support.DirtiesContextTestExecutionListener, org.springframework.test.context.transaction.TransactionalTestExecutionListener, org.springframework.test.context.jdbc.SqlScriptsTestExecutionListener, org.springframework.test.context.event.EventPublishingTestExecutionListener]
[2025-06-25 18:09:09] [INFO ] org.springframework.test.context.support.DefaultTestContextBootstrapper - Using TestExecutionListeners: [org.springframework.test.context.web.ServletTestExecutionListener@125290e5, org.springframework.test.context.support.DirtiesContextBeforeModesTestExecutionListener@6fa34d52, org.springframework.test.context.event.ApplicationEventsTestExecutionListener@57576994, org.springframework.test.context.support.DependencyInjectionTestExecutionListener@616ac46a, org.springframework.test.context.support.DirtiesContextTestExecutionListener@67b9b51a, org.springframework.test.context.transaction.TransactionalTestExecutionListener@1205bd62, org.springframework.test.context.jdbc.SqlScriptsTestExecutionListener@7ef27d7f, org.springframework.test.context.event.EventPublishingTestExecutionListener@490caf5f]
[2025-06-25 18:09:10] [DEBUG] com.pcwk.ehr.member.memberServiceTest - org.springframework.context.support.GenericApplicationContext@2141a12, started on Wed Jun 25 18:09:09 GMT+09:00 2025
[2025-06-25 18:09:10] [DEBUG] com.pcwk.ehr.member.memberServiceTest - org.apache.ibatis.binding.MapperProxy@10fda3d0
[2025-06-25 18:14:50] [INFO ] org.springframework.test.context.support.DefaultTestContextBootstrapper - Loaded default TestExecutionListener class names from location [META-INF/spring.factories]: [org.springframework.test.context.web.ServletTestExecutionListener, org.springframework.test.context.support.DirtiesContextBeforeModesTestExecutionListener, org.springframework.test.context.event.ApplicationEventsTestExecutionListener, org.springframework.test.context.support.DependencyInjectionTestExecutionListener, org.springframework.test.context.support.DirtiesContextTestExecutionListener, org.springframework.test.context.transaction.TransactionalTestExecutionListener, org.springframework.test.context.jdbc.SqlScriptsTestExecutionListener, org.springframework.test.context.event.EventPublishingTestExecutionListener]
[2025-06-25 18:14:50] [INFO ] org.springframework.test.context.support.DefaultTestContextBootstrapper - Using TestExecutionListeners: [org.springframework.test.context.web.ServletTestExecutionListener@57576994, org.springframework.test.context.support.DirtiesContextBeforeModesTestExecutionListener@616ac46a, org.springframework.test.context.event.ApplicationEventsTestExecutionListener@67b9b51a, org.springframework.test.context.support.DependencyInjectionTestExecutionListener@1205bd62, org.springframework.test.context.support.DirtiesContextTestExecutionListener@7ef27d7f, org.springframework.test.context.transaction.TransactionalTestExecutionListener@490caf5f, org.springframework.test.context.jdbc.SqlScriptsTestExecutionListener@6337c201, org.springframework.test.context.event.EventPublishingTestExecutionListener@5c669da8]
[2025-06-25 18:14:54] [DEBUG] com.pcwk.ehr.mapper.MemberMapper.doSave - ==>  Preparing: INSERT INTO MEMBER ( ID, PWD, NICKNAME, NAME, PHONE, EMAIL, REG_DT, REG_ID, ADMIN_ROLE ) VALUES ( ?, ?, ?, ?, ?, ?, SYSDATE, ?, ? )
[2025-06-25 18:14:54] [DEBUG] com.pcwk.ehr.mapper.MemberMapper.doSave - ==> Parameters: test01(String), 1234(String), hong(String), 홍길동(String), 010-1111-2222(String), hong12@naver.com(String), admin(String), 1(Integer)
[2025-06-25 18:14:54] [DEBUG] com.pcwk.ehr.mapper.MemberMapper.doSave - <==    Updates: 1
[2025-06-25 18:14:54] [DEBUG] com.pcwk.ehr.cmn.PLog - │ ***className()***       │com.pcwk.ehr.member.service.MemberServiceImpl
[2025-06-25 18:14:54] [DEBUG] com.pcwk.ehr.cmn.PLog - │ ***methodName()***      │doSave
[2025-06-25 18:14:54] [DEBUG] com.pcwk.ehr.cmn.PLog - ^^^^^executiontime:1922ms
[2025-06-25 18:14:54] [DEBUG] com.pcwk.ehr.member.memberServiceTest - 1. 저장 결과 : 1
[2025-06-25 18:19:21] [INFO ] org.springframework.test.context.support.DefaultTestContextBootstrapper - Loaded default TestExecutionListener class names from location [META-INF/spring.factories]: [org.springframework.test.context.web.ServletTestExecutionListener, org.springframework.test.context.support.DirtiesContextBeforeModesTestExecutionListener, org.springframework.test.context.event.ApplicationEventsTestExecutionListener, org.springframework.test.context.support.DependencyInjectionTestExecutionListener, org.springframework.test.context.support.DirtiesContextTestExecutionListener, org.springframework.test.context.transaction.TransactionalTestExecutionListener, org.springframework.test.context.jdbc.SqlScriptsTestExecutionListener, org.springframework.test.context.event.EventPublishingTestExecutionListener]
[2025-06-25 18:19:21] [INFO ] org.springframework.test.context.support.DefaultTestContextBootstrapper - Using TestExecutionListeners: [org.springframework.test.context.web.ServletTestExecutionListener@616ac46a, org.springframework.test.context.support.DirtiesContextBeforeModesTestExecutionListener@67b9b51a, org.springframework.test.context.event.ApplicationEventsTestExecutionListener@1205bd62, org.springframework.test.context.support.DependencyInjectionTestExecutionListener@7ef27d7f, org.springframework.test.context.support.DirtiesContextTestExecutionListener@490caf5f, org.springframework.test.context.transaction.TransactionalTestExecutionListener@6337c201, org.springframework.test.context.jdbc.SqlScriptsTestExecutionListener@5c669da8, org.springframework.test.context.event.EventPublishingTestExecutionListener@31920ade]
[2025-06-25 18:19:23] [DEBUG] com.pcwk.ehr.mapper.MemberMapper.isIdExists - ==>  Preparing: SELECT COUNT(*) FROM MEMBER WHERE ID = ?
[2025-06-25 18:19:23] [DEBUG] com.pcwk.ehr.mapper.MemberMapper.isIdExists - ==> Parameters: test01(String)
[2025-06-25 18:19:23] [DEBUG] com.pcwk.ehr.mapper.MemberMapper.isIdExists - <==      Total: 1
[2025-06-25 18:19:23] [DEBUG] com.pcwk.ehr.cmn.PLog - │ ***className()***       │com.pcwk.ehr.member.service.MemberServiceImpl
[2025-06-25 18:19:23] [DEBUG] com.pcwk.ehr.cmn.PLog - │ ***methodName()***      │isIdExists
[2025-06-25 18:19:23] [DEBUG] com.pcwk.ehr.cmn.PLog - ^^^^^executiontime:485ms
[2025-06-25 18:19:23] [DEBUG] com.pcwk.ehr.member.memberServiceTest - 2. 중복 확인 결과 : 1
[2025-06-25 18:19:37] [INFO ] org.springframework.test.context.support.DefaultTestContextBootstrapper - Loaded default TestExecutionListener class names from location [META-INF/spring.factories]: [org.springframework.test.context.web.ServletTestExecutionListener, org.springframework.test.context.support.DirtiesContextBeforeModesTestExecutionListener, org.springframework.test.context.event.ApplicationEventsTestExecutionListener, org.springframework.test.context.support.DependencyInjectionTestExecutionListener, org.springframework.test.context.support.DirtiesContextTestExecutionListener, org.springframework.test.context.transaction.TransactionalTestExecutionListener, org.springframework.test.context.jdbc.SqlScriptsTestExecutionListener, org.springframework.test.context.event.EventPublishingTestExecutionListener]
[2025-06-25 18:19:37] [INFO ] org.springframework.test.context.support.DefaultTestContextBootstrapper - Using TestExecutionListeners: [org.springframework.test.context.web.ServletTestExecutionListener@616ac46a, org.springframework.test.context.support.DirtiesContextBeforeModesTestExecutionListener@67b9b51a, org.springframework.test.context.event.ApplicationEventsTestExecutionListener@1205bd62, org.springframework.test.context.support.DependencyInjectionTestExecutionListener@7ef27d7f, org.springframework.test.context.support.DirtiesContextTestExecutionListener@490caf5f, org.springframework.test.context.transaction.TransactionalTestExecutionListener@6337c201, org.springframework.test.context.jdbc.SqlScriptsTestExecutionListener@5c669da8, org.springframework.test.context.event.EventPublishingTestExecutionListener@31920ade]
[2025-06-25 18:19:39] [DEBUG] com.pcwk.ehr.mapper.MemberMapper.isIdExists - ==>  Preparing: SELECT COUNT(*) FROM MEMBER WHERE ID = ?
[2025-06-25 18:19:39] [DEBUG] com.pcwk.ehr.mapper.MemberMapper.isIdExists - ==> Parameters: test01(String)
[2025-06-25 18:19:39] [DEBUG] com.pcwk.ehr.mapper.MemberMapper.isIdExists - <==      Total: 1
[2025-06-25 18:19:39] [DEBUG] com.pcwk.ehr.cmn.PLog - │ ***className()***       │com.pcwk.ehr.member.service.MemberServiceImpl
[2025-06-25 18:19:39] [DEBUG] com.pcwk.ehr.cmn.PLog - │ ***methodName()***      │isIdExists
[2025-06-25 18:19:39] [DEBUG] com.pcwk.ehr.cmn.PLog - ^^^^^executiontime:463ms
[2025-06-25 18:19:39] [DEBUG] com.pcwk.ehr.member.memberServiceTest - 2. 중복 확인 결과 : 1
[2025-06-25 18:20:41] [INFO ] org.springframework.test.context.support.DefaultTestContextBootstrapper - Loaded default TestExecutionListener class names from location [META-INF/spring.factories]: [org.springframework.test.context.web.ServletTestExecutionListener, org.springframework.test.context.support.DirtiesContextBeforeModesTestExecutionListener, org.springframework.test.context.event.ApplicationEventsTestExecutionListener, org.springframework.test.context.support.DependencyInjectionTestExecutionListener, org.springframework.test.context.support.DirtiesContextTestExecutionListener, org.springframework.test.context.transaction.TransactionalTestExecutionListener, org.springframework.test.context.jdbc.SqlScriptsTestExecutionListener, org.springframework.test.context.event.EventPublishingTestExecutionListener]
[2025-06-25 18:20:41] [INFO ] org.springframework.test.context.support.DefaultTestContextBootstrapper - Using TestExecutionListeners: [org.springframework.test.context.web.ServletTestExecutionListener@616ac46a, org.springframework.test.context.support.DirtiesContextBeforeModesTestExecutionListener@67b9b51a, org.springframework.test.context.event.ApplicationEventsTestExecutionListener@1205bd62, org.springframework.test.context.support.DependencyInjectionTestExecutionListener@7ef27d7f, org.springframework.test.context.support.DirtiesContextTestExecutionListener@490caf5f, org.springframework.test.context.transaction.TransactionalTestExecutionListener@6337c201, org.springframework.test.context.jdbc.SqlScriptsTestExecutionListener@5c669da8, org.springframework.test.context.event.EventPublishingTestExecutionListener@31920ade]
[2025-06-25 18:20:42] [DEBUG] com.pcwk.ehr.mapper.MemberMapper.isIdExists - ==>  Preparing: SELECT COUNT(*) FROM MEMBER WHERE ID = ?
[2025-06-25 18:20:42] [DEBUG] com.pcwk.ehr.mapper.MemberMapper.isIdExists - ==> Parameters: test01(String)
[2025-06-25 18:20:42] [DEBUG] com.pcwk.ehr.mapper.MemberMapper.isIdExists - <==      Total: 1
[2025-06-25 18:20:42] [DEBUG] com.pcwk.ehr.cmn.PLog - │ ***className()***       │com.pcwk.ehr.member.service.MemberServiceImpl
[2025-06-25 18:20:42] [DEBUG] com.pcwk.ehr.cmn.PLog - │ ***methodName()***      │isIdExists
[2025-06-25 18:20:42] [DEBUG] com.pcwk.ehr.cmn.PLog - ^^^^^executiontime:479ms
[2025-06-25 18:20:42] [DEBUG] com.pcwk.ehr.member.memberServiceTest - 2. 중복 확인 결과 : 1
[2025-06-25 18:27:22] [INFO ] org.springframework.test.context.support.DefaultTestContextBootstrapper - Loaded default TestExecutionListener class names from location [META-INF/spring.factories]: [org.springframework.test.context.web.ServletTestExecutionListener, org.springframework.test.context.support.DirtiesContextBeforeModesTestExecutionListener, org.springframework.test.context.event.ApplicationEventsTestExecutionListener, org.springframework.test.context.support.DependencyInjectionTestExecutionListener, org.springframework.test.context.support.DirtiesContextTestExecutionListener, org.springframework.test.context.transaction.TransactionalTestExecutionListener, org.springframework.test.context.jdbc.SqlScriptsTestExecutionListener, org.springframework.test.context.event.EventPublishingTestExecutionListener]
[2025-06-25 18:27:22] [INFO ] org.springframework.test.context.support.DefaultTestContextBootstrapper - Using TestExecutionListeners: [org.springframework.test.context.web.ServletTestExecutionListener@616ac46a, org.springframework.test.context.support.DirtiesContextBeforeModesTestExecutionListener@67b9b51a, org.springframework.test.context.event.ApplicationEventsTestExecutionListener@1205bd62, org.springframework.test.context.support.DependencyInjectionTestExecutionListener@7ef27d7f, org.springframework.test.context.support.DirtiesContextTestExecutionListener@490caf5f, org.springframework.test.context.transaction.TransactionalTestExecutionListener@6337c201, org.springframework.test.context.jdbc.SqlScriptsTestExecutionListener@5c669da8, org.springframework.test.context.event.EventPublishingTestExecutionListener@31920ade]
[2025-06-25 18:27:24] [DEBUG] com.pcwk.ehr.member.memberServiceTest - org.springframework.context.support.GenericApplicationContext@225129c, started on Wed Jun 25 18:27:23 GMT+09:00 2025
[2025-06-25 18:27:24] [DEBUG] com.pcwk.ehr.member.memberServiceTest - org.apache.ibatis.binding.MapperProxy@6daf7d37
[2025-06-25 18:27:24] [DEBUG] com.pcwk.ehr.member.memberServiceTest - com.pcwk.ehr.member.service.MemberServiceImpl@17690e14
[2025-06-27 10:13:55] [INFO ] org.springframework.test.context.support.DefaultTestContextBootstrapper - Loaded default TestExecutionListener class names from location [META-INF/spring.factories]: [org.springframework.test.context.web.ServletTestExecutionListener, org.springframework.test.context.support.DirtiesContextBeforeModesTestExecutionListener, org.springframework.test.context.event.ApplicationEventsTestExecutionListener, org.springframework.test.context.support.DependencyInjectionTestExecutionListener, org.springframework.test.context.support.DirtiesContextTestExecutionListener, org.springframework.test.context.transaction.TransactionalTestExecutionListener, org.springframework.test.context.jdbc.SqlScriptsTestExecutionListener, org.springframework.test.context.event.EventPublishingTestExecutionListener]
[2025-06-27 10:13:55] [INFO ] org.springframework.test.context.support.DefaultTestContextBootstrapper - Using TestExecutionListeners: [org.springframework.test.context.web.ServletTestExecutionListener@78aa1f72, org.springframework.test.context.support.DirtiesContextBeforeModesTestExecutionListener@1f75a668, org.springframework.test.context.event.ApplicationEventsTestExecutionListener@35399441, org.springframework.test.context.support.DependencyInjectionTestExecutionListener@4b7dc788, org.springframework.test.context.support.DirtiesContextTestExecutionListener@6304101a, org.springframework.test.context.transaction.TransactionalTestExecutionListener@5170bcf4, org.springframework.test.context.jdbc.SqlScriptsTestExecutionListener@2812b107, org.springframework.test.context.event.EventPublishingTestExecutionListener@df6620a]
[2025-06-27 10:13:57] [ERROR] org.springframework.test.context.TestContextManager - Caught exception while allowing TestExecutionListener [org.springframework.test.context.support.DependencyInjectionTestExecutionListener@4b7dc788] to prepare test instance [com.pcwk.ehr.drive.DriveResControllerTest@716e431d]
org.springframework.beans.factory.UnsatisfiedDependencyException: Error creating bean with name 'com.pcwk.ehr.drive.DriveResControllerTest': Unsatisfied dependency expressed through field 'context'; nested exception is org.springframework.beans.factory.NoSuchBeanDefinitionException: No qualifying bean of type 'org.springframework.web.context.WebApplicationContext' available: expected at least 1 bean which qualifies as autowire candidate. Dependency annotations: {@org.springframework.beans.factory.annotation.Autowired(required=true)}
	at org.springframework.beans.factory.annotation.AutowiredAnnotationBeanPostProcessor$AutowiredFieldElement.resolveFieldValue(AutowiredAnnotationBeanPostProcessor.java:713) ~[spring-beans-5.3.37.jar:5.3.37]
	at org.springframework.beans.factory.annotation.AutowiredAnnotationBeanPostProcessor$AutowiredFieldElement.inject(AutowiredAnnotationBeanPostProcessor.java:693) ~[spring-beans-5.3.37.jar:5.3.37]
	at org.springframework.beans.factory.annotation.InjectionMetadata.inject(InjectionMetadata.java:119) ~[spring-beans-5.3.37.jar:5.3.37]
	at org.springframework.beans.factory.annotation.AutowiredAnnotationBeanPostProcessor.postProcessProperties(AutowiredAnnotationBeanPostProcessor.java:408) ~[spring-beans-5.3.37.jar:5.3.37]
	at org.springframework.beans.factory.support.AbstractAutowireCapableBeanFactory.populateBean(AbstractAutowireCapableBeanFactory.java:1431) ~[spring-beans-5.3.37.jar:5.3.37]
	at org.springframework.beans.factory.support.AbstractAutowireCapableBeanFactory.autowireBeanProperties(AbstractAutowireCapableBeanFactory.java:417) ~[spring-beans-5.3.37.jar:5.3.37]
	at org.springframework.test.context.support.DependencyInjectionTestExecutionListener.injectDependencies(DependencyInjectionTestExecutionListener.java:119) ~[spring-test-5.3.37.jar:5.3.37]
	at org.springframework.test.context.support.DependencyInjectionTestExecutionListener.prepareTestInstance(DependencyInjectionTestExecutionListener.java:83) ~[spring-test-5.3.37.jar:5.3.37]
	at org.springframework.test.context.TestContextManager.prepareTestInstance(TestContextManager.java:248) ~[spring-test-5.3.37.jar:5.3.37]
	at org.springframework.test.context.junit.jupiter.SpringExtension.postProcessTestInstance(SpringExtension.java:138) ~[spring-test-5.3.37.jar:5.3.37]
	at org.junit.jupiter.engine.descriptor.ClassBasedTestDescriptor.lambda$invokeTestInstancePostProcessors$11(ClassBasedTestDescriptor.java:378) ~[junit-jupiter-engine-5.11.0.jar:5.11.0]
	at org.junit.jupiter.engine.descriptor.ClassBasedTestDescriptor.executeAndMaskThrowable(ClassBasedTestDescriptor.java:383) ~[junit-jupiter-engine-5.11.0.jar:5.11.0]
	at org.junit.jupiter.engine.descriptor.ClassBasedTestDescriptor.lambda$invokeTestInstancePostProcessors$12(ClassBasedTestDescriptor.java:378) ~[junit-jupiter-engine-5.11.0.jar:5.11.0]
	at java.util.stream.ForEachOps$ForEachOp$OfRef.accept(Unknown Source) ~[?:1.8.0_202]
	at java.util.stream.ReferencePipeline$3$1.accept(Unknown Source) ~[?:1.8.0_202]
	at java.util.stream.ReferencePipeline$2$1.accept(Unknown Source) ~[?:1.8.0_202]
	at java.util.stream.ReferencePipeline$3$1.accept(Unknown Source) ~[?:1.8.0_202]
	at java.util.ArrayList$ArrayListSpliterator.forEachRemaining(Unknown Source) ~[?:1.8.0_202]
	at java.util.stream.AbstractPipeline.copyInto(Unknown Source) ~[?:1.8.0_202]
	at java.util.stream.AbstractPipeline.wrapAndCopyInto(Unknown Source) ~[?:1.8.0_202]
	at java.util.stream.ForEachOps$ForEachOp.evaluateSequential(Unknown Source) ~[?:1.8.0_202]
	at java.util.stream.ForEachOps$ForEachOp$OfRef.evaluateSequential(Unknown Source) ~[?:1.8.0_202]
	at java.util.stream.AbstractPipeline.evaluate(Unknown Source) ~[?:1.8.0_202]
	at java.util.stream.ReferencePipeline.forEach(Unknown Source) ~[?:1.8.0_202]
	at org.junit.jupiter.engine.descriptor.ClassBasedTestDescriptor.invokeTestInstancePostProcessors(ClassBasedTestDescriptor.java:377) ~[junit-jupiter-engine-5.11.0.jar:5.11.0]
	at org.junit.jupiter.engine.descriptor.ClassBasedTestDescriptor.lambda$instantiateAndPostProcessTestInstance$7(ClassBasedTestDescriptor.java:290) ~[junit-jupiter-engine-5.11.0.jar:5.11.0]
	at org.junit.platform.engine.support.hierarchical.ThrowableCollector.execute(ThrowableCollector.java:73) ~[junit-platform-engine-1.11.0.jar:1.11.0]
	at org.junit.jupiter.engine.descriptor.ClassBasedTestDescriptor.instantiateAndPostProcessTestInstance(ClassBasedTestDescriptor.java:289) ~[junit-jupiter-engine-5.11.0.jar:5.11.0]
	at org.junit.jupiter.engine.descriptor.ClassBasedTestDescriptor.lambda$testInstancesProvider$5(ClassBasedTestDescriptor.java:279) ~[junit-jupiter-engine-5.11.0.jar:5.11.0]
	at java.util.Optional.orElseGet(Unknown Source) ~[?:1.8.0_202]
	at org.junit.jupiter.engine.descriptor.ClassBasedTestDescriptor.lambda$testInstancesProvider$6(ClassBasedTestDescriptor.java:278) ~[junit-jupiter-engine-5.11.0.jar:5.11.0]
	at org.junit.jupiter.engine.execution.TestInstancesProvider.getTestInstances(TestInstancesProvider.java:31) ~[junit-jupiter-engine-5.11.0.jar:5.11.0]
	at org.junit.jupiter.engine.descriptor.TestMethodTestDescriptor.lambda$prepare$1(TestMethodTestDescriptor.java:105) ~[junit-jupiter-engine-5.11.0.jar:5.11.0]
	at org.junit.platform.engine.support.hierarchical.ThrowableCollector.execute(ThrowableCollector.java:73) ~[junit-platform-engine-1.11.0.jar:1.11.0]
	at org.junit.jupiter.engine.descriptor.TestMethodTestDescriptor.prepare(TestMethodTestDescriptor.java:104) ~[junit-jupiter-engine-5.11.0.jar:5.11.0]
	at org.junit.jupiter.engine.descriptor.TestMethodTestDescriptor.prepare(TestMethodTestDescriptor.java:68) ~[junit-jupiter-engine-5.11.0.jar:5.11.0]
	at org.junit.platform.engine.support.hierarchical.NodeTestTask.lambda$prepare$2(NodeTestTask.java:123) ~[junit-platform-engine-1.11.0.jar:1.11.0]
	at org.junit.platform.engine.support.hierarchical.ThrowableCollector.execute(ThrowableCollector.java:73) ~[junit-platform-engine-1.11.0.jar:1.11.0]
	at org.junit.platform.engine.support.hierarchical.NodeTestTask.prepare(NodeTestTask.java:123) ~[junit-platform-engine-1.11.0.jar:1.11.0]
	at org.junit.platform.engine.support.hierarchical.NodeTestTask.execute(NodeTestTask.java:90) ~[junit-platform-engine-1.11.0.jar:1.11.0]
	at java.util.ArrayList.forEach(Unknown Source) ~[?:1.8.0_202]
	at org.junit.platform.engine.support.hierarchical.SameThreadHierarchicalTestExecutorService.invokeAll(SameThreadHierarchicalTestExecutorService.java:41) ~[junit-platform-engine-1.11.0.jar:1.11.0]
	at org.junit.platform.engine.support.hierarchical.NodeTestTask.lambda$executeRecursively$6(NodeTestTask.java:155) ~[junit-platform-engine-1.11.0.jar:1.11.0]
	at org.junit.platform.engine.support.hierarchical.ThrowableCollector.execute(ThrowableCollector.java:73) ~[junit-platform-engine-1.11.0.jar:1.11.0]
	at org.junit.platform.engine.support.hierarchical.NodeTestTask.lambda$executeRecursively$8(NodeTestTask.java:141) ~[junit-platform-engine-1.11.0.jar:1.11.0]
	at org.junit.platform.engine.support.hierarchical.Node.around(Node.java:137) ~[junit-platform-engine-1.11.0.jar:1.11.0]
	at org.junit.platform.engine.support.hierarchical.NodeTestTask.lambda$executeRecursively$9(NodeTestTask.java:139) ~[junit-platform-engine-1.11.0.jar:1.11.0]
	at org.junit.platform.engine.support.hierarchical.ThrowableCollector.execute(ThrowableCollector.java:73) ~[junit-platform-engine-1.11.0.jar:1.11.0]
	at org.junit.platform.engine.support.hierarchical.NodeTestTask.executeRecursively(NodeTestTask.java:138) ~[junit-platform-engine-1.11.0.jar:1.11.0]
	at org.junit.platform.engine.support.hierarchical.NodeTestTask.execute(NodeTestTask.java:95) ~[junit-platform-engine-1.11.0.jar:1.11.0]
	at java.util.ArrayList.forEach(Unknown Source) ~[?:1.8.0_202]
	at org.junit.platform.engine.support.hierarchical.SameThreadHierarchicalTestExecutorService.invokeAll(SameThreadHierarchicalTestExecutorService.java:41) ~[junit-platform-engine-1.11.0.jar:1.11.0]
	at org.junit.platform.engine.support.hierarchical.NodeTestTask.lambda$executeRecursively$6(NodeTestTask.java:155) ~[junit-platform-engine-1.11.0.jar:1.11.0]
	at org.junit.platform.engine.support.hierarchical.ThrowableCollector.execute(ThrowableCollector.java:73) ~[junit-platform-engine-1.11.0.jar:1.11.0]
	at org.junit.platform.engine.support.hierarchical.NodeTestTask.lambda$executeRecursively$8(NodeTestTask.java:141) ~[junit-platform-engine-1.11.0.jar:1.11.0]
	at org.junit.platform.engine.support.hierarchical.Node.around(Node.java:137) ~[junit-platform-engine-1.11.0.jar:1.11.0]
	at org.junit.platform.engine.support.hierarchical.NodeTestTask.lambda$executeRecursively$9(NodeTestTask.java:139) ~[junit-platform-engine-1.11.0.jar:1.11.0]
	at org.junit.platform.engine.support.hierarchical.ThrowableCollector.execute(ThrowableCollector.java:73) ~[junit-platform-engine-1.11.0.jar:1.11.0]
	at org.junit.platform.engine.support.hierarchical.NodeTestTask.executeRecursively(NodeTestTask.java:138) ~[junit-platform-engine-1.11.0.jar:1.11.0]
	at org.junit.platform.engine.support.hierarchical.NodeTestTask.execute(NodeTestTask.java:95) ~[junit-platform-engine-1.11.0.jar:1.11.0]
	at org.junit.platform.engine.support.hierarchical.SameThreadHierarchicalTestExecutorService.submit(SameThreadHierarchicalTestExecutorService.java:35) ~[junit-platform-engine-1.11.0.jar:1.11.0]
	at org.junit.platform.engine.support.hierarchical.HierarchicalTestExecutor.execute(HierarchicalTestExecutor.java:57) ~[junit-platform-engine-1.11.0.jar:1.11.0]
	at org.junit.platform.engine.support.hierarchical.HierarchicalTestEngine.execute(HierarchicalTestEngine.java:54) ~[junit-platform-engine-1.11.0.jar:1.11.0]
	at org.junit.platform.launcher.core.EngineExecutionOrchestrator.execute(EngineExecutionOrchestrator.java:198) ~[junit-platform-launcher-1.11.0.jar:1.11.0]
	at org.junit.platform.launcher.core.EngineExecutionOrchestrator.execute(EngineExecutionOrchestrator.java:169) ~[junit-platform-launcher-1.11.0.jar:1.11.0]
	at org.junit.platform.launcher.core.EngineExecutionOrchestrator.execute(EngineExecutionOrchestrator.java:93) ~[junit-platform-launcher-1.11.0.jar:1.11.0]
	at org.junit.platform.launcher.core.EngineExecutionOrchestrator.lambda$execute$0(EngineExecutionOrchestrator.java:58) ~[junit-platform-launcher-1.11.0.jar:1.11.0]
	at org.junit.platform.launcher.core.EngineExecutionOrchestrator.withInterceptedStreams(EngineExecutionOrchestrator.java:141) [junit-platform-launcher-1.11.0.jar:1.11.0]
	at org.junit.platform.launcher.core.EngineExecutionOrchestrator.execute(EngineExecutionOrchestrator.java:57) [junit-platform-launcher-1.11.0.jar:1.11.0]
	at org.junit.platform.launcher.core.DefaultLauncher.execute(DefaultLauncher.java:103) [junit-platform-launcher-1.11.0.jar:1.11.0]
	at org.junit.platform.launcher.core.DefaultLauncher.execute(DefaultLauncher.java:94) [junit-platform-launcher-1.11.0.jar:1.11.0]
	at org.junit.platform.launcher.core.DelegatingLauncher.execute(DelegatingLauncher.java:52) [junit-platform-launcher-1.11.0.jar:1.11.0]
	at org.junit.platform.launcher.core.SessionPerRequestLauncher.execute(SessionPerRequestLauncher.java:70) [junit-platform-launcher-1.11.0.jar:1.11.0]
	at org.eclipse.jdt.internal.junit5.runner.JUnit5TestReference.run(JUnit5TestReference.java:98) [.cp/:?]
	at org.eclipse.jdt.internal.junit.runner.TestExecution.run(TestExecution.java:41) [.cp/:?]
	at org.eclipse.jdt.internal.junit.runner.RemoteTestRunner.runTests(RemoteTestRunner.java:542) [.cp/:?]
	at org.eclipse.jdt.internal.junit.runner.RemoteTestRunner.runTests(RemoteTestRunner.java:770) [.cp/:?]
	at org.eclipse.jdt.internal.junit.runner.RemoteTestRunner.run(RemoteTestRunner.java:464) [.cp/:?]
	at org.eclipse.jdt.internal.junit.runner.RemoteTestRunner.main(RemoteTestRunner.java:210) [.cp/:?]
Caused by: org.springframework.beans.factory.NoSuchBeanDefinitionException: No qualifying bean of type 'org.springframework.web.context.WebApplicationContext' available: expected at least 1 bean which qualifies as autowire candidate. Dependency annotations: {@org.springframework.beans.factory.annotation.Autowired(required=true)}
	at org.springframework.beans.factory.support.DefaultListableBeanFactory.raiseNoMatchingBeanFound(DefaultListableBeanFactory.java:1801) ~[spring-beans-5.3.37.jar:5.3.37]
	at org.springframework.beans.factory.support.DefaultListableBeanFactory.doResolveDependency(DefaultListableBeanFactory.java:1357) ~[spring-beans-5.3.37.jar:5.3.37]
	at org.springframework.beans.factory.support.DefaultListableBeanFactory.resolveDependency(DefaultListableBeanFactory.java:1311) ~[spring-beans-5.3.37.jar:5.3.37]
	at org.springframework.beans.factory.annotation.AutowiredAnnotationBeanPostProcessor$AutowiredFieldElement.resolveFieldValue(AutowiredAnnotationBeanPostProcessor.java:710) ~[spring-beans-5.3.37.jar:5.3.37]
	... 78 more
[2025-06-27 11:35:19] [INFO ] org.springframework.test.context.support.DefaultTestContextBootstrapper - Loaded default TestExecutionListener class names from location [META-INF/spring.factories]: [org.springframework.test.context.web.ServletTestExecutionListener, org.springframework.test.context.support.DirtiesContextBeforeModesTestExecutionListener, org.springframework.test.context.event.ApplicationEventsTestExecutionListener, org.springframework.test.context.support.DependencyInjectionTestExecutionListener, org.springframework.test.context.support.DirtiesContextTestExecutionListener, org.springframework.test.context.transaction.TransactionalTestExecutionListener, org.springframework.test.context.jdbc.SqlScriptsTestExecutionListener, org.springframework.test.context.event.EventPublishingTestExecutionListener]
[2025-06-27 11:35:19] [INFO ] org.springframework.test.context.support.DefaultTestContextBootstrapper - Using TestExecutionListeners: [org.springframework.test.context.web.ServletTestExecutionListener@5117dd67, org.springframework.test.context.support.DirtiesContextBeforeModesTestExecutionListener@5be49b60, org.springframework.test.context.event.ApplicationEventsTestExecutionListener@2931522b, org.springframework.test.context.support.DependencyInjectionTestExecutionListener@7674b62c, org.springframework.test.context.support.DirtiesContextTestExecutionListener@19e7a160, org.springframework.test.context.transaction.TransactionalTestExecutionListener@662706a7, org.springframework.test.context.jdbc.SqlScriptsTestExecutionListener@45a4b042, org.springframework.test.context.event.EventPublishingTestExecutionListener@16b2bb0c]
[2025-06-27 11:35:21] [DEBUG] com.pcwk.ehr.drive.DriveResDaoTest - drive_res 테이블 초기화
[2025-06-27 11:35:21] [DEBUG] com.pcwk.ehr.cmn.PLog - DriveResDTO 생성: DriveResDTO [resNo=0, id=user01, name=가민경, phone=010-1111-2222, carCode=101, retailerCode=201, driveDate=Tue Jul 01 00:00:00 GMT+09:00 2025, regDt=null, regId=admin, modDt=null, modId=admin]
[2025-06-27 11:35:21] [DEBUG] com.pcwk.ehr.cmn.PLog - DriveResDTO 생성: DriveResDTO [resNo=0, id=user02, name=나민경, phone=010-2222-3333, carCode=102, retailerCode=202, driveDate=Tue Jul 01 00:00:00 GMT+09:00 2025, regDt=null, regId=tester, modDt=null, modId=tester]
[2025-06-27 11:35:21] [DEBUG] com.pcwk.ehr.cmn.PLog - DriveResDTO 생성: DriveResDTO [resNo=0, id=user03, name=다민경, phone=010-3333-4444, carCode=103, retailerCode=203, driveDate=Tue Jul 01 00:00:00 GMT+09:00 2025, regDt=null, regId=demo, modDt=null, modId=demo]
[2025-06-27 11:35:21] [DEBUG] com.pcwk.ehr.drive.DriveResDaoTest - 데이터 준비왈료왈왈
[2025-06-27 11:35:21] [DEBUG] com.pcwk.ehr.mapper.DriveResMapper.doSave!selectKey - ==>  Preparing: SELECT DRIVE_RES_SEQ.NEXTVAL FROM DUAL
[2025-06-27 11:35:21] [DEBUG] com.pcwk.ehr.mapper.DriveResMapper.doSave!selectKey - ==> Parameters: 
[2025-06-27 11:35:21] [DEBUG] com.pcwk.ehr.drive.DriveResDaoTest - --------- @AfterEach ---------
[2025-06-27 11:35:21] [DEBUG] com.pcwk.ehr.drive.DriveResDaoTest - drive_res 테이블 초기화
[2025-06-27 11:35:21] [DEBUG] com.pcwk.ehr.cmn.PLog - DriveResDTO 생성: DriveResDTO [resNo=0, id=user01, name=가민경, phone=010-1111-2222, carCode=101, retailerCode=201, driveDate=Tue Jul 01 00:00:00 GMT+09:00 2025, regDt=null, regId=admin, modDt=null, modId=admin]
[2025-06-27 11:35:21] [DEBUG] com.pcwk.ehr.cmn.PLog - DriveResDTO 생성: DriveResDTO [resNo=0, id=user02, name=나민경, phone=010-2222-3333, carCode=102, retailerCode=202, driveDate=Tue Jul 01 00:00:00 GMT+09:00 2025, regDt=null, regId=tester, modDt=null, modId=tester]
[2025-06-27 11:35:21] [DEBUG] com.pcwk.ehr.cmn.PLog - DriveResDTO 생성: DriveResDTO [resNo=0, id=user03, name=다민경, phone=010-3333-4444, carCode=103, retailerCode=203, driveDate=Tue Jul 01 00:00:00 GMT+09:00 2025, regDt=null, regId=demo, modDt=null, modId=demo]
[2025-06-27 11:35:21] [DEBUG] com.pcwk.ehr.drive.DriveResDaoTest - 데이터 준비왈료왈왈
[2025-06-27 11:35:21] [DEBUG] com.pcwk.ehr.mapper.DriveResMapper.doSave!selectKey - ==>  Preparing: SELECT DRIVE_RES_SEQ.NEXTVAL FROM DUAL
[2025-06-27 11:35:21] [DEBUG] com.pcwk.ehr.mapper.DriveResMapper.doSave!selectKey - ==> Parameters: 
[2025-06-27 11:35:21] [DEBUG] com.pcwk.ehr.drive.DriveResDaoTest - --------- @AfterEach ---------
[2025-06-27 11:39:59] [INFO ] org.springframework.test.context.support.DefaultTestContextBootstrapper - Loaded default TestExecutionListener class names from location [META-INF/spring.factories]: [org.springframework.test.context.web.ServletTestExecutionListener, org.springframework.test.context.support.DirtiesContextBeforeModesTestExecutionListener, org.springframework.test.context.event.ApplicationEventsTestExecutionListener, org.springframework.test.context.support.DependencyInjectionTestExecutionListener, org.springframework.test.context.support.DirtiesContextTestExecutionListener, org.springframework.test.context.transaction.TransactionalTestExecutionListener, org.springframework.test.context.jdbc.SqlScriptsTestExecutionListener, org.springframework.test.context.event.EventPublishingTestExecutionListener]
[2025-06-27 11:39:59] [INFO ] org.springframework.test.context.support.DefaultTestContextBootstrapper - Using TestExecutionListeners: [org.springframework.test.context.web.ServletTestExecutionListener@5117dd67, org.springframework.test.context.support.DirtiesContextBeforeModesTestExecutionListener@5be49b60, org.springframework.test.context.event.ApplicationEventsTestExecutionListener@2931522b, org.springframework.test.context.support.DependencyInjectionTestExecutionListener@7674b62c, org.springframework.test.context.support.DirtiesContextTestExecutionListener@19e7a160, org.springframework.test.context.transaction.TransactionalTestExecutionListener@662706a7, org.springframework.test.context.jdbc.SqlScriptsTestExecutionListener@45a4b042, org.springframework.test.context.event.EventPublishingTestExecutionListener@16b2bb0c]
[2025-06-27 11:40:01] [DEBUG] com.pcwk.ehr.drive.DriveResDaoTest - drive_res 테이블 초기화
[2025-06-27 11:40:01] [DEBUG] com.pcwk.ehr.cmn.PLog - DriveResDTO 생성: DriveResDTO [resNo=0, id=user01, name=가민경, phone=010-1111-2222, carCode=101, retailerCode=201, driveDate=Tue Jul 01 00:00:00 GMT+09:00 2025, regDt=null, regId=admin, modDt=null, modId=admin]
[2025-06-27 11:40:01] [DEBUG] com.pcwk.ehr.cmn.PLog - DriveResDTO 생성: DriveResDTO [resNo=0, id=user02, name=나민경, phone=010-2222-3333, carCode=102, retailerCode=202, driveDate=Tue Jul 01 00:00:00 GMT+09:00 2025, regDt=null, regId=tester, modDt=null, modId=tester]
[2025-06-27 11:40:01] [DEBUG] com.pcwk.ehr.cmn.PLog - DriveResDTO 생성: DriveResDTO [resNo=0, id=user03, name=다민경, phone=010-3333-4444, carCode=103, retailerCode=203, driveDate=Tue Jul 01 00:00:00 GMT+09:00 2025, regDt=null, regId=demo, modDt=null, modId=demo]
[2025-06-27 11:40:01] [DEBUG] com.pcwk.ehr.drive.DriveResDaoTest - 데이터 준비왈료왈왈
[2025-06-27 11:40:01] [DEBUG] com.pcwk.ehr.mapper.DriveResMapper.doSave!selectKey - ==>  Preparing: SELECT DRIVE_RES_SEQ.NEXTVAL FROM DUAL
[2025-06-27 11:40:01] [DEBUG] com.pcwk.ehr.mapper.DriveResMapper.doSave!selectKey - ==> Parameters: 
[2025-06-27 11:40:01] [DEBUG] com.pcwk.ehr.drive.DriveResDaoTest - --------- @AfterEach ---------
[2025-06-27 11:40:01] [DEBUG] com.pcwk.ehr.drive.DriveResDaoTest - drive_res 테이블 초기화
[2025-06-27 11:40:01] [DEBUG] com.pcwk.ehr.cmn.PLog - DriveResDTO 생성: DriveResDTO [resNo=0, id=user01, name=가민경, phone=010-1111-2222, carCode=101, retailerCode=201, driveDate=Tue Jul 01 00:00:00 GMT+09:00 2025, regDt=null, regId=admin, modDt=null, modId=admin]
[2025-06-27 11:40:01] [DEBUG] com.pcwk.ehr.cmn.PLog - DriveResDTO 생성: DriveResDTO [resNo=0, id=user02, name=나민경, phone=010-2222-3333, carCode=102, retailerCode=202, driveDate=Tue Jul 01 00:00:00 GMT+09:00 2025, regDt=null, regId=tester, modDt=null, modId=tester]
[2025-06-27 11:40:01] [DEBUG] com.pcwk.ehr.cmn.PLog - DriveResDTO 생성: DriveResDTO [resNo=0, id=user03, name=다민경, phone=010-3333-4444, carCode=103, retailerCode=203, driveDate=Tue Jul 01 00:00:00 GMT+09:00 2025, regDt=null, regId=demo, modDt=null, modId=demo]
[2025-06-27 11:40:01] [DEBUG] com.pcwk.ehr.drive.DriveResDaoTest - 데이터 준비왈료왈왈
[2025-06-27 11:40:01] [DEBUG] com.pcwk.ehr.mapper.DriveResMapper.doSave!selectKey - ==>  Preparing: SELECT DRIVE_RES_SEQ.NEXTVAL FROM DUAL
[2025-06-27 11:40:01] [DEBUG] com.pcwk.ehr.mapper.DriveResMapper.doSave!selectKey - ==> Parameters: 
[2025-06-27 11:40:01] [DEBUG] com.pcwk.ehr.drive.DriveResDaoTest - --------- @AfterEach ---------
[2025-06-27 11:41:18] [INFO ] org.springframework.test.context.support.DefaultTestContextBootstrapper - Loaded default TestExecutionListener class names from location [META-INF/spring.factories]: [org.springframework.test.context.web.ServletTestExecutionListener, org.springframework.test.context.support.DirtiesContextBeforeModesTestExecutionListener, org.springframework.test.context.event.ApplicationEventsTestExecutionListener, org.springframework.test.context.support.DependencyInjectionTestExecutionListener, org.springframework.test.context.support.DirtiesContextTestExecutionListener, org.springframework.test.context.transaction.TransactionalTestExecutionListener, org.springframework.test.context.jdbc.SqlScriptsTestExecutionListener, org.springframework.test.context.event.EventPublishingTestExecutionListener]
[2025-06-27 11:41:18] [INFO ] org.springframework.test.context.support.DefaultTestContextBootstrapper - Using TestExecutionListeners: [org.springframework.test.context.web.ServletTestExecutionListener@5117dd67, org.springframework.test.context.support.DirtiesContextBeforeModesTestExecutionListener@5be49b60, org.springframework.test.context.event.ApplicationEventsTestExecutionListener@2931522b, org.springframework.test.context.support.DependencyInjectionTestExecutionListener@7674b62c, org.springframework.test.context.support.DirtiesContextTestExecutionListener@19e7a160, org.springframework.test.context.transaction.TransactionalTestExecutionListener@662706a7, org.springframework.test.context.jdbc.SqlScriptsTestExecutionListener@45a4b042, org.springframework.test.context.event.EventPublishingTestExecutionListener@16b2bb0c]
[2025-06-27 11:41:20] [DEBUG] com.pcwk.ehr.drive.DriveResDaoTest - drive_res 테이블 초기화
[2025-06-27 11:41:20] [DEBUG] com.pcwk.ehr.cmn.PLog - DriveResDTO 생성: DriveResDTO [resNo=0, id=user01, name=가민경, phone=010-1111-2222, carCode=101, retailerCode=201, driveDate=Tue Jul 01 00:00:00 GMT+09:00 2025, regDt=null, regId=admin, modDt=null, modId=admin]
[2025-06-27 11:41:20] [DEBUG] com.pcwk.ehr.cmn.PLog - DriveResDTO 생성: DriveResDTO [resNo=0, id=user02, name=나민경, phone=010-2222-3333, carCode=102, retailerCode=202, driveDate=Tue Jul 01 00:00:00 GMT+09:00 2025, regDt=null, regId=tester, modDt=null, modId=tester]
[2025-06-27 11:41:20] [DEBUG] com.pcwk.ehr.cmn.PLog - DriveResDTO 생성: DriveResDTO [resNo=0, id=user03, name=다민경, phone=010-3333-4444, carCode=103, retailerCode=203, driveDate=Tue Jul 01 00:00:00 GMT+09:00 2025, regDt=null, regId=demo, modDt=null, modId=demo]
[2025-06-27 11:41:20] [DEBUG] com.pcwk.ehr.drive.DriveResDaoTest - 데이터 준비왈료왈왈
[2025-06-27 11:41:20] [DEBUG] com.pcwk.ehr.mapper.DriveResMapper.doSave!selectKey - ==>  Preparing: SELECT DRIVE_RES_SEQ.NEXTVAL FROM DUAL
[2025-06-27 11:41:20] [DEBUG] com.pcwk.ehr.mapper.DriveResMapper.doSave!selectKey - ==> Parameters: 
[2025-06-27 11:41:20] [DEBUG] com.pcwk.ehr.drive.DriveResDaoTest - --------- @AfterEach ---------
[2025-06-27 11:45:55] [INFO ] org.springframework.test.context.support.DefaultTestContextBootstrapper - Loaded default TestExecutionListener class names from location [META-INF/spring.factories]: [org.springframework.test.context.web.ServletTestExecutionListener, org.springframework.test.context.support.DirtiesContextBeforeModesTestExecutionListener, org.springframework.test.context.event.ApplicationEventsTestExecutionListener, org.springframework.test.context.support.DependencyInjectionTestExecutionListener, org.springframework.test.context.support.DirtiesContextTestExecutionListener, org.springframework.test.context.transaction.TransactionalTestExecutionListener, org.springframework.test.context.jdbc.SqlScriptsTestExecutionListener, org.springframework.test.context.event.EventPublishingTestExecutionListener]
[2025-06-27 11:45:55] [INFO ] org.springframework.test.context.support.DefaultTestContextBootstrapper - Using TestExecutionListeners: [org.springframework.test.context.web.ServletTestExecutionListener@5117dd67, org.springframework.test.context.support.DirtiesContextBeforeModesTestExecutionListener@5be49b60, org.springframework.test.context.event.ApplicationEventsTestExecutionListener@2931522b, org.springframework.test.context.support.DependencyInjectionTestExecutionListener@7674b62c, org.springframework.test.context.support.DirtiesContextTestExecutionListener@19e7a160, org.springframework.test.context.transaction.TransactionalTestExecutionListener@662706a7, org.springframework.test.context.jdbc.SqlScriptsTestExecutionListener@45a4b042, org.springframework.test.context.event.EventPublishingTestExecutionListener@16b2bb0c]
[2025-06-27 11:45:57] [DEBUG] com.pcwk.ehr.drive.DriveResDaoTest - drive_res 테이블 초기화
[2025-06-27 11:45:57] [DEBUG] com.pcwk.ehr.cmn.PLog - DriveResDTO 생성: DriveResDTO [resNo=0, id=user01, name=가민경, phone=010-1111-2222, carCode=101, retailerCode=201, driveDate=Tue Jul 01 00:00:00 GMT+09:00 2025, regDt=null, regId=admin, modDt=null, modId=admin]
[2025-06-27 11:45:57] [DEBUG] com.pcwk.ehr.cmn.PLog - DriveResDTO 생성: DriveResDTO [resNo=0, id=user02, name=나민경, phone=010-2222-3333, carCode=102, retailerCode=202, driveDate=Tue Jul 01 00:00:00 GMT+09:00 2025, regDt=null, regId=tester, modDt=null, modId=tester]
[2025-06-27 11:45:57] [DEBUG] com.pcwk.ehr.cmn.PLog - DriveResDTO 생성: DriveResDTO [resNo=0, id=user03, name=다민경, phone=010-3333-4444, carCode=103, retailerCode=203, driveDate=Tue Jul 01 00:00:00 GMT+09:00 2025, regDt=null, regId=demo, modDt=null, modId=demo]
[2025-06-27 11:45:57] [DEBUG] com.pcwk.ehr.drive.DriveResDaoTest - 데이터 준비왈료왈왈
[2025-06-27 11:45:57] [DEBUG] com.pcwk.ehr.mapper.DriveResMapper.doSave!selectKey - ==>  Preparing: SELECT DRIVE_RES_SEQ.NEXTVAL FROM DUAL
[2025-06-27 11:45:57] [DEBUG] com.pcwk.ehr.mapper.DriveResMapper.doSave!selectKey - ==> Parameters: 
[2025-06-27 11:45:57] [DEBUG] com.pcwk.ehr.mapper.DriveResMapper.doSave!selectKey - <==      Total: 1
[2025-06-27 11:45:57] [DEBUG] com.pcwk.ehr.mapper.DriveResMapper.doSave - ==>  Preparing: INSERT INTO drive_res ( res_no, id, name, phone, car_code, retailer_code, drive_date, reg_dt, reg_id, mod_dt, mod_id ) VALUES ( ?, ?, ?, ?, ?, ?, ?, SYSDATE, ?, SYSDATE, ? )
[2025-06-27 11:45:57] [DEBUG] com.pcwk.ehr.mapper.DriveResMapper.doSave - ==> Parameters: 1(Integer), user01(String), 가민경(String), 010-1111-2222(String), 101(Integer), 201(Integer), 2025-07-01 00:00:00.0(Timestamp), admin(String), admin(String)
[2025-06-27 11:45:57] [DEBUG] com.pcwk.ehr.drive.DriveResDaoTest - --------- @AfterEach ---------
[2025-06-27 11:46:24] [INFO ] org.springframework.test.context.support.DefaultTestContextBootstrapper - Loaded default TestExecutionListener class names from location [META-INF/spring.factories]: [org.springframework.test.context.web.ServletTestExecutionListener, org.springframework.test.context.support.DirtiesContextBeforeModesTestExecutionListener, org.springframework.test.context.event.ApplicationEventsTestExecutionListener, org.springframework.test.context.support.DependencyInjectionTestExecutionListener, org.springframework.test.context.support.DirtiesContextTestExecutionListener, org.springframework.test.context.transaction.TransactionalTestExecutionListener, org.springframework.test.context.jdbc.SqlScriptsTestExecutionListener, org.springframework.test.context.event.EventPublishingTestExecutionListener]
[2025-06-27 11:46:24] [INFO ] org.springframework.test.context.support.DefaultTestContextBootstrapper - Using TestExecutionListeners: [org.springframework.test.context.web.ServletTestExecutionListener@5117dd67, org.springframework.test.context.support.DirtiesContextBeforeModesTestExecutionListener@5be49b60, org.springframework.test.context.event.ApplicationEventsTestExecutionListener@2931522b, org.springframework.test.context.support.DependencyInjectionTestExecutionListener@7674b62c, org.springframework.test.context.support.DirtiesContextTestExecutionListener@19e7a160, org.springframework.test.context.transaction.TransactionalTestExecutionListener@662706a7, org.springframework.test.context.jdbc.SqlScriptsTestExecutionListener@45a4b042, org.springframework.test.context.event.EventPublishingTestExecutionListener@16b2bb0c]
[2025-06-27 11:46:25] [DEBUG] com.pcwk.ehr.repair.RepairResDaoTest - repair_res 테이블 초기화
[2025-06-27 11:46:25] [DEBUG] com.pcwk.ehr.cmn.PLog - RepairResDTO 생성: RepairResDTO [repairNo=0, id=user01, name=초보운전자, phone=010-1111-2222, carCode=1, retailerCode=1, repairDate=Wed Jul 02 00:00:00 GMT+09:00 2025, repairDesc=엔진 소음 점검, regDt=null, regId=admin, modDt=null, modId=admin]
[2025-06-27 11:46:25] [DEBUG] com.pcwk.ehr.cmn.PLog - RepairResDTO 생성: RepairResDTO [repairNo=0, id=user02, name=운전자, phone=010-1111-2222, carCode=1, retailerCode=1, repairDate=Wed Jul 02 00:00:00 GMT+09:00 2025, repairDesc=모름, regDt=null, regId=admin, modDt=null, modId=admin]
[2025-06-27 11:46:25] [DEBUG] com.pcwk.ehr.cmn.PLog - RepairResDTO 생성: RepairResDTO [repairNo=0, id=user03, name=나야나, phone=010-1111-2222, carCode=1, retailerCode=1, repairDate=Wed Jul 02 00:00:00 GMT+09:00 2025, repairDesc=점검, regDt=null, regId=admin, modDt=null, modId=admin]
[2025-06-27 11:46:25] [DEBUG] com.pcwk.ehr.repair.RepairResDaoTest - --------- ! 정비신청 준비완료 ! ---------
[2025-06-27 11:46:25] [DEBUG] com.pcwk.ehr.mapper.RepairResMapper.doSave!selectKey - ==>  Preparing: SELECT REPAIR_RES_SEQ.NEXTVAL FROM DUAL
[2025-06-27 11:46:25] [DEBUG] com.pcwk.ehr.mapper.RepairResMapper.doSave!selectKey - ==> Parameters: 
[2025-06-27 11:46:25] [DEBUG] com.pcwk.ehr.mapper.RepairResMapper.doSave!selectKey - <==      Total: 1
[2025-06-27 11:46:25] [DEBUG] com.pcwk.ehr.mapper.RepairResMapper.doSave - ==>  Preparing: INSERT INTO repair_res ( repair_no, id, name, phone, car_code, retailer_code, repair_date, repair_desc, reg_dt, reg_id, mod_dt, mod_id ) VALUES ( ?, ?, ?, ?, ?, ?, ?, ?, SYSDATE, ?, SYSDATE, ? )
[2025-06-27 11:46:25] [DEBUG] com.pcwk.ehr.mapper.RepairResMapper.doSave - ==> Parameters: 1(Integer), user01(String), 초보운전자(String), 010-1111-2222(String), 1(Integer), 1(Integer), 2025-07-02 00:00:00.0(Timestamp), 엔진 소음 점검(String), admin(String), admin(String)
[2025-06-27 11:46:25] [DEBUG] com.pcwk.ehr.mapper.RepairResMapper.doSave - <==    Updates: 1
[2025-06-27 11:46:25] [DEBUG] com.pcwk.ehr.mapper.RepairResMapper.doSave!selectKey - ==>  Preparing: SELECT REPAIR_RES_SEQ.NEXTVAL FROM DUAL
[2025-06-27 11:46:25] [DEBUG] com.pcwk.ehr.mapper.RepairResMapper.doSave!selectKey - ==> Parameters: 
[2025-06-27 11:46:25] [DEBUG] com.pcwk.ehr.mapper.RepairResMapper.doSave!selectKey - <==      Total: 1
[2025-06-27 11:46:25] [DEBUG] com.pcwk.ehr.mapper.RepairResMapper.doSave - ==>  Preparing: INSERT INTO repair_res ( repair_no, id, name, phone, car_code, retailer_code, repair_date, repair_desc, reg_dt, reg_id, mod_dt, mod_id ) VALUES ( ?, ?, ?, ?, ?, ?, ?, ?, SYSDATE, ?, SYSDATE, ? )
[2025-06-27 11:46:25] [DEBUG] com.pcwk.ehr.mapper.RepairResMapper.doSave - ==> Parameters: 2(Integer), user02(String), 운전자(String), 010-1111-2222(String), 1(Integer), 1(Integer), 2025-07-02 00:00:00.0(Timestamp), 모름(String), admin(String), admin(String)
[2025-06-27 11:46:25] [DEBUG] com.pcwk.ehr.mapper.RepairResMapper.doSave - <==    Updates: 1
[2025-06-27 11:46:25] [DEBUG] com.pcwk.ehr.mapper.RepairResMapper.doSave!selectKey - ==>  Preparing: SELECT REPAIR_RES_SEQ.NEXTVAL FROM DUAL
[2025-06-27 11:46:25] [DEBUG] com.pcwk.ehr.mapper.RepairResMapper.doSave!selectKey - ==> Parameters: 
[2025-06-27 11:46:26] [DEBUG] com.pcwk.ehr.mapper.RepairResMapper.doSave!selectKey - <==      Total: 1
[2025-06-27 11:46:26] [DEBUG] com.pcwk.ehr.mapper.RepairResMapper.doSave - ==>  Preparing: INSERT INTO repair_res ( repair_no, id, name, phone, car_code, retailer_code, repair_date, repair_desc, reg_dt, reg_id, mod_dt, mod_id ) VALUES ( ?, ?, ?, ?, ?, ?, ?, ?, SYSDATE, ?, SYSDATE, ? )
[2025-06-27 11:46:26] [DEBUG] com.pcwk.ehr.mapper.RepairResMapper.doSave - ==> Parameters: 3(Integer), user03(String), 나야나(String), 010-1111-2222(String), 1(Integer), 1(Integer), 2025-07-02 00:00:00.0(Timestamp), 점검(String), admin(String), admin(String)
[2025-06-27 11:46:26] [DEBUG] com.pcwk.ehr.mapper.RepairResMapper.doSave - <==    Updates: 1
[2025-06-27 11:46:26] [DEBUG] com.pcwk.ehr.mapper.RepairResMapper.doRetrieve - ==>  Preparing: SELECT * FROM repair_res ORDER BY reg_dt DESC
[2025-06-27 11:46:26] [DEBUG] com.pcwk.ehr.mapper.RepairResMapper.doRetrieve - ==> Parameters: 
[2025-06-27 11:46:26] [DEBUG] com.pcwk.ehr.cmn.PLog - RepairResDTO() 생성
[2025-06-27 11:46:26] [DEBUG] com.pcwk.ehr.cmn.PLog - RepairResDTO() 생성
[2025-06-27 11:46:26] [DEBUG] com.pcwk.ehr.cmn.PLog - RepairResDTO() 생성
[2025-06-27 11:46:26] [DEBUG] com.pcwk.ehr.mapper.RepairResMapper.doRetrieve - <==      Total: 3
[2025-06-27 11:46:26] [DEBUG] com.pcwk.ehr.repair.RepairResDaoTest - RepairResDTO [repairNo=2, id=user02, name=운전자, phone=010-1111-2222, carCode=1, retailerCode=1, repairDate=Wed Jul 02 00:00:00 GMT+09:00 2025, repairDesc=모름, regDt=Fri Jun 27 11:46:27 GMT+09:00 2025, regId=admin, modDt=Fri Jun 27 11:46:27 GMT+09:00 2025, modId=admin]
[2025-06-27 11:46:26] [DEBUG] com.pcwk.ehr.repair.RepairResDaoTest - RepairResDTO [repairNo=3, id=user03, name=나야나, phone=010-1111-2222, carCode=1, retailerCode=1, repairDate=Wed Jul 02 00:00:00 GMT+09:00 2025, repairDesc=점검, regDt=Fri Jun 27 11:46:27 GMT+09:00 2025, regId=admin, modDt=Fri Jun 27 11:46:27 GMT+09:00 2025, modId=admin]
[2025-06-27 11:46:26] [DEBUG] com.pcwk.ehr.repair.RepairResDaoTest - RepairResDTO [repairNo=1, id=user01, name=초보운전자, phone=010-1111-2222, carCode=1, retailerCode=1, repairDate=Wed Jul 02 00:00:00 GMT+09:00 2025, repairDesc=엔진 소음 점검, regDt=Fri Jun 27 11:46:27 GMT+09:00 2025, regId=admin, modDt=Fri Jun 27 11:46:27 GMT+09:00 2025, modId=admin]
[2025-06-27 11:46:26] [DEBUG] com.pcwk.ehr.repair.RepairResDaoTest - --------- @AfterEach ---------
[2025-06-27 11:48:59] [INFO ] org.springframework.test.context.support.DefaultTestContextBootstrapper - Loaded default TestExecutionListener class names from location [META-INF/spring.factories]: [org.springframework.test.context.web.ServletTestExecutionListener, org.springframework.test.context.support.DirtiesContextBeforeModesTestExecutionListener, org.springframework.test.context.event.ApplicationEventsTestExecutionListener, org.springframework.test.context.support.DependencyInjectionTestExecutionListener, org.springframework.test.context.support.DirtiesContextTestExecutionListener, org.springframework.test.context.transaction.TransactionalTestExecutionListener, org.springframework.test.context.jdbc.SqlScriptsTestExecutionListener, org.springframework.test.context.event.EventPublishingTestExecutionListener]
[2025-06-27 11:48:59] [INFO ] org.springframework.test.context.support.DefaultTestContextBootstrapper - Using TestExecutionListeners: [org.springframework.test.context.web.ServletTestExecutionListener@5117dd67, org.springframework.test.context.support.DirtiesContextBeforeModesTestExecutionListener@5be49b60, org.springframework.test.context.event.ApplicationEventsTestExecutionListener@2931522b, org.springframework.test.context.support.DependencyInjectionTestExecutionListener@7674b62c, org.springframework.test.context.support.DirtiesContextTestExecutionListener@19e7a160, org.springframework.test.context.transaction.TransactionalTestExecutionListener@662706a7, org.springframework.test.context.jdbc.SqlScriptsTestExecutionListener@45a4b042, org.springframework.test.context.event.EventPublishingTestExecutionListener@16b2bb0c]
[2025-06-27 11:49:01] [DEBUG] com.pcwk.ehr.drive.DriveResDaoTest - drive_res 테이블 초기화
[2025-06-27 11:49:01] [DEBUG] com.pcwk.ehr.cmn.PLog - DriveResDTO 생성: DriveResDTO [resNo=0, id=user01, name=가민경, phone=010-1111-2222, carCode=101, retailerCode=201, driveDate=Tue Jul 01 00:00:00 GMT+09:00 2025, regDt=null, regId=admin, modDt=null, modId=admin]
[2025-06-27 11:49:01] [DEBUG] com.pcwk.ehr.cmn.PLog - DriveResDTO 생성: DriveResDTO [resNo=0, id=user02, name=나민경, phone=010-2222-3333, carCode=102, retailerCode=202, driveDate=Tue Jul 01 00:00:00 GMT+09:00 2025, regDt=null, regId=tester, modDt=null, modId=tester]
[2025-06-27 11:49:01] [DEBUG] com.pcwk.ehr.cmn.PLog - DriveResDTO 생성: DriveResDTO [resNo=0, id=user03, name=다민경, phone=010-3333-4444, carCode=103, retailerCode=203, driveDate=Tue Jul 01 00:00:00 GMT+09:00 2025, regDt=null, regId=demo, modDt=null, modId=demo]
[2025-06-27 11:49:01] [DEBUG] com.pcwk.ehr.drive.DriveResDaoTest - 데이터 준비왈료왈왈
[2025-06-27 11:49:01] [DEBUG] com.pcwk.ehr.mapper.DriveResMapper.doSave!selectKey - ==>  Preparing: SELECT DRIVE_RES_SEQ.NEXTVAL FROM DUAL
[2025-06-27 11:49:01] [DEBUG] com.pcwk.ehr.mapper.DriveResMapper.doSave!selectKey - ==> Parameters: 
[2025-06-27 11:49:01] [DEBUG] com.pcwk.ehr.mapper.DriveResMapper.doSave!selectKey - <==      Total: 1
[2025-06-27 11:49:01] [DEBUG] com.pcwk.ehr.mapper.DriveResMapper.doSave - ==>  Preparing: INSERT INTO drive_res ( res_no, id, name, phone, car_code, retailer_code, drive_date, reg_dt, reg_id, mod_dt, mod_id ) VALUES ( ?, ?, ?, ?, ?, ?, ?, SYSDATE, ?, SYSDATE, ? )
[2025-06-27 11:49:01] [DEBUG] com.pcwk.ehr.mapper.DriveResMapper.doSave - ==> Parameters: 2(Integer), user01(String), 가민경(String), 010-1111-2222(String), 101(Integer), 201(Integer), 2025-07-01 00:00:00.0(Timestamp), admin(String), admin(String)
[2025-06-27 11:49:01] [DEBUG] com.pcwk.ehr.drive.DriveResDaoTest - --------- @AfterEach ---------
[2025-06-27 11:58:53] [INFO ] org.springframework.test.context.support.DefaultTestContextBootstrapper - Loaded default TestExecutionListener class names from location [META-INF/spring.factories]: [org.springframework.test.context.web.ServletTestExecutionListener, org.springframework.test.context.support.DirtiesContextBeforeModesTestExecutionListener, org.springframework.test.context.event.ApplicationEventsTestExecutionListener, org.springframework.test.context.support.DependencyInjectionTestExecutionListener, org.springframework.test.context.support.DirtiesContextTestExecutionListener, org.springframework.test.context.transaction.TransactionalTestExecutionListener, org.springframework.test.context.jdbc.SqlScriptsTestExecutionListener, org.springframework.test.context.event.EventPublishingTestExecutionListener]
[2025-06-27 11:58:53] [INFO ] org.springframework.test.context.support.DefaultTestContextBootstrapper - Using TestExecutionListeners: [org.springframework.test.context.web.ServletTestExecutionListener@5117dd67, org.springframework.test.context.support.DirtiesContextBeforeModesTestExecutionListener@5be49b60, org.springframework.test.context.event.ApplicationEventsTestExecutionListener@2931522b, org.springframework.test.context.support.DependencyInjectionTestExecutionListener@7674b62c, org.springframework.test.context.support.DirtiesContextTestExecutionListener@19e7a160, org.springframework.test.context.transaction.TransactionalTestExecutionListener@662706a7, org.springframework.test.context.jdbc.SqlScriptsTestExecutionListener@45a4b042, org.springframework.test.context.event.EventPublishingTestExecutionListener@16b2bb0c]
[2025-06-27 11:58:55] [DEBUG] com.pcwk.ehr.drive.DriveResDaoTest - drive_res 테이블 초기화
[2025-06-27 11:58:55] [DEBUG] com.pcwk.ehr.cmn.PLog - DriveResDTO 생성: DriveResDTO [resNo=0, id=user01, name=가민경, phone=010-1111-2222, carCode=101, retailerCode=201, driveDate=Tue Jul 01 00:00:00 GMT+09:00 2025, regDt=null, regId=admin, modDt=null, modId=admin]
[2025-06-27 11:58:55] [DEBUG] com.pcwk.ehr.cmn.PLog - DriveResDTO 생성: DriveResDTO [resNo=0, id=user02, name=나민경, phone=010-2222-3333, carCode=102, retailerCode=202, driveDate=Tue Jul 01 00:00:00 GMT+09:00 2025, regDt=null, regId=tester, modDt=null, modId=tester]
[2025-06-27 11:58:55] [DEBUG] com.pcwk.ehr.cmn.PLog - DriveResDTO 생성: DriveResDTO [resNo=0, id=user03, name=다민경, phone=010-3333-4444, carCode=103, retailerCode=203, driveDate=Tue Jul 01 00:00:00 GMT+09:00 2025, regDt=null, regId=demo, modDt=null, modId=demo]
[2025-06-27 11:58:55] [DEBUG] com.pcwk.ehr.drive.DriveResDaoTest - 데이터 준비왈료왈왈
[2025-06-27 11:58:55] [DEBUG] com.pcwk.ehr.mapper.DriveResMapper.doSave!selectKey - ==>  Preparing: SELECT DRIVE_RES_SEQ.NEXTVAL FROM DUAL
[2025-06-27 11:58:55] [DEBUG] com.pcwk.ehr.mapper.DriveResMapper.doSave!selectKey - ==> Parameters: 
[2025-06-27 11:58:55] [DEBUG] com.pcwk.ehr.mapper.DriveResMapper.doSave!selectKey - <==      Total: 1
[2025-06-27 11:58:55] [DEBUG] com.pcwk.ehr.mapper.DriveResMapper.doSave - ==>  Preparing: INSERT INTO drive_res ( res_no, id, name, phone, car_code, retailer_code, drive_date, reg_dt, reg_id, mod_dt, mod_id ) VALUES ( ?, ?, ?, ?, ?, ?, ?, SYSDATE, ?, SYSDATE, ? )
[2025-06-27 11:58:55] [DEBUG] com.pcwk.ehr.mapper.DriveResMapper.doSave - ==> Parameters: 3(Integer), user01(String), 가민경(String), 010-1111-2222(String), 101(Integer), 201(Integer), 2025-07-01 00:00:00.0(Timestamp), admin(String), admin(String)
[2025-06-27 11:58:55] [DEBUG] com.pcwk.ehr.drive.DriveResDaoTest - --------- @AfterEach ---------
